<?xml version="1.0" encoding="utf-8"?>
<test-run id="2" testcasecount="161" result="Passed" total="161" passed="161" failed="0" inconclusive="0" skipped="0" asserts="0" engine-version="3.5.0.0" clr-version="4.0.30319.42000" start-time="2026-08-01 18:48:18Z" end-time="2026-08-01 18:48:19Z" duration="0.7521136">
  <test-suite type="TestSuite" id="1000" name="Time Key Unity Slice" fullname="Time Key Unity Slice" runstate="Runnable" testcasecount="161" result="Passed" start-time="2026-08-01 18:48:18Z" end-time="2026-08-01 18:48:19Z" duration="0.752114" total="161" passed="161" failed="0" inconclusive="0" skipped="0" asserts="0">
    <properties>
      <property name="platform" value="EditMode" />
    </properties>
    <test-suite type="Assembly" id="1141" name="TimeKey.Tests.EditMode.dll" fullname="D:/timekey-unity-731/Library/ScriptAssemblies/TimeKey.Tests.EditMode.dll" runstate="Runnable" testcasecount="120" result="Passed" start-time="2026-08-01 18:48:18Z" end-time="2026-08-01 18:48:19Z" duration="0.685732" total="120" passed="120" failed="0" inconclusive="0" skipped="0" asserts="0">
      <properties>
        <property name="_PID" value="59660" />
        <property name="_APPDOMAIN" value="Unity Child Domain" />
        <property name="platform" value="EditMode" />
        <property name="EditorOnly" value="True" />
      </properties>
      <test-suite type="TestSuite" id="1142" name="TimeKey" fullname="TimeKey" runstate="Runnable" testcasecount="120" result="Passed" start-time="2026-08-01 18:48:18Z" end-time="2026-08-01 18:48:19Z" duration="0.685455" total="120" passed="120" failed="0" inconclusive="0" skipped="0" asserts="0">
        <properties />
        <test-suite type="TestSuite" id="1143" name="Tests" fullname="TimeKey.Tests" runstate="Runnable" testcasecount="120" result="Passed" start-time="2026-08-01 18:48:18Z" end-time="2026-08-01 18:48:19Z" duration="0.685387" total="120" passed="120" failed="0" inconclusive="0" skipped="0" asserts="0">
          <properties />
          <test-suite type="TestSuite" id="1144" name="EditMode" fullname="TimeKey.Tests.EditMode" runstate="Runnable" testcasecount="120" result="Passed" start-time="2026-08-01 18:48:18Z" end-time="2026-08-01 18:48:19Z" duration="0.685269" total="120" passed="120" failed="0" inconclusive="0" skipped="0" asserts="0">
            <properties />
            <test-suite type="TestSuite" id="1150" name="Application" fullname="TimeKey.Tests.EditMode.Application" runstate="Runnable" testcasecount="25" result="Passed" start-time="2026-08-01 18:48:18Z" end-time="2026-08-01 18:48:18Z" duration="0.086875" total="25" passed="25" failed="0" inconclusive="0" skipped="0" asserts="0">
              <properties />
              <test-suite type="TestFixture" id="1115" name="CombatApplicationSessionTests" fullname="TimeKey.Tests.EditMode.Application.CombatApplicationSessionTests" classname="TimeKey.Tests.EditMode.Application.CombatApplicationSessionTests" runstate="Runnable" testcasecount="25" result="Passed" start-time="2026-08-01 18:48:18Z" end-time="2026-08-01 18:48:18Z" duration="0.085949" total="25" passed="25" failed="0" inconclusive="0" skipped="0" asserts="0">
                <properties />
                <test-case id="1123" name="BuiltPath_RequiresEmptyTileAndCreatesTowerThroughApplication" fullname="TimeKey.Tests.EditMode.Application.CombatApplicationSessionTests.BuiltPath_RequiresEmptyTileAndCreatesTowerThroughApplication" methodname="BuiltPath_RequiresEmptyTileAndCreatesTowerThroughApplication" classname="TimeKey.Tests.EditMode.Application.CombatApplicationSessionTests" runstate="Runnable" seed="343791689" result="Passed" start-time="2026-08-01 18:48:18Z" end-time="2026-08-01 18:48:18Z" duration="0.043599" asserts="0">
                  <properties>
                    <property name="retryIteration" value="0" />
                    <property name="repeatIteration" value="0" />
                  </properties>
                </test-case>
                <test-case id="1136" name="CancelIsIdempotentUntilASelectionIsCommitted" fullname="TimeKey.Tests.EditMode.Application.CombatApplicationSessionTests.CancelIsIdempotentUntilASelectionIsCommitted" methodname="CancelIsIdempotentUntilASelectionIsCommitted" classname="TimeKey.Tests.EditMode.Application.CombatApplicationSessionTests" runstate="Runnable" seed="50478418" result="Passed" start-time="2026-08-01 18:48:18Z" end-time="2026-08-01 18:48:18Z" duration="0.001613" asserts="0">
                  <properties>
                    <property name="retryIteration" value="0" />
                    <property name="repeatIteration" value="0" />
                  </properties>
                </test-case>
                <test-case id="1128" name="ClearOutOfBoundsAndCancelArePureWhileRepeatedPreviewStaysDeterministic" fullname="TimeKey.Tests.EditMode.Application.CombatApplicationSessionTests.ClearOutOfBoundsAndCancelArePureWhileRepeatedPreviewStaysDeterministic" methodname="ClearOutOfBoundsAndCancelArePureWhileRepeatedPreviewStaysDeterministic" classname="TimeKey.Tests.EditMode.Application.CombatApplicationSessionTests" runstate="Runnable" seed="326672832" result="Passed" start-time="2026-08-01 18:48:18Z" end-time="2026-08-01 18:48:18Z" duration="0.005153" asserts="0">
                  <properties>
                    <property name="retryIteration" value="0" />
                    <property name="repeatIteration" value="0" />
                  </properties>
                </test-case>
                <test-case id="1135" name="CommitDetectsConcurrentTimelineMutationWithoutAdditionalPlacement" fullname="TimeKey.Tests.EditMode.Application.CombatApplicationSessionTests.CommitDetectsConcurrentTimelineMutationWithoutAdditionalPlacement" methodname="CommitDetectsConcurrentTimelineMutationWithoutAdditionalPlacement" classname="TimeKey.Tests.EditMode.Application.CombatApplicationSessionTests" runstate="Runnable" seed="1202277977" result="Passed" start-time="2026-08-01 18:48:18Z" end-time="2026-08-01 18:48:18Z" duration="0.000612" asserts="0">
                  <properties>
                    <property name="retryIteration" value="0" />
                    <property name="repeatIteration" value="0" />
                  </properties>
                </test-case>
                <test-case id="1140" name="DisposeIsIdempotentAndFurtherCommandsFailWithoutMutation" fullname="TimeKey.Tests.EditMode.Application.CombatApplicationSessionTests.DisposeIsIdempotentAndFurtherCommandsFailWithoutMutation" methodname="DisposeIsIdempotentAndFurtherCommandsFailWithoutMutation" classname="TimeKey.Tests.EditMode.Application.CombatApplicationSessionTests" runstate="Runnable" seed="1578430307" result="Passed" start-time="2026-08-01 18:48:18Z" end-time="2026-08-01 18:48:18Z" duration="0.000630" asserts="0">
                  <properties>
                    <property name="retryIteration" value="0" />
                    <property name="repeatIteration" value="0" />
                  </properties>
                </test-case>
                <test-case id="1117" name="EarthquakePath_UsesTypedTileTargetAndRaisesSevenTilesByTwo" fullname="TimeKey.Tests.EditMode.Application.CombatApplicationSessionTests.EarthquakePath_UsesTypedTileTargetAndRaisesSevenTilesByTwo" methodname="EarthquakePath_UsesTypedTileTargetAndRaisesSevenTilesByTwo" classname="TimeKey.Tests.EditMode.Application.CombatApplicationSessionTests" runstate="Runnable" seed="702701280" result="Passed" start-time="2026-08-01 18:48:18Z" end-time="2026-08-01 18:48:18Z" duration="0.004083" asserts="0">
                  <properties>
                    <property name="retryIteration" value="0" />
                    <property name="repeatIteration" value="0" />
                  </properties>
                </test-case>
                <test-case id="1129" name="EmptyClearSucceedsWithoutOrdinaryCommitOrResolve" fullname="TimeKey.Tests.EditMode.Application.CombatApplicationSessionTests.EmptyClearSucceedsWithoutOrdinaryCommitOrResolve" methodname="EmptyClearSucceedsWithoutOrdinaryCommitOrResolve" classname="TimeKey.Tests.EditMode.Application.CombatApplicationSessionTests" runstate="Runnable" seed="1250324991" result="Passed" start-time="2026-08-01 18:48:18Z" end-time="2026-08-01 18:48:18Z" duration="0.000836" asserts="0">
                  <properties>
                    <property name="retryIteration" value="0" />
                    <property name="repeatIteration" value="0" />
                  </properties>
                </test-case>
                <test-case id="1131" name="InvalidCommandOrderReturnsStructuredFailuresWithoutMutation" fullname="TimeKey.Tests.EditMode.Application.CombatApplicationSessionTests.InvalidCommandOrderReturnsStructuredFailuresWithoutMutation" methodname="InvalidCommandOrderReturnsStructuredFailuresWithoutMutation" classname="TimeKey.Tests.EditMode.Application.CombatApplicationSessionTests" runstate="Runnable" seed="1617067698" result="Passed" start-time="2026-08-01 18:48:18Z" end-time="2026-08-01 18:48:18Z" duration="0.000445" asserts="0">
                  <properties>
                    <property name="retryIteration" value="0" />
                    <property name="repeatIteration" value="0" />
                  </properties>
                </test-case>
                <test-case id="1137" name="InvalidEffectPayloadFailsExplicitlyBeforeOccupyingTimelineAndIsTraced" fullname="TimeKey.Tests.EditMode.Application.CombatApplicationSessionTests.InvalidEffectPayloadFailsExplicitlyBeforeOccupyingTimelineAndIsTraced" methodname="InvalidEffectPayloadFailsExplicitlyBeforeOccupyingTimelineAndIsTraced" classname="TimeKey.Tests.EditMode.Application.CombatApplicationSessionTests" runstate="Runnable" seed="1459533674" result="Passed" start-time="2026-08-01 18:48:18Z" end-time="2026-08-01 18:48:18Z" duration="0.001227" asserts="0">
                  <properties>
                    <property name="retryIteration" value="0" />
                    <property name="repeatIteration" value="0" />
                  </properties>
                </test-case>
                <test-case id="1116" name="LightingPath_SelectsTargetsCommitsAndResolvesThroughApplication" fullname="TimeKey.Tests.EditMode.Application.CombatApplicationSessionTests.LightingPath_SelectsTargetsCommitsAndResolvesThroughApplication" methodname="LightingPath_SelectsTargetsCommitsAndResolvesThroughApplication" classname="TimeKey.Tests.EditMode.Application.CombatApplicationSessionTests" runstate="Runnable" seed="227660813" result="Passed" start-time="2026-08-01 18:48:18Z" end-time="2026-08-01 18:48:18Z" duration="0.001174" asserts="0">
                  <properties>
                    <property name="retryIteration" value="0" />
                    <property name="repeatIteration" value="0" />
                  </properties>
                </test-case>
                <test-case id="1130" name="OrdinaryCardRejectsClearCommandsWithoutChangingItsSession" fullname="TimeKey.Tests.EditMode.Application.CombatApplicationSessionTests.OrdinaryCardRejectsClearCommandsWithoutChangingItsSession" methodname="OrdinaryCardRejectsClearCommandsWithoutChangingItsSession" classname="TimeKey.Tests.EditMode.Application.CombatApplicationSessionTests" runstate="Runnable" seed="967541198" result="Passed" start-time="2026-08-01 18:48:18Z" end-time="2026-08-01 18:48:18Z" duration="0.000589" asserts="0">
                  <properties>
                    <property name="retryIteration" value="0" />
                    <property name="repeatIteration" value="0" />
                  </properties>
                </test-case>
                <test-case id="1124" name="PoisonPath_RequiresLivingStatusOccupantAndAccumulatesStacks" fullname="TimeKey.Tests.EditMode.Application.CombatApplicationSessionTests.PoisonPath_RequiresLivingStatusOccupantAndAccumulatesStacks" methodname="PoisonPath_RequiresLivingStatusOccupantAndAccumulatesStacks" classname="TimeKey.Tests.EditMode.Application.CombatApplicationSessionTests" runstate="Runnable" seed="649548868" result="Passed" start-time="2026-08-01 18:48:18Z" end-time="2026-08-01 18:48:18Z" duration="0.001260" asserts="0">
                  <properties>
                    <property name="retryIteration" value="0" />
                    <property name="repeatIteration" value="0" />
                  </properties>
                </test-case>
                <test-case id="1125" name="PoisonSelection_RejectsDeadOrStatusUnsupportedOccupant" fullname="TimeKey.Tests.EditMode.Application.CombatApplicationSessionTests.PoisonSelection_RejectsDeadOrStatusUnsupportedOccupant" methodname="PoisonSelection_RejectsDeadOrStatusUnsupportedOccupant" classname="TimeKey.Tests.EditMode.Application.CombatApplicationSessionTests" runstate="Runnable" seed="178019745" result="Passed" start-time="2026-08-01 18:48:18Z" end-time="2026-08-01 18:48:18Z" duration="0.000582" asserts="0">
                  <properties>
                    <property name="retryIteration" value="0" />
                    <property name="repeatIteration" value="0" />
                  </properties>
                </test-case>
                <test-case id="1133" name="PreviewRequiresTargetAndInvalidOriginDoesNotOccupyTimeline" fullname="TimeKey.Tests.EditMode.Application.CombatApplicationSessionTests.PreviewRequiresTargetAndInvalidOriginDoesNotOccupyTimeline" methodname="PreviewRequiresTargetAndInvalidOriginDoesNotOccupyTimeline" classname="TimeKey.Tests.EditMode.Application.CombatApplicationSessionTests" runstate="Runnable" seed="541041739" result="Passed" start-time="2026-08-01 18:48:18Z" end-time="2026-08-01 18:48:18Z" duration="0.000585" asserts="0">
                  <properties>
                    <property name="retryIteration" value="0" />
                    <property name="repeatIteration" value="0" />
                  </properties>
                </test-case>
                <test-case id="1118" name="RecoverPath_RequiresExactOccupantAndResolvesClampedBeforeAfterResult" fullname="TimeKey.Tests.EditMode.Application.CombatApplicationSessionTests.RecoverPath_RequiresExactOccupantAndResolvesClampedBeforeAfterResult" methodname="RecoverPath_RequiresExactOccupantAndResolvesClampedBeforeAfterResult" classname="TimeKey.Tests.EditMode.Application.CombatApplicationSessionTests" runstate="Runnable" seed="342730187" result="Passed" start-time="2026-08-01 18:48:18Z" end-time="2026-08-01 18:48:18Z" duration="0.001406" asserts="0">
                  <properties>
                    <property name="retryIteration" value="0" />
                    <property name="repeatIteration" value="0" />
                  </properties>
                </test-case>
                <test-case id="1122" name="RecoverResolve_RevalidatesDisappearanceAndFullHealthWithoutMutation" fullname="TimeKey.Tests.EditMode.Application.CombatApplicationSessionTests.RecoverResolve_RevalidatesDisappearanceAndFullHealthWithoutMutation" methodname="RecoverResolve_RevalidatesDisappearanceAndFullHealthWithoutMutation" classname="TimeKey.Tests.EditMode.Application.CombatApplicationSessionTests" runstate="Runnable" seed="1044926458" result="Passed" start-time="2026-08-01 18:48:18Z" end-time="2026-08-01 18:48:18Z" duration="0.000973" asserts="0">
                  <properties>
                    <property name="retryIteration" value="0" />
                    <property name="repeatIteration" value="0" />
                  </properties>
                </test-case>
                <test-case id="1120" name="RecoverSelection_AllowsExistingZeroHpOccupant" fullname="TimeKey.Tests.EditMode.Application.CombatApplicationSessionTests.RecoverSelection_AllowsExistingZeroHpOccupant" methodname="RecoverSelection_AllowsExistingZeroHpOccupant" classname="TimeKey.Tests.EditMode.Application.CombatApplicationSessionTests" runstate="Runnable" seed="424084739" result="Passed" start-time="2026-08-01 18:48:18Z" end-time="2026-08-01 18:48:18Z" duration="0.000354" asserts="0">
                  <properties>
                    <property name="retryIteration" value="0" />
                    <property name="repeatIteration" value="0" />
                  </properties>
                </test-case>
                <test-case id="1119" name="RecoverSelection_RejectsFullHealthIdMismatchCoordMismatchAndMissingRange" fullname="TimeKey.Tests.EditMode.Application.CombatApplicationSessionTests.RecoverSelection_RejectsFullHealthIdMismatchCoordMismatchAndMissingRange" methodname="RecoverSelection_RejectsFullHealthIdMismatchCoordMismatchAndMissingRange" classname="TimeKey.Tests.EditMode.Application.CombatApplicationSessionTests" runstate="Runnable" seed="873188246" result="Passed" start-time="2026-08-01 18:48:18Z" end-time="2026-08-01 18:48:18Z" duration="0.000624" asserts="0">
                  <properties>
                    <property name="retryIteration" value="0" />
                    <property name="repeatIteration" value="0" />
                  </properties>
                </test-case>
                <test-case id="1121" name="RecoverSelection_UsesMatchingOccupantInsteadOfLegacyPrimaryTargetOnly" fullname="TimeKey.Tests.EditMode.Application.CombatApplicationSessionTests.RecoverSelection_UsesMatchingOccupantInsteadOfLegacyPrimaryTargetOnly" methodname="RecoverSelection_UsesMatchingOccupantInsteadOfLegacyPrimaryTargetOnly" classname="TimeKey.Tests.EditMode.Application.CombatApplicationSessionTests" runstate="Runnable" seed="767676365" result="Passed" start-time="2026-08-01 18:48:18Z" end-time="2026-08-01 18:48:18Z" duration="0.000427" asserts="0">
                  <properties>
                    <property name="retryIteration" value="0" />
                    <property name="repeatIteration" value="0" />
                  </properties>
                </test-case>
                <test-case id="1138" name="RepeatedPreviewCommitAndResolveDoNotDuplicateMutation" fullname="TimeKey.Tests.EditMode.Application.CombatApplicationSessionTests.RepeatedPreviewCommitAndResolveDoNotDuplicateMutation" methodname="RepeatedPreviewCommitAndResolveDoNotDuplicateMutation" classname="TimeKey.Tests.EditMode.Application.CombatApplicationSessionTests" runstate="Runnable" seed="549545230" result="Passed" start-time="2026-08-01 18:48:18Z" end-time="2026-08-01 18:48:18Z" duration="0.000411" asserts="0">
                  <properties>
                    <property name="retryIteration" value="0" />
                    <property name="repeatIteration" value="0" />
                  </properties>
                </test-case>
                <test-case id="1134" name="SelectingSecondCardReplacesUncommittedSelectionWithoutPresentationEvents" fullname="TimeKey.Tests.EditMode.Application.CombatApplicationSessionTests.SelectingSecondCardReplacesUncommittedSelectionWithoutPresentationEvents" methodname="SelectingSecondCardReplacesUncommittedSelectionWithoutPresentationEvents" classname="TimeKey.Tests.EditMode.Application.CombatApplicationSessionTests" runstate="Runnable" seed="772966520" result="Passed" start-time="2026-08-01 18:48:18Z" end-time="2026-08-01 18:48:18Z" duration="0.000649" asserts="0">
                  <properties>
                    <property name="retryIteration" value="0" />
                    <property name="repeatIteration" value="0" />
                  </properties>
                </test-case>
                <test-case id="1132" name="SelectTargetRejectsWrongKindUnknownEntityAndMissingTile" fullname="TimeKey.Tests.EditMode.Application.CombatApplicationSessionTests.SelectTargetRejectsWrongKindUnknownEntityAndMissingTile" methodname="SelectTargetRejectsWrongKindUnknownEntityAndMissingTile" classname="TimeKey.Tests.EditMode.Application.CombatApplicationSessionTests" runstate="Runnable" seed="1074194281" result="Passed" start-time="2026-08-01 18:48:18Z" end-time="2026-08-01 18:48:18Z" duration="0.000418" asserts="0">
                  <properties>
                    <property name="retryIteration" value="0" />
                    <property name="repeatIteration" value="0" />
                  </properties>
                </test-case>
                <test-case id="1127" name="TornadoClear_UsesTypedTwelveByOneMaskAndClearsEnemyIntent" fullname="TimeKey.Tests.EditMode.Application.CombatApplicationSessionTests.TornadoClear_UsesTypedTwelveByOneMaskAndClearsEnemyIntent" methodname="TornadoClear_UsesTypedTwelveByOneMaskAndClearsEnemyIntent" classname="TimeKey.Tests.EditMode.Application.CombatApplicationSessionTests" runstate="Runnable" seed="610616377" result="Passed" start-time="2026-08-01 18:48:18Z" end-time="2026-08-01 18:48:18Z" duration="0.001672" asserts="0">
                  <properties>
                    <property name="retryIteration" value="0" />
                    <property name="repeatIteration" value="0" />
                  </properties>
                </test-case>
                <test-case id="1139" name="TraceSinkCannotChangeGameplayResult" fullname="TimeKey.Tests.EditMode.Application.CombatApplicationSessionTests.TraceSinkCannotChangeGameplayResult" methodname="TraceSinkCannotChangeGameplayResult" classname="TimeKey.Tests.EditMode.Application.CombatApplicationSessionTests" runstate="Runnable" seed="346214695" result="Passed" start-time="2026-08-01 18:48:18Z" end-time="2026-08-01 18:48:18Z" duration="0.001910" asserts="0">
                  <properties>
                    <property name="retryIteration" value="0" />
                    <property name="repeatIteration" value="0" />
                  </properties>
                </test-case>
                <test-case id="1126" name="WindClear_SelectsNoMapTargetPreviewsThreeStatesAndCommitsImmediately" fullname="TimeKey.Tests.EditMode.Application.CombatApplicationSessionTests.WindClear_SelectsNoMapTargetPreviewsThreeStatesAndCommitsImmediately" methodname="WindClear_SelectsNoMapTargetPreviewsThreeStatesAndCommitsImmediately" classname="TimeKey.Tests.EditMode.Application.CombatApplicationSessionTests" runstate="Runnable" seed="349154474" result="Passed" start-time="2026-08-01 18:48:18Z" end-time="2026-08-01 18:48:18Z" duration="0.001191" asserts="0">
                  <properties>
                    <property name="retryIteration" value="0" />
                    <property name="repeatIteration" value="0" />
                  </properties>
                </test-case>
              </test-suite>
            </test-suite>
            <test-suite type="TestFixture" id="1001" name="CardPlaySessionTests" fullname="TimeKey.Tests.EditMode.CardPlaySessionTests" classname="TimeKey.Tests.EditMode.CardPlaySessionTests" runstate="Runnable" testcasecount="12" result="Passed" start-time="2026-08-01 18:48:18Z" end-time="2026-08-01 18:48:18Z" duration="0.007538" total="12" passed="12" failed="0" inconclusive="0" skipped="0" asserts="0">
              <properties />
              <test-case id="1013" name="Cancel_AfterPreviewIsIdempotentAndPreventsCommit" fullname="TimeKey.Tests.EditMode.CardPlaySessionTests.Cancel_AfterPreviewIsIdempotentAndPreventsCommit" methodname="Cancel_AfterPreviewIsIdempotentAndPreventsCommit" classname="TimeKey.Tests.EditMode.CardPlaySessionTests" runstate="Runnable" seed="1041497255" result="Passed" start-time="2026-08-01 18:48:18Z" end-time="2026-08-01 18:48:18Z" duration="0.000946" asserts="0">
                <properties>
                  <property name="retryIteration" value="0" />
                  <property name="repeatIteration" value="0" />
                </properties>
              </test-case>
              <test-case id="1012" name="Commit_RepeatedCallDoesNotPlaceActionTwice" fullname="TimeKey.Tests.EditMode.CardPlaySessionTests.Commit_RepeatedCallDoesNotPlaceActionTwice" methodname="Commit_RepeatedCallDoesNotPlaceActionTwice" classname="TimeKey.Tests.EditMode.CardPlaySessionTests" runstate="Runnable" seed="1386128766" result="Passed" start-time="2026-08-01 18:48:18Z" end-time="2026-08-01 18:48:18Z" duration="0.000487" asserts="0">
                <properties>
                  <property name="retryIteration" value="0" />
                  <property name="repeatIteration" value="0" />
                </properties>
              </test-case>
              <test-case id="1011" name="Commit_WhenTimelineChangesAfterPreviewFailsWithoutAdditionalMutation" fullname="TimeKey.Tests.EditMode.CardPlaySessionTests.Commit_WhenTimelineChangesAfterPreviewFailsWithoutAdditionalMutation" methodname="Commit_WhenTimelineChangesAfterPreviewFailsWithoutAdditionalMutation" classname="TimeKey.Tests.EditMode.CardPlaySessionTests" runstate="Runnable" seed="106479247" result="Passed" start-time="2026-08-01 18:48:18Z" end-time="2026-08-01 18:48:18Z" duration="0.000593" asserts="0">
                <properties>
                  <property name="retryIteration" value="0" />
                  <property name="repeatIteration" value="0" />
                </properties>
              </test-case>
              <test-case id="1002" name="LegalPath_CommitsLightingWithStableTargetAndDamage" fullname="TimeKey.Tests.EditMode.CardPlaySessionTests.LegalPath_CommitsLightingWithStableTargetAndDamage" methodname="LegalPath_CommitsLightingWithStableTargetAndDamage" classname="TimeKey.Tests.EditMode.CardPlaySessionTests" runstate="Runnable" seed="909465213" result="Passed" start-time="2026-08-01 18:48:18Z" end-time="2026-08-01 18:48:18Z" duration="0.001093" asserts="0">
                <properties>
                  <property name="retryIteration" value="0" />
                  <property name="repeatIteration" value="0" />
                </properties>
              </test-case>
              <test-case id="1009" name="PreviewTimeline_ConflictIsInvalidAndDoesNotMutateGrid" fullname="TimeKey.Tests.EditMode.CardPlaySessionTests.PreviewTimeline_ConflictIsInvalidAndDoesNotMutateGrid" methodname="PreviewTimeline_ConflictIsInvalidAndDoesNotMutateGrid" classname="TimeKey.Tests.EditMode.CardPlaySessionTests" runstate="Runnable" seed="1197622808" result="Passed" start-time="2026-08-01 18:48:18Z" end-time="2026-08-01 18:48:18Z" duration="0.000568" asserts="0">
                <properties>
                  <property name="retryIteration" value="0" />
                  <property name="repeatIteration" value="0" />
                </properties>
              </test-case>
              <test-suite type="ParameterizedMethod" id="1008" name="PreviewTimeline_OutOfBoundsIsInvalidAndDoesNotMutateGrid" fullname="TimeKey.Tests.EditMode.CardPlaySessionTests.PreviewTimeline_OutOfBoundsIsInvalidAndDoesNotMutateGrid" classname="TimeKey.Tests.EditMode.CardPlaySessionTests" runstate="Runnable" testcasecount="4" result="Passed" start-time="2026-08-01 18:48:18Z" end-time="2026-08-01 18:48:18Z" duration="0.001618" total="4" passed="4" failed="0" inconclusive="0" skipped="0" asserts="0">
                <properties />
                <test-case id="1004" name="PreviewTimeline_OutOfBoundsIsInvalidAndDoesNotMutateGrid(-1,0)" fullname="TimeKey.Tests.EditMode.CardPlaySessionTests.PreviewTimeline_OutOfBoundsIsInvalidAndDoesNotMutateGrid(-1,0)" methodname="PreviewTimeline_OutOfBoundsIsInvalidAndDoesNotMutateGrid" classname="TimeKey.Tests.EditMode.CardPlaySessionTests" runstate="Runnable" seed="521786293" result="Passed" start-time="2026-08-01 18:48:18Z" end-time="2026-08-01 18:48:18Z" duration="0.000802" asserts="0">
                  <properties>
                    <property name="retryIteration" value="0" />
                    <property name="repeatIteration" value="0" />
                  </properties>
                </test-case>
                <test-case id="1005" name="PreviewTimeline_OutOfBoundsIsInvalidAndDoesNotMutateGrid(12,0)" fullname="TimeKey.Tests.EditMode.CardPlaySessionTests.PreviewTimeline_OutOfBoundsIsInvalidAndDoesNotMutateGrid(12,0)" methodname="PreviewTimeline_OutOfBoundsIsInvalidAndDoesNotMutateGrid" classname="TimeKey.Tests.EditMode.CardPlaySessionTests" runstate="Runnable" seed="1741343482" result="Passed" start-time="2026-08-01 18:48:18Z" end-time="2026-08-01 18:48:18Z" duration="0.000129" asserts="0">
                  <properties>
                    <property name="retryIteration" value="0" />
                    <property name="repeatIteration" value="0" />
                  </properties>
                </test-case>
                <test-case id="1006" name="PreviewTimeline_OutOfBoundsIsInvalidAndDoesNotMutateGrid(0,-1)" fullname="TimeKey.Tests.EditMode.CardPlaySessionTests.PreviewTimeline_OutOfBoundsIsInvalidAndDoesNotMutateGrid(0,-1)" methodname="PreviewTimeline_OutOfBoundsIsInvalidAndDoesNotMutateGrid" classname="TimeKey.Tests.EditMode.CardPlaySessionTests" runstate="Runnable" seed="467786933" result="Passed" start-time="2026-08-01 18:48:18Z" end-time="2026-08-01 18:48:18Z" duration="0.000065" asserts="0">
                  <properties>
                    <property name="retryIteration" value="0" />
                    <property name="repeatIteration" value="0" />
                  </properties>
                </test-case>
                <test-case id="1007" name="PreviewTimeline_OutOfBoundsIsInvalidAndDoesNotMutateGrid(0,3)" fullname="TimeKey.Tests.EditMode.CardPlaySessionTests.PreviewTimeline_OutOfBoundsIsInvalidAndDoesNotMutateGrid(0,3)" methodname="PreviewTimeline_OutOfBoundsIsInvalidAndDoesNotMutateGrid" classname="TimeKey.Tests.EditMode.CardPlaySessionTests" runstate="Runnable" seed="1557991527" result="Passed" start-time="2026-08-01 18:48:18Z" end-time="2026-08-01 18:48:18Z" duration="0.000042" asserts="0">
                  <properties>
                    <property name="retryIteration" value="0" />
                    <property name="repeatIteration" value="0" />
                  </properties>
                </test-case>
              </test-suite>
              <test-case id="1010" name="PreviewTimeline_RepeatedQueriesDoNotMutateGrid" fullname="TimeKey.Tests.EditMode.CardPlaySessionTests.PreviewTimeline_RepeatedQueriesDoNotMutateGrid" methodname="PreviewTimeline_RepeatedQueriesDoNotMutateGrid" classname="TimeKey.Tests.EditMode.CardPlaySessionTests" runstate="Runnable" seed="1745605623" result="Passed" start-time="2026-08-01 18:48:18Z" end-time="2026-08-01 18:48:18Z" duration="0.000269" asserts="0">
                <properties>
                  <property name="retryIteration" value="0" />
                  <property name="repeatIteration" value="0" />
                </properties>
              </test-case>
              <test-case id="1003" name="PreviewTimeline_WithoutTargetReturnsExplicitFailure" fullname="TimeKey.Tests.EditMode.CardPlaySessionTests.PreviewTimeline_WithoutTargetReturnsExplicitFailure" methodname="PreviewTimeline_WithoutTargetReturnsExplicitFailure" classname="TimeKey.Tests.EditMode.CardPlaySessionTests" runstate="Runnable" seed="784611960" result="Passed" start-time="2026-08-01 18:48:18Z" end-time="2026-08-01 18:48:18Z" duration="0.000209" asserts="0">
                <properties>
                  <property name="retryIteration" value="0" />
                  <property name="repeatIteration" value="0" />
                </properties>
              </test-case>
              <test-case id="1014" name="TimelineGrid_CanPlaceMatchesTryPlaceWithoutMutation" fullname="TimeKey.Tests.EditMode.CardPlaySessionTests.TimelineGrid_CanPlaceMatchesTryPlaceWithoutMutation" methodname="TimelineGrid_CanPlaceMatchesTryPlaceWithoutMutation" classname="TimeKey.Tests.EditMode.CardPlaySessionTests" runstate="Runnable" seed="424363424" result="Passed" start-time="2026-08-01 18:48:18Z" end-time="2026-08-01 18:48:18Z" duration="0.000398" asserts="0">
                <properties>
                  <property name="retryIteration" value="0" />
                  <property name="repeatIteration" value="0" />
                </properties>
              </test-case>
            </test-suite>
            <test-suite type="TestSuite" id="1149" name="Composition" fullname="TimeKey.Tests.EditMode.Composition" runstate="Runnable" testcasecount="4" result="Passed" start-time="2026-08-01 18:48:18Z" end-time="2026-08-01 18:48:19Z" duration="0.479418" total="4" passed="4" failed="0" inconclusive="0" skipped="0" asserts="0">
              <properties />
              <test-suite type="TestFixture" id="1110" name="CombatSceneAssetTests" fullname="TimeKey.Tests.EditMode.Composition.CombatSceneAssetTests" classname="TimeKey.Tests.EditMode.Composition.CombatSceneAssetTests" runstate="Runnable" testcasecount="4" result="Passed" start-time="2026-08-01 18:48:18Z" end-time="2026-08-01 18:48:19Z" duration="0.479008" total="4" passed="4" failed="0" inconclusive="0" skipped="0" asserts="0">
                <properties />
                <test-case id="1114" name="ControllerSource_DoesNotConstructStableSceneObjects" fullname="TimeKey.Tests.EditMode.Composition.CombatSceneAssetTests.ControllerSource_DoesNotConstructStableSceneObjects" methodname="ControllerSource_DoesNotConstructStableSceneObjects" classname="TimeKey.Tests.EditMode.Composition.CombatSceneAssetTests" runstate="Runnable" seed="863526930" result="Passed" start-time="2026-08-01 18:48:18Z" end-time="2026-08-01 18:48:18Z" duration="0.002838" asserts="0">
                  <properties>
                    <property name="retryIteration" value="0" />
                    <property name="repeatIteration" value="0" />
                  </properties>
                </test-case>
                <test-case id="1112" name="ProductionPrefabs_AreSavedAssetsWithExpectedComponents" fullname="TimeKey.Tests.EditMode.Composition.CombatSceneAssetTests.ProductionPrefabs_AreSavedAssetsWithExpectedComponents" methodname="ProductionPrefabs_AreSavedAssetsWithExpectedComponents" classname="TimeKey.Tests.EditMode.Composition.CombatSceneAssetTests" runstate="Runnable" seed="1311521248" result="Passed" start-time="2026-08-01 18:48:18Z" end-time="2026-08-01 18:48:18Z" duration="0.066255" asserts="0">
                  <properties>
                    <property name="retryIteration" value="0" />
                    <property name="repeatIteration" value="0" />
                  </properties>
                </test-case>
                <test-case id="1113" name="SceneAndTimelinePrefab_UseLicensedChineseFontAndLocalizedDefaults" fullname="TimeKey.Tests.EditMode.Composition.CombatSceneAssetTests.SceneAndTimelinePrefab_UseLicensedChineseFontAndLocalizedDefaults" methodname="SceneAndTimelinePrefab_UseLicensedChineseFontAndLocalizedDefaults" classname="TimeKey.Tests.EditMode.Composition.CombatSceneAssetTests" runstate="Runnable" seed="556621100" result="Passed" start-time="2026-08-01 18:48:18Z" end-time="2026-08-01 18:48:18Z" duration="0.237390" asserts="0">
                  <properties>
                    <property name="retryIteration" value="0" />
                    <property name="repeatIteration" value="0" />
                  </properties>
                </test-case>
                <test-case id="1111" name="SceneAsset_SerializesStableHierarchyAndAllControllerReferences" fullname="TimeKey.Tests.EditMode.Composition.CombatSceneAssetTests.SceneAsset_SerializesStableHierarchyAndAllControllerReferences" methodname="SceneAsset_SerializesStableHierarchyAndAllControllerReferences" classname="TimeKey.Tests.EditMode.Composition.CombatSceneAssetTests" runstate="Runnable" seed="813804819" result="Passed" start-time="2026-08-01 18:48:18Z" end-time="2026-08-01 18:48:19Z" duration="0.171555" asserts="0">
                  <properties>
                    <property name="retryIteration" value="0" />
                    <property name="repeatIteration" value="0" />
                  </properties>
                </test-case>
              </test-suite>
            </test-suite>
            <test-suite type="TestSuite" id="1148" name="Diagnostics" fullname="TimeKey.Tests.EditMode.Diagnostics" runstate="Runnable" testcasecount="2" result="Passed" start-time="2026-08-01 18:48:19Z" end-time="2026-08-01 18:48:19Z" duration="0.053838" total="2" passed="2" failed="0" inconclusive="0" skipped="0" asserts="0">
              <properties />
              <test-suite type="TestFixture" id="1107" name="CollectingCombatTraceSinkTests" fullname="TimeKey.Tests.EditMode.Diagnostics.CollectingCombatTraceSinkTests" classname="TimeKey.Tests.EditMode.Diagnostics.CollectingCombatTraceSinkTests" runstate="Runnable" testcasecount="2" result="Passed" start-time="2026-08-01 18:48:19Z" end-time="2026-08-01 18:48:19Z" duration="0.007604" total="2" passed="2" failed="0" inconclusive="0" skipped="0" asserts="0">
                <properties />
                <test-case id="1109" name="ClearIsRepeatableAndRecordRejectsNull" fullname="TimeKey.Tests.EditMode.Diagnostics.CollectingCombatTraceSinkTests.ClearIsRepeatableAndRecordRejectsNull" methodname="ClearIsRepeatableAndRecordRejectsNull" classname="TimeKey.Tests.EditMode.Diagnostics.CollectingCombatTraceSinkTests" runstate="Runnable" seed="1034343650" result="Passed" start-time="2026-08-01 18:48:19Z" end-time="2026-08-01 18:48:19Z" duration="0.006209" asserts="0">
                  <properties>
                    <property name="retryIteration" value="0" />
                    <property name="repeatIteration" value="0" />
                  </properties>
                </test-case>
                <test-case id="1108" name="RecordPreservesInsertionOrder" fullname="TimeKey.Tests.EditMode.Diagnostics.CollectingCombatTraceSinkTests.RecordPreservesInsertionOrder" methodname="RecordPreservesInsertionOrder" classname="TimeKey.Tests.EditMode.Diagnostics.CollectingCombatTraceSinkTests" runstate="Runnable" seed="1178301780" result="Passed" start-time="2026-08-01 18:48:19Z" end-time="2026-08-01 18:48:19Z" duration="0.000585" asserts="0">
                  <properties>
                    <property name="retryIteration" value="0" />
                    <property name="repeatIteration" value="0" />
                  </properties>
                </test-case>
              </test-suite>
            </test-suite>
            <test-suite type="TestSuite" id="1147" name="Effects" fullname="TimeKey.Tests.EditMode.Effects" runstate="Runnable" testcasecount="29" result="Passed" start-time="2026-08-01 18:48:19Z" end-time="2026-08-01 18:48:19Z" duration="0.019998" total="29" passed="29" failed="0" inconclusive="0" skipped="0" asserts="0">
              <properties />
              <test-suite type="TestFixture" id="1071" name="BuiltCardEffectHandlerTests" fullname="TimeKey.Tests.EditMode.Effects.BuiltCardEffectHandlerTests" classname="TimeKey.Tests.EditMode.Effects.BuiltCardEffectHandlerTests" runstate="Runnable" testcasecount="10" result="Passed" start-time="2026-08-01 18:48:19Z" end-time="2026-08-01 18:48:19Z" duration="0.007837" total="10" passed="10" failed="0" inconclusive="0" skipped="0" asserts="0">
                <properties />
                <test-case id="1074" name="Resolve_AlreadyOccupiedTileIsPureNoOp" fullname="TimeKey.Tests.EditMode.Effects.BuiltCardEffectHandlerTests.Resolve_AlreadyOccupiedTileIsPureNoOp" methodname="Resolve_AlreadyOccupiedTileIsPureNoOp" classname="TimeKey.Tests.EditMode.Effects.BuiltCardEffectHandlerTests" runstate="Runnable" seed="1906816169" result="Passed" start-time="2026-08-01 18:48:19Z" end-time="2026-08-01 18:48:19Z" duration="0.001053" asserts="0">
                  <properties>
                    <property name="retryIteration" value="0" />
                    <property name="repeatIteration" value="0" />
                  </properties>
                </test-case>
                <test-case id="1072" name="Resolve_EmptyExistingTileCreatesOneNeutralTowerAndCapturesResult" fullname="TimeKey.Tests.EditMode.Effects.BuiltCardEffectHandlerTests.Resolve_EmptyExistingTileCreatesOneNeutralTowerAndCapturesResult" methodname="Resolve_EmptyExistingTileCreatesOneNeutralTowerAndCapturesResult" classname="TimeKey.Tests.EditMode.Effects.BuiltCardEffectHandlerTests" runstate="Runnable" seed="806416601" result="Passed" start-time="2026-08-01 18:48:19Z" end-time="2026-08-01 18:48:19Z" duration="0.001289" asserts="0">
                  <properties>
                    <property name="retryIteration" value="0" />
                    <property name="repeatIteration" value="0" />
                  </properties>
                </test-case>
                <test-case id="1076" name="Resolve_MissingEffectRangeIsPureNoOp" fullname="TimeKey.Tests.EditMode.Effects.BuiltCardEffectHandlerTests.Resolve_MissingEffectRangeIsPureNoOp" methodname="Resolve_MissingEffectRangeIsPureNoOp" classname="TimeKey.Tests.EditMode.Effects.BuiltCardEffectHandlerTests" runstate="Runnable" seed="1395005849" result="Passed" start-time="2026-08-01 18:48:19Z" end-time="2026-08-01 18:48:19Z" duration="0.000286" asserts="0">
                  <properties>
                    <property name="retryIteration" value="0" />
                    <property name="repeatIteration" value="0" />
                  </properties>
                </test-case>
                <test-case id="1077" name="Resolve_MissingTargetCoordinateIsPureNoOp" fullname="TimeKey.Tests.EditMode.Effects.BuiltCardEffectHandlerTests.Resolve_MissingTargetCoordinateIsPureNoOp" methodname="Resolve_MissingTargetCoordinateIsPureNoOp" classname="TimeKey.Tests.EditMode.Effects.BuiltCardEffectHandlerTests" runstate="Runnable" seed="1619450935" result="Passed" start-time="2026-08-01 18:48:19Z" end-time="2026-08-01 18:48:19Z" duration="0.000386" asserts="0">
                  <properties>
                    <property name="retryIteration" value="0" />
                    <property name="repeatIteration" value="0" />
                  </properties>
                </test-case>
                <test-case id="1073" name="Resolve_MissingTileIsPureNoOp" fullname="TimeKey.Tests.EditMode.Effects.BuiltCardEffectHandlerTests.Resolve_MissingTileIsPureNoOp" methodname="Resolve_MissingTileIsPureNoOp" classname="TimeKey.Tests.EditMode.Effects.BuiltCardEffectHandlerTests" runstate="Runnable" seed="956278199" result="Passed" start-time="2026-08-01 18:48:19Z" end-time="2026-08-01 18:48:19Z" duration="0.000412" asserts="0">
                  <properties>
                    <property name="retryIteration" value="0" />
                    <property name="repeatIteration" value="0" />
                  </properties>
                </test-case>
                <test-case id="1075" name="Resolve_TileOccupiedAfterPlacementIsPureNoOp" fullname="TimeKey.Tests.EditMode.Effects.BuiltCardEffectHandlerTests.Resolve_TileOccupiedAfterPlacementIsPureNoOp" methodname="Resolve_TileOccupiedAfterPlacementIsPureNoOp" classname="TimeKey.Tests.EditMode.Effects.BuiltCardEffectHandlerTests" runstate="Runnable" seed="904703364" result="Passed" start-time="2026-08-01 18:48:19Z" end-time="2026-08-01 18:48:19Z" duration="0.000373" asserts="0">
                  <properties>
                    <property name="retryIteration" value="0" />
                    <property name="repeatIteration" value="0" />
                  </properties>
                </test-case>
                <test-case id="1082" name="Resolve_ValueOneCreatesAtMostOneTower" fullname="TimeKey.Tests.EditMode.Effects.BuiltCardEffectHandlerTests.Resolve_ValueOneCreatesAtMostOneTower" methodname="Resolve_ValueOneCreatesAtMostOneTower" classname="TimeKey.Tests.EditMode.Effects.BuiltCardEffectHandlerTests" runstate="Runnable" seed="739954996" result="Passed" start-time="2026-08-01 18:48:19Z" end-time="2026-08-01 18:48:19Z" duration="0.000425" asserts="0">
                  <properties>
                    <property name="retryIteration" value="0" />
                    <property name="repeatIteration" value="0" />
                  </properties>
                </test-case>
                <test-suite type="ParameterizedMethod" id="1081" name="TryPlace_UnsupportedCreationOrValueFailsBeforeOccupyingTimeline" fullname="TimeKey.Tests.EditMode.Effects.BuiltCardEffectHandlerTests.TryPlace_UnsupportedCreationOrValueFailsBeforeOccupyingTimeline" classname="TimeKey.Tests.EditMode.Effects.BuiltCardEffectHandlerTests" runstate="Runnable" testcasecount="3" result="Passed" start-time="2026-08-01 18:48:19Z" end-time="2026-08-01 18:48:19Z" duration="0.001770" total="3" passed="3" failed="0" inconclusive="0" skipped="0" asserts="0">
                  <properties />
                  <test-case id="1078" name="TryPlace_UnsupportedCreationOrValueFailsBeforeOccupyingTimeline(&quot;wall&quot;,1)" fullname="TimeKey.Tests.EditMode.Effects.BuiltCardEffectHandlerTests.TryPlace_UnsupportedCreationOrValueFailsBeforeOccupyingTimeline(&quot;wall&quot;,1)" methodname="TryPlace_UnsupportedCreationOrValueFailsBeforeOccupyingTimeline" classname="TimeKey.Tests.EditMode.Effects.BuiltCardEffectHandlerTests" runstate="Runnable" seed="1961341910" result="Passed" start-time="2026-08-01 18:48:19Z" end-time="2026-08-01 18:48:19Z" duration="0.000840" asserts="0">
                    <properties>
                      <property name="retryIteration" value="0" />
                      <property name="repeatIteration" value="0" />
                    </properties>
                  </test-case>
                  <test-case id="1079" name="TryPlace_UnsupportedCreationOrValueFailsBeforeOccupyingTimeline(&quot;tower&quot;,0)" fullname="TimeKey.Tests.EditMode.Effects.BuiltCardEffectHandlerTests.TryPlace_UnsupportedCreationOrValueFailsBeforeOccupyingTimeline(&quot;tower&quot;,0)" methodname="TryPlace_UnsupportedCreationOrValueFailsBeforeOccupyingTimeline" classname="TimeKey.Tests.EditMode.Effects.BuiltCardEffectHandlerTests" runstate="Runnable" seed="765723344" result="Passed" start-time="2026-08-01 18:48:19Z" end-time="2026-08-01 18:48:19Z" duration="0.000195" asserts="0">
                    <properties>
                      <property name="retryIteration" value="0" />
                      <property name="repeatIteration" value="0" />
                    </properties>
                  </test-case>
                  <test-case id="1080" name="TryPlace_UnsupportedCreationOrValueFailsBeforeOccupyingTimeline(&quot;tower&quot;,2)" fullname="TimeKey.Tests.EditMode.Effects.BuiltCardEffectHandlerTests.TryPlace_UnsupportedCreationOrValueFailsBeforeOccupyingTimeline(&quot;tower&quot;,2)" methodname="TryPlace_UnsupportedCreationOrValueFailsBeforeOccupyingTimeline" classname="TimeKey.Tests.EditMode.Effects.BuiltCardEffectHandlerTests" runstate="Runnable" seed="520721977" result="Passed" start-time="2026-08-01 18:48:19Z" end-time="2026-08-01 18:48:19Z" duration="0.000146" asserts="0">
                    <properties>
                      <property name="retryIteration" value="0" />
                      <property name="repeatIteration" value="0" />
                    </properties>
                  </test-case>
                </test-suite>
              </test-suite>
              <test-suite type="TestFixture" id="1083" name="PoisonCardEffectHandlerTests" fullname="TimeKey.Tests.EditMode.Effects.PoisonCardEffectHandlerTests" classname="TimeKey.Tests.EditMode.Effects.PoisonCardEffectHandlerTests" runstate="Runnable" testcasecount="10" result="Passed" start-time="2026-08-01 18:48:19Z" end-time="2026-08-01 18:48:19Z" duration="0.006029" total="10" passed="10" failed="0" inconclusive="0" skipped="0" asserts="0">
                <properties />
                <test-suite type="ParameterizedMethod" id="1089" name="Resolve_DeadOrStatusUnsupportedOccupantIsPureNoOp" fullname="TimeKey.Tests.EditMode.Effects.PoisonCardEffectHandlerTests.Resolve_DeadOrStatusUnsupportedOccupantIsPureNoOp" classname="TimeKey.Tests.EditMode.Effects.PoisonCardEffectHandlerTests" runstate="Runnable" testcasecount="2" result="Passed" start-time="2026-08-01 18:48:19Z" end-time="2026-08-01 18:48:19Z" duration="0.001220" total="2" passed="2" failed="0" inconclusive="0" skipped="0" asserts="0">
                  <properties />
                  <test-case id="1087" name="Resolve_DeadOrStatusUnsupportedOccupantIsPureNoOp(0,True)" fullname="TimeKey.Tests.EditMode.Effects.PoisonCardEffectHandlerTests.Resolve_DeadOrStatusUnsupportedOccupantIsPureNoOp(0,True)" methodname="Resolve_DeadOrStatusUnsupportedOccupantIsPureNoOp" classname="TimeKey.Tests.EditMode.Effects.PoisonCardEffectHandlerTests" runstate="Runnable" seed="704015703" result="Passed" start-time="2026-08-01 18:48:19Z" end-time="2026-08-01 18:48:19Z" duration="0.000799" asserts="0">
                    <properties>
                      <property name="retryIteration" value="0" />
                      <property name="repeatIteration" value="0" />
                    </properties>
                  </test-case>
                  <test-case id="1088" name="Resolve_DeadOrStatusUnsupportedOccupantIsPureNoOp(10,False)" fullname="TimeKey.Tests.EditMode.Effects.PoisonCardEffectHandlerTests.Resolve_DeadOrStatusUnsupportedOccupantIsPureNoOp(10,False)" methodname="Resolve_DeadOrStatusUnsupportedOccupantIsPureNoOp" classname="TimeKey.Tests.EditMode.Effects.PoisonCardEffectHandlerTests" runstate="Runnable" seed="2017770596" result="Passed" start-time="2026-08-01 18:48:19Z" end-time="2026-08-01 18:48:19Z" duration="0.000115" asserts="0">
                    <properties>
                      <property name="retryIteration" value="0" />
                      <property name="repeatIteration" value="0" />
                    </properties>
                  </test-case>
                </test-suite>
                <test-case id="1086" name="Resolve_EmptyTileIsPureNoOp" fullname="TimeKey.Tests.EditMode.Effects.PoisonCardEffectHandlerTests.Resolve_EmptyTileIsPureNoOp" methodname="Resolve_EmptyTileIsPureNoOp" classname="TimeKey.Tests.EditMode.Effects.PoisonCardEffectHandlerTests" runstate="Runnable" seed="723369389" result="Passed" start-time="2026-08-01 18:48:19Z" end-time="2026-08-01 18:48:19Z" duration="0.000223" asserts="0">
                  <properties>
                    <property name="retryIteration" value="0" />
                    <property name="repeatIteration" value="0" />
                  </properties>
                </test-case>
                <test-case id="1090" name="Resolve_IdOrCoordinateReplacementIsPureNoOp" fullname="TimeKey.Tests.EditMode.Effects.PoisonCardEffectHandlerTests.Resolve_IdOrCoordinateReplacementIsPureNoOp" methodname="Resolve_IdOrCoordinateReplacementIsPureNoOp" classname="TimeKey.Tests.EditMode.Effects.PoisonCardEffectHandlerTests" runstate="Runnable" seed="763199053" result="Passed" start-time="2026-08-01 18:48:19Z" end-time="2026-08-01 18:48:19Z" duration="0.000233" asserts="0">
                  <properties>
                    <property name="retryIteration" value="0" />
                    <property name="repeatIteration" value="0" />
                  </properties>
                </test-case>
                <test-case id="1095" name="Resolve_IntegerOverflowFailsExplicitlyWithoutMutation" fullname="TimeKey.Tests.EditMode.Effects.PoisonCardEffectHandlerTests.Resolve_IntegerOverflowFailsExplicitlyWithoutMutation" methodname="Resolve_IntegerOverflowFailsExplicitlyWithoutMutation" classname="TimeKey.Tests.EditMode.Effects.PoisonCardEffectHandlerTests" runstate="Runnable" seed="807098244" result="Passed" start-time="2026-08-01 18:48:19Z" end-time="2026-08-01 18:48:19Z" duration="0.000613" asserts="0">
                  <properties>
                    <property name="retryIteration" value="0" />
                    <property name="repeatIteration" value="0" />
                  </properties>
                </test-case>
                <test-case id="1084" name="Resolve_LivingStatusOccupantAddsTwoStacksAndCapturesSnapshots" fullname="TimeKey.Tests.EditMode.Effects.PoisonCardEffectHandlerTests.Resolve_LivingStatusOccupantAddsTwoStacksAndCapturesSnapshots" methodname="Resolve_LivingStatusOccupantAddsTwoStacksAndCapturesSnapshots" classname="TimeKey.Tests.EditMode.Effects.PoisonCardEffectHandlerTests" runstate="Runnable" seed="725244807" result="Passed" start-time="2026-08-01 18:48:19Z" end-time="2026-08-01 18:48:19Z" duration="0.000337" asserts="0">
                  <properties>
                    <property name="retryIteration" value="0" />
                    <property name="repeatIteration" value="0" />
                  </properties>
                </test-case>
                <test-case id="1091" name="Resolve_MissingCoordinateOrRangeIsPureNoOp" fullname="TimeKey.Tests.EditMode.Effects.PoisonCardEffectHandlerTests.Resolve_MissingCoordinateOrRangeIsPureNoOp" methodname="Resolve_MissingCoordinateOrRangeIsPureNoOp" classname="TimeKey.Tests.EditMode.Effects.PoisonCardEffectHandlerTests" runstate="Runnable" seed="170181401" result="Passed" start-time="2026-08-01 18:48:19Z" end-time="2026-08-01 18:48:19Z" duration="0.000438" asserts="0">
                  <properties>
                    <property name="retryIteration" value="0" />
                    <property name="repeatIteration" value="0" />
                  </properties>
                </test-case>
                <test-case id="1085" name="Resolve_RepeatedApplicationsAccumulateAndEarlierSnapshotStaysStable" fullname="TimeKey.Tests.EditMode.Effects.PoisonCardEffectHandlerTests.Resolve_RepeatedApplicationsAccumulateAndEarlierSnapshotStaysStable" methodname="Resolve_RepeatedApplicationsAccumulateAndEarlierSnapshotStaysStable" classname="TimeKey.Tests.EditMode.Effects.PoisonCardEffectHandlerTests" runstate="Runnable" seed="474325165" result="Passed" start-time="2026-08-01 18:48:19Z" end-time="2026-08-01 18:48:19Z" duration="0.000407" asserts="0">
                  <properties>
                    <property name="retryIteration" value="0" />
                    <property name="repeatIteration" value="0" />
                  </properties>
                </test-case>
                <test-suite type="ParameterizedMethod" id="1094" name="TryPlace_UnsupportedValueFailsBeforeOccupyingTimeline" fullname="TimeKey.Tests.EditMode.Effects.PoisonCardEffectHandlerTests.TryPlace_UnsupportedValueFailsBeforeOccupyingTimeline" classname="TimeKey.Tests.EditMode.Effects.PoisonCardEffectHandlerTests" runstate="Runnable" testcasecount="2" result="Passed" start-time="2026-08-01 18:48:19Z" end-time="2026-08-01 18:48:19Z" duration="0.001409" total="2" passed="2" failed="0" inconclusive="0" skipped="0" asserts="0">
                  <properties />
                  <test-case id="1092" name="TryPlace_UnsupportedValueFailsBeforeOccupyingTimeline(0)" fullname="TimeKey.Tests.EditMode.Effects.PoisonCardEffectHandlerTests.TryPlace_UnsupportedValueFailsBeforeOccupyingTimeline(0)" methodname="TryPlace_UnsupportedValueFailsBeforeOccupyingTimeline" classname="TimeKey.Tests.EditMode.Effects.PoisonCardEffectHandlerTests" runstate="Runnable" seed="791341065" result="Passed" start-time="2026-08-01 18:48:19Z" end-time="2026-08-01 18:48:19Z" duration="0.000738" asserts="0">
                    <properties>
                      <property name="retryIteration" value="0" />
                      <property name="repeatIteration" value="0" />
                    </properties>
                  </test-case>
                  <test-case id="1093" name="TryPlace_UnsupportedValueFailsBeforeOccupyingTimeline(3)" fullname="TimeKey.Tests.EditMode.Effects.PoisonCardEffectHandlerTests.TryPlace_UnsupportedValueFailsBeforeOccupyingTimeline(3)" methodname="TryPlace_UnsupportedValueFailsBeforeOccupyingTimeline" classname="TimeKey.Tests.EditMode.Effects.PoisonCardEffectHandlerTests" runstate="Runnable" seed="1811019970" result="Passed" start-time="2026-08-01 18:48:19Z" end-time="2026-08-01 18:48:19Z" duration="0.000140" asserts="0">
                    <properties>
                      <property name="retryIteration" value="0" />
                      <property name="repeatIteration" value="0" />
                    </properties>
                  </test-case>
                </test-suite>
              </test-suite>
              <test-suite type="TestFixture" id="1096" name="RecoverCardEffectHandlerTests" fullname="TimeKey.Tests.EditMode.Effects.RecoverCardEffectHandlerTests" classname="TimeKey.Tests.EditMode.Effects.RecoverCardEffectHandlerTests" runstate="Runnable" testcasecount="9" result="Passed" start-time="2026-08-01 18:48:19Z" end-time="2026-08-01 18:48:19Z" duration="0.005646" total="9" passed="9" failed="0" inconclusive="0" skipped="0" asserts="0">
                <properties />
                <test-case id="1098" name="Resolve_ExistingZeroHpOccupantCanRecover" fullname="TimeKey.Tests.EditMode.Effects.RecoverCardEffectHandlerTests.Resolve_ExistingZeroHpOccupantCanRecover" methodname="Resolve_ExistingZeroHpOccupantCanRecover" classname="TimeKey.Tests.EditMode.Effects.RecoverCardEffectHandlerTests" runstate="Runnable" seed="2081117559" result="Passed" start-time="2026-08-01 18:48:19Z" end-time="2026-08-01 18:48:19Z" duration="0.000854" asserts="0">
                  <properties>
                    <property name="retryIteration" value="0" />
                    <property name="repeatIteration" value="0" />
                  </properties>
                </test-case>
                <test-case id="1099" name="Resolve_FullHealthOccupantIsNoOpWithoutResult" fullname="TimeKey.Tests.EditMode.Effects.RecoverCardEffectHandlerTests.Resolve_FullHealthOccupantIsNoOpWithoutResult" methodname="Resolve_FullHealthOccupantIsNoOpWithoutResult" classname="TimeKey.Tests.EditMode.Effects.RecoverCardEffectHandlerTests" runstate="Runnable" seed="436186308" result="Passed" start-time="2026-08-01 18:48:19Z" end-time="2026-08-01 18:48:19Z" duration="0.000300" asserts="0">
                  <properties>
                    <property name="retryIteration" value="0" />
                    <property name="repeatIteration" value="0" />
                  </properties>
                </test-case>
                <test-case id="1097" name="Resolve_HealsInjuredOccupantAndCapturesClampedBeforeAfterSnapshots" fullname="TimeKey.Tests.EditMode.Effects.RecoverCardEffectHandlerTests.Resolve_HealsInjuredOccupantAndCapturesClampedBeforeAfterSnapshots" methodname="Resolve_HealsInjuredOccupantAndCapturesClampedBeforeAfterSnapshots" classname="TimeKey.Tests.EditMode.Effects.RecoverCardEffectHandlerTests" runstate="Runnable" seed="1432517084" result="Passed" start-time="2026-08-01 18:48:19Z" end-time="2026-08-01 18:48:19Z" duration="0.000683" asserts="0">
                  <properties>
                    <property name="retryIteration" value="0" />
                    <property name="repeatIteration" value="0" />
                  </properties>
                </test-case>
                <test-case id="1104" name="Resolve_MissingEffectRangeIsPureNoOp" fullname="TimeKey.Tests.EditMode.Effects.RecoverCardEffectHandlerTests.Resolve_MissingEffectRangeIsPureNoOp" methodname="Resolve_MissingEffectRangeIsPureNoOp" classname="TimeKey.Tests.EditMode.Effects.RecoverCardEffectHandlerTests" runstate="Runnable" seed="1317118470" result="Passed" start-time="2026-08-01 18:48:19Z" end-time="2026-08-01 18:48:19Z" duration="0.000391" asserts="0">
                  <properties>
                    <property name="retryIteration" value="0" />
                    <property name="repeatIteration" value="0" />
                  </properties>
                </test-case>
                <test-suite type="ParameterizedMethod" id="1102" name="Resolve_MissingIdOrCoordinateMatchIsPureNoOp" fullname="TimeKey.Tests.EditMode.Effects.RecoverCardEffectHandlerTests.Resolve_MissingIdOrCoordinateMatchIsPureNoOp" classname="TimeKey.Tests.EditMode.Effects.RecoverCardEffectHandlerTests" runstate="Runnable" testcasecount="2" result="Passed" start-time="2026-08-01 18:48:19Z" end-time="2026-08-01 18:48:19Z" duration="0.001171" total="2" passed="2" failed="0" inconclusive="0" skipped="0" asserts="0">
                  <properties />
                  <test-case id="1100" name="Resolve_MissingIdOrCoordinateMatchIsPureNoOp(&quot;missing-id&quot;,2,-1)" fullname="TimeKey.Tests.EditMode.Effects.RecoverCardEffectHandlerTests.Resolve_MissingIdOrCoordinateMatchIsPureNoOp(&quot;missing-id&quot;,2,-1)" methodname="Resolve_MissingIdOrCoordinateMatchIsPureNoOp" classname="TimeKey.Tests.EditMode.Effects.RecoverCardEffectHandlerTests" runstate="Runnable" seed="1467490945" result="Passed" start-time="2026-08-01 18:48:19Z" end-time="2026-08-01 18:48:19Z" duration="0.000408" asserts="0">
                    <properties>
                      <property name="retryIteration" value="0" />
                      <property name="repeatIteration" value="0" />
                    </properties>
                  </test-case>
                  <test-case id="1101" name="Resolve_MissingIdOrCoordinateMatchIsPureNoOp(&quot;target-01&quot;,3,-1)" fullname="TimeKey.Tests.EditMode.Effects.RecoverCardEffectHandlerTests.Resolve_MissingIdOrCoordinateMatchIsPureNoOp(&quot;target-01&quot;,3,-1)" methodname="Resolve_MissingIdOrCoordinateMatchIsPureNoOp" classname="TimeKey.Tests.EditMode.Effects.RecoverCardEffectHandlerTests" runstate="Runnable" seed="1788678422" result="Passed" start-time="2026-08-01 18:48:19Z" end-time="2026-08-01 18:48:19Z" duration="0.000232" asserts="0">
                    <properties>
                      <property name="retryIteration" value="0" />
                      <property name="repeatIteration" value="0" />
                    </properties>
                  </test-case>
                </test-suite>
                <test-case id="1105" name="Resolve_OccupantWithoutHealthCapabilityIsPureNoOp" fullname="TimeKey.Tests.EditMode.Effects.RecoverCardEffectHandlerTests.Resolve_OccupantWithoutHealthCapabilityIsPureNoOp" methodname="Resolve_OccupantWithoutHealthCapabilityIsPureNoOp" classname="TimeKey.Tests.EditMode.Effects.RecoverCardEffectHandlerTests" runstate="Runnable" seed="930899242" result="Passed" start-time="2026-08-01 18:48:19Z" end-time="2026-08-01 18:48:19Z" duration="0.000276" asserts="0">
                  <properties>
                    <property name="retryIteration" value="0" />
                    <property name="repeatIteration" value="0" />
                  </properties>
                </test-case>
                <test-case id="1103" name="Resolve_ReplacedOccupantWithDifferentRuntimeIdIsNoOp" fullname="TimeKey.Tests.EditMode.Effects.RecoverCardEffectHandlerTests.Resolve_ReplacedOccupantWithDifferentRuntimeIdIsNoOp" methodname="Resolve_ReplacedOccupantWithDifferentRuntimeIdIsNoOp" classname="TimeKey.Tests.EditMode.Effects.RecoverCardEffectHandlerTests" runstate="Runnable" seed="1073974053" result="Passed" start-time="2026-08-01 18:48:19Z" end-time="2026-08-01 18:48:19Z" duration="0.000257" asserts="0">
                  <properties>
                    <property name="retryIteration" value="0" />
                    <property name="repeatIteration" value="0" />
                  </properties>
                </test-case>
                <test-case id="1106" name="ThreeCellShape_FitsAtLastLegalOriginAndRejectsBoundaryCrossing" fullname="TimeKey.Tests.EditMode.Effects.RecoverCardEffectHandlerTests.ThreeCellShape_FitsAtLastLegalOriginAndRejectsBoundaryCrossing" methodname="ThreeCellShape_FitsAtLastLegalOriginAndRejectsBoundaryCrossing" classname="TimeKey.Tests.EditMode.Effects.RecoverCardEffectHandlerTests" runstate="Runnable" seed="1253066661" result="Passed" start-time="2026-08-01 18:48:19Z" end-time="2026-08-01 18:48:19Z" duration="0.000285" asserts="0">
                  <properties>
                    <property name="retryIteration" value="0" />
                    <property name="repeatIteration" value="0" />
                  </properties>
                </test-case>
              </test-suite>
            </test-suite>
            <test-suite type="TestSuite" id="1146" name="Presentation" fullname="TimeKey.Tests.EditMode.Presentation" runstate="Runnable" testcasecount="8" result="Passed" start-time="2026-08-01 18:48:19Z" end-time="2026-08-01 18:48:19Z" duration="0.003981" total="8" passed="8" failed="0" inconclusive="0" skipped="0" asserts="0">
              <properties />
              <test-suite type="TestFixture" id="1061" name="CombatChineseTextTests" fullname="TimeKey.Tests.EditMode.Presentation.CombatChineseTextTests" classname="TimeKey.Tests.EditMode.Presentation.CombatChineseTextTests" runstate="Runnable" testcasecount="8" result="Passed" start-time="2026-08-01 18:48:19Z" end-time="2026-08-01 18:48:19Z" duration="0.003688" total="8" passed="8" failed="0" inconclusive="0" skipped="0" asserts="0">
                <properties />
                <test-suite type="ParameterizedMethod" id="1069" name="GetCardName_MapsEveryCurrentCard" fullname="TimeKey.Tests.EditMode.Presentation.CombatChineseTextTests.GetCardName_MapsEveryCurrentCard" classname="TimeKey.Tests.EditMode.Presentation.CombatChineseTextTests" runstate="Runnable" testcasecount="7" result="Passed" start-time="2026-08-01 18:48:19Z" end-time="2026-08-01 18:48:19Z" duration="0.001433" total="7" passed="7" failed="0" inconclusive="0" skipped="0" asserts="0">
                  <properties />
                  <test-case id="1062" name="GetCardName_MapsEveryCurrentCard(&quot;lighting&quot;,&quot;雷击&quot;)" fullname="TimeKey.Tests.EditMode.Presentation.CombatChineseTextTests.GetCardName_MapsEveryCurrentCard(&quot;lighting&quot;,&quot;雷击&quot;)" methodname="GetCardName_MapsEveryCurrentCard" classname="TimeKey.Tests.EditMode.Presentation.CombatChineseTextTests" runstate="Runnable" seed="826993833" result="Passed" start-time="2026-08-01 18:48:19Z" end-time="2026-08-01 18:48:19Z" duration="0.000381" asserts="0">
                    <properties>
                      <property name="retryIteration" value="0" />
                      <property name="repeatIteration" value="0" />
                    </properties>
                  </test-case>
                  <test-case id="1063" name="GetCardName_MapsEveryCurrentCard(&quot;earthquake&quot;,&quot;地震&quot;)" fullname="TimeKey.Tests.EditMode.Presentation.CombatChineseTextTests.GetCardName_MapsEveryCurrentCard(&quot;earthquake&quot;,&quot;地震&quot;)" methodname="GetCardName_MapsEveryCurrentCard" classname="TimeKey.Tests.EditMode.Presentation.CombatChineseTextTests" runstate="Runnable" seed="1993253400" result="Passed" start-time="2026-08-01 18:48:19Z" end-time="2026-08-01 18:48:19Z" duration="0.000062" asserts="0">
                    <properties>
                      <property name="retryIteration" value="0" />
                      <property name="repeatIteration" value="0" />
                    </properties>
                  </test-case>
                  <test-case id="1064" name="GetCardName_MapsEveryCurrentCard(&quot;wind&quot;,&quot;台风&quot;)" fullname="TimeKey.Tests.EditMode.Presentation.CombatChineseTextTests.GetCardName_MapsEveryCurrentCard(&quot;wind&quot;,&quot;台风&quot;)" methodname="GetCardName_MapsEveryCurrentCard" classname="TimeKey.Tests.EditMode.Presentation.CombatChineseTextTests" runstate="Runnable" seed="1704941870" result="Passed" start-time="2026-08-01 18:48:19Z" end-time="2026-08-01 18:48:19Z" duration="0.000031" asserts="0">
                    <properties>
                      <property name="retryIteration" value="0" />
                      <property name="repeatIteration" value="0" />
                    </properties>
                  </test-case>
                  <test-case id="1065" name="GetCardName_MapsEveryCurrentCard(&quot;recover&quot;,&quot;恢复&quot;)" fullname="TimeKey.Tests.EditMode.Presentation.CombatChineseTextTests.GetCardName_MapsEveryCurrentCard(&quot;recover&quot;,&quot;恢复&quot;)" methodname="GetCardName_MapsEveryCurrentCard" classname="TimeKey.Tests.EditMode.Presentation.CombatChineseTextTests" runstate="Runnable" seed="1307555644" result="Passed" start-time="2026-08-01 18:48:19Z" end-time="2026-08-01 18:48:19Z" duration="0.000034" asserts="0">
                    <properties>
                      <property name="retryIteration" value="0" />
                      <property name="repeatIteration" value="0" />
                    </properties>
                  </test-case>
                  <test-case id="1066" name="GetCardName_MapsEveryCurrentCard(&quot;tower&quot;,&quot;高塔&quot;)" fullname="TimeKey.Tests.EditMode.Presentation.CombatChineseTextTests.GetCardName_MapsEveryCurrentCard(&quot;tower&quot;,&quot;高塔&quot;)" methodname="GetCardName_MapsEveryCurrentCard" classname="TimeKey.Tests.EditMode.Presentation.CombatChineseTextTests" runstate="Runnable" seed="1889657181" result="Passed" start-time="2026-08-01 18:48:19Z" end-time="2026-08-01 18:48:19Z" duration="0.000044" asserts="0">
                    <properties>
                      <property name="retryIteration" value="0" />
                      <property name="repeatIteration" value="0" />
                    </properties>
                  </test-case>
                  <test-case id="1067" name="GetCardName_MapsEveryCurrentCard(&quot;poison&quot;,&quot;中毒&quot;)" fullname="TimeKey.Tests.EditMode.Presentation.CombatChineseTextTests.GetCardName_MapsEveryCurrentCard(&quot;poison&quot;,&quot;中毒&quot;)" methodname="GetCardName_MapsEveryCurrentCard" classname="TimeKey.Tests.EditMode.Presentation.CombatChineseTextTests" runstate="Runnable" seed="1345421642" result="Passed" start-time="2026-08-01 18:48:19Z" end-time="2026-08-01 18:48:19Z" duration="0.000091" asserts="0">
                    <properties>
                      <property name="retryIteration" value="0" />
                      <property name="repeatIteration" value="0" />
                    </properties>
                  </test-case>
                  <test-case id="1068" name="GetCardName_MapsEveryCurrentCard(&quot;tornado&quot;,&quot;龙卷风&quot;)" fullname="TimeKey.Tests.EditMode.Presentation.CombatChineseTextTests.GetCardName_MapsEveryCurrentCard(&quot;tornado&quot;,&quot;龙卷风&quot;)" methodname="GetCardName_MapsEveryCurrentCard" classname="TimeKey.Tests.EditMode.Presentation.CombatChineseTextTests" runstate="Runnable" seed="1621386400" result="Passed" start-time="2026-08-01 18:48:19Z" end-time="2026-08-01 18:48:19Z" duration="0.000189" asserts="0">
                    <properties>
                      <property name="retryIteration" value="0" />
                      <property name="repeatIteration" value="0" />
                    </properties>
                  </test-case>
                </test-suite>
                <test-case id="1070" name="PlayerFacingCatalog_ContainsNoEnglishLetters" fullname="TimeKey.Tests.EditMode.Presentation.CombatChineseTextTests.PlayerFacingCatalog_ContainsNoEnglishLetters" methodname="PlayerFacingCatalog_ContainsNoEnglishLetters" classname="TimeKey.Tests.EditMode.Presentation.CombatChineseTextTests" runstate="Runnable" seed="1716061766" result="Passed" start-time="2026-08-01 18:48:19Z" end-time="2026-08-01 18:48:19Z" duration="0.001748" asserts="0">
                  <properties>
                    <property name="retryIteration" value="0" />
                    <property name="repeatIteration" value="0" />
                  </properties>
                </test-case>
              </test-suite>
            </test-suite>
            <test-suite type="TestSuite" id="1145" name="Terrain" fullname="TimeKey.Tests.EditMode.Terrain" runstate="Runnable" testcasecount="9" result="Passed" start-time="2026-08-01 18:48:19Z" end-time="2026-08-01 18:48:19Z" duration="0.010609" total="9" passed="9" failed="0" inconclusive="0" skipped="0" asserts="0">
              <properties />
              <test-suite type="TestFixture" id="1051" name="EarthquakeResolutionTests" fullname="TimeKey.Tests.EditMode.Terrain.EarthquakeResolutionTests" classname="TimeKey.Tests.EditMode.Terrain.EarthquakeResolutionTests" runstate="Runnable" testcasecount="9" result="Passed" start-time="2026-08-01 18:48:19Z" end-time="2026-08-01 18:48:19Z" duration="0.010249" total="9" passed="9" failed="0" inconclusive="0" skipped="0" asserts="0">
                <properties />
                <test-case id="1057" name="CardPlaySession_EarthquakeCommitPreservesTargetCoordinateForResolve" fullname="TimeKey.Tests.EditMode.Terrain.EarthquakeResolutionTests.CardPlaySession_EarthquakeCommitPreservesTargetCoordinateForResolve" methodname="CardPlaySession_EarthquakeCommitPreservesTargetCoordinateForResolve" classname="TimeKey.Tests.EditMode.Terrain.EarthquakeResolutionTests" runstate="Runnable" seed="1140326026" result="Passed" start-time="2026-08-01 18:48:19Z" end-time="2026-08-01 18:48:19Z" duration="0.002378" asserts="0">
                  <properties>
                    <property name="retryIteration" value="0" />
                    <property name="repeatIteration" value="0" />
                  </properties>
                </test-case>
                <test-case id="1058" name="CardPlaySession_EarthquakeCrossingRightEdgeIsInvalidAndPure" fullname="TimeKey.Tests.EditMode.Terrain.EarthquakeResolutionTests.CardPlaySession_EarthquakeCrossingRightEdgeIsInvalidAndPure" methodname="CardPlaySession_EarthquakeCrossingRightEdgeIsInvalidAndPure" classname="TimeKey.Tests.EditMode.Terrain.EarthquakeResolutionTests" runstate="Runnable" seed="754734610" result="Passed" start-time="2026-08-01 18:48:19Z" end-time="2026-08-01 18:48:19Z" duration="0.000689" asserts="0">
                  <properties>
                    <property name="retryIteration" value="0" />
                    <property name="repeatIteration" value="0" />
                  </properties>
                </test-case>
                <test-case id="1056" name="CardPlaySession_EarthquakeTwoCellShapePreviewsAndCommitsOnce" fullname="TimeKey.Tests.EditMode.Terrain.EarthquakeResolutionTests.CardPlaySession_EarthquakeTwoCellShapePreviewsAndCommitsOnce" methodname="CardPlaySession_EarthquakeTwoCellShapePreviewsAndCommitsOnce" classname="TimeKey.Tests.EditMode.Terrain.EarthquakeResolutionTests" runstate="Runnable" seed="429943462" result="Passed" start-time="2026-08-01 18:48:19Z" end-time="2026-08-01 18:48:19Z" duration="0.000624" asserts="0">
                  <properties>
                    <property name="retryIteration" value="0" />
                    <property name="repeatIteration" value="0" />
                  </properties>
                </test-case>
                <test-case id="1055" name="CombatBoardState_ElevationAtGodotMinimumRemovesTileAtZero" fullname="TimeKey.Tests.EditMode.Terrain.EarthquakeResolutionTests.CombatBoardState_ElevationAtGodotMinimumRemovesTileAtZero" methodname="CombatBoardState_ElevationAtGodotMinimumRemovesTileAtZero" classname="TimeKey.Tests.EditMode.Terrain.EarthquakeResolutionTests" runstate="Runnable" seed="306897806" result="Passed" start-time="2026-08-01 18:48:19Z" end-time="2026-08-01 18:48:19Z" duration="0.000701" asserts="0">
                  <properties>
                    <property name="retryIteration" value="0" />
                    <property name="repeatIteration" value="0" />
                  </properties>
                </test-case>
                <test-case id="1060" name="Resolve_EarthquakeFixtureIsDeterministic" fullname="TimeKey.Tests.EditMode.Terrain.EarthquakeResolutionTests.Resolve_EarthquakeFixtureIsDeterministic" methodname="Resolve_EarthquakeFixtureIsDeterministic" classname="TimeKey.Tests.EditMode.Terrain.EarthquakeResolutionTests" runstate="Runnable" seed="1470761864" result="Passed" start-time="2026-08-01 18:48:19Z" end-time="2026-08-01 18:48:19Z" duration="0.000859" asserts="0">
                  <properties>
                    <property name="retryIteration" value="0" />
                    <property name="repeatIteration" value="0" />
                  </properties>
                </test-case>
                <test-case id="1052" name="Resolve_EarthquakeRaisesSevenExistingTilesByTwo" fullname="TimeKey.Tests.EditMode.Terrain.EarthquakeResolutionTests.Resolve_EarthquakeRaisesSevenExistingTilesByTwo" methodname="Resolve_EarthquakeRaisesSevenExistingTilesByTwo" classname="TimeKey.Tests.EditMode.Terrain.EarthquakeResolutionTests" runstate="Runnable" seed="2002510485" result="Passed" start-time="2026-08-01 18:48:19Z" end-time="2026-08-01 18:48:19Z" duration="0.000522" asserts="0">
                  <properties>
                    <property name="retryIteration" value="0" />
                    <property name="repeatIteration" value="0" />
                  </properties>
                </test-case>
                <test-case id="1054" name="Resolve_EarthquakeRemovesTileAboveGodotMaximum" fullname="TimeKey.Tests.EditMode.Terrain.EarthquakeResolutionTests.Resolve_EarthquakeRemovesTileAboveGodotMaximum" methodname="Resolve_EarthquakeRemovesTileAboveGodotMaximum" classname="TimeKey.Tests.EditMode.Terrain.EarthquakeResolutionTests" runstate="Runnable" seed="1966060047" result="Passed" start-time="2026-08-01 18:48:19Z" end-time="2026-08-01 18:48:19Z" duration="0.000289" asserts="0">
                  <properties>
                    <property name="retryIteration" value="0" />
                    <property name="repeatIteration" value="0" />
                  </properties>
                </test-case>
                <test-case id="1053" name="Resolve_EarthquakeSkipsMissingRangeTileWithoutCreatingIt" fullname="TimeKey.Tests.EditMode.Terrain.EarthquakeResolutionTests.Resolve_EarthquakeSkipsMissingRangeTileWithoutCreatingIt" methodname="Resolve_EarthquakeSkipsMissingRangeTileWithoutCreatingIt" classname="TimeKey.Tests.EditMode.Terrain.EarthquakeResolutionTests" runstate="Runnable" seed="1566285599" result="Passed" start-time="2026-08-01 18:48:19Z" end-time="2026-08-01 18:48:19Z" duration="0.000889" asserts="0">
                  <properties>
                    <property name="retryIteration" value="0" />
                    <property name="repeatIteration" value="0" />
                  </properties>
                </test-case>
                <test-case id="1059" name="TimelineAction_CopiesTargetEffectsAndRange" fullname="TimeKey.Tests.EditMode.Terrain.EarthquakeResolutionTests.TimelineAction_CopiesTargetEffectsAndRange" methodname="TimelineAction_CopiesTargetEffectsAndRange" classname="TimeKey.Tests.EditMode.Terrain.EarthquakeResolutionTests" runstate="Runnable" seed="272455188" result="Passed" start-time="2026-08-01 18:48:19Z" end-time="2026-08-01 18:48:19Z" duration="0.001091" asserts="0">
                  <properties>
                    <property name="retryIteration" value="0" />
                    <property name="repeatIteration" value="0" />
                  </properties>
                </test-case>
              </test-suite>
            </test-suite>
            <test-suite type="TestFixture" id="1015" name="TimelineClearGridTests" fullname="TimeKey.Tests.EditMode.TimelineClearGridTests" classname="TimeKey.Tests.EditMode.TimelineClearGridTests" runstate="Runnable" testcasecount="12" result="Passed" start-time="2026-08-01 18:48:19Z" end-time="2026-08-01 18:48:19Z" duration="0.011288" total="12" passed="12" failed="0" inconclusive="0" skipped="0" asserts="0">
              <properties />
              <test-case id="1028" name="ClearApiRejectsOrdinaryEffectInsteadOfAcceptingShapeFallback" fullname="TimeKey.Tests.EditMode.TimelineClearGridTests.ClearApiRejectsOrdinaryEffectInsteadOfAcceptingShapeFallback" methodname="ClearApiRejectsOrdinaryEffectInsteadOfAcceptingShapeFallback" classname="TimeKey.Tests.EditMode.TimelineClearGridTests" runstate="Runnable" seed="1426130860" result="Passed" start-time="2026-08-01 18:48:19Z" end-time="2026-08-01 18:48:19Z" duration="0.000669" asserts="0">
                <properties>
                  <property name="retryIteration" value="0" />
                  <property name="repeatIteration" value="0" />
                </properties>
              </test-case>
[...]
                  <properties>
                    <property name="retryIteration" value="0" />
                    <property name="repeatIteration" value="0" />
                  </properties>
                </test-case>
                <test-case id="1185" name="Parse_InvalidFrontImage_ThrowsFormatException(&quot;cards\\lighting.png&quot;)" fullname="TimeKey.Tests.Infrastructure.CardJsonAdapterTests.Parse_InvalidFrontImage_ThrowsFormatException(&quot;cards\\lighting.png&quot;)" methodname="Parse_InvalidFrontImage_ThrowsFormatException" classname="TimeKey.Tests.Infrastructure.CardJsonAdapterTests" runstate="Runnable" seed="86081915" result="Passed" start-time="2026-08-01 18:48:19Z" end-time="2026-08-01 18:48:19Z" duration="0.000049" asserts="0">
                  <properties>
                    <property name="retryIteration" value="0" />
                    <property name="repeatIteration" value="0" />
                  </properties>
                </test-case>
                <test-case id="1186" name="Parse_InvalidFrontImage_ThrowsFormatException(&quot;/lighting.png&quot;)" fullname="TimeKey.Tests.Infrastructure.CardJsonAdapterTests.Parse_InvalidFrontImage_ThrowsFormatException(&quot;/lighting.png&quot;)" methodname="Parse_InvalidFrontImage_ThrowsFormatException" classname="TimeKey.Tests.Infrastructure.CardJsonAdapterTests" runstate="Runnable" seed="864276277" result="Passed" start-time="2026-08-01 18:48:19Z" end-time="2026-08-01 18:48:19Z" duration="0.000040" asserts="0">
                  <properties>
                    <property name="retryIteration" value="0" />
                    <property name="repeatIteration" value="0" />
                  </properties>
                </test-case>
              </test-suite>
              <test-suite type="ParameterizedMethod" id="1190" name="Parse_InvalidShape_ThrowsFormatException" fullname="TimeKey.Tests.Infrastructure.CardJsonAdapterTests.Parse_InvalidShape_ThrowsFormatException" classname="TimeKey.Tests.Infrastructure.CardJsonAdapterTests" runstate="Runnable" testcasecount="2" result="Passed" start-time="2026-08-01 18:48:19Z" end-time="2026-08-01 18:48:19Z" duration="0.000612" total="2" passed="2" failed="0" inconclusive="0" skipped="0" asserts="0">
                <properties />
                <test-case id="1188" name="Parse_InvalidShape_ThrowsFormatException(&quot;1x&quot;)" fullname="TimeKey.Tests.Infrastructure.CardJsonAdapterTests.Parse_InvalidShape_ThrowsFormatException(&quot;1x&quot;)" methodname="Parse_InvalidShape_ThrowsFormatException" classname="TimeKey.Tests.Infrastructure.CardJsonAdapterTests" runstate="Runnable" seed="1771188925" result="Passed" start-time="2026-08-01 18:48:19Z" end-time="2026-08-01 18:48:19Z" duration="0.000243" asserts="0">
                  <properties>
                    <property name="retryIteration" value="0" />
                    <property name="repeatIteration" value="0" />
                  </properties>
                </test-case>
                <test-case id="1189" name="Parse_InvalidShape_ThrowsFormatException(&quot;x&quot;)" fullname="TimeKey.Tests.Infrastructure.CardJsonAdapterTests.Parse_InvalidShape_ThrowsFormatException(&quot;x&quot;)" methodname="Parse_InvalidShape_ThrowsFormatException" classname="TimeKey.Tests.Infrastructure.CardJsonAdapterTests" runstate="Runnable" seed="1293534232" result="Passed" start-time="2026-08-01 18:48:19Z" end-time="2026-08-01 18:48:19Z" duration="0.000083" asserts="0">
                  <properties>
                    <property name="retryIteration" value="0" />
                    <property name="repeatIteration" value="0" />
                  </properties>
                </test-case>
              </test-suite>
              <test-case id="1160" name="Parse_LightingFixture_PreservesLegacyValueProperty" fullname="TimeKey.Tests.Infrastructure.CardJsonAdapterTests.Parse_LightingFixture_PreservesLegacyValueProperty" methodname="Parse_LightingFixture_PreservesLegacyValueProperty" classname="TimeKey.Tests.Infrastructure.CardJsonAdapterTests" runstate="Runnable" seed="1497073191" result="Passed" start-time="2026-08-01 18:48:19Z" end-time="2026-08-01 18:48:19Z" duration="0.000778" asserts="0">
                <properties>
                  <property name="retryIteration" value="0" />
                  <property name="repeatIteration" value="0" />
                </properties>
              </test-case>
              <test-case id="1172" name="Parse_MissingEffects_ThrowsFormatException" fullname="TimeKey.Tests.Infrastructure.CardJsonAdapterTests.Parse_MissingEffects_ThrowsFormatException" methodname="Parse_MissingEffects_ThrowsFormatException" classname="TimeKey.Tests.Infrastructure.CardJsonAdapterTests" runstate="Runnable" seed="915301613" result="Passed" start-time="2026-08-01 18:48:19Z" end-time="2026-08-01 18:48:19Z" duration="0.000196" asserts="0">
                <properties>
                  <property name="retryIteration" value="0" />
                  <property name="repeatIteration" value="0" />
                </properties>
              </test-case>
              <test-case id="1171" name="Parse_MissingEffectValue_ThrowsFormatException" fullname="TimeKey.Tests.Infrastructure.CardJsonAdapterTests.Parse_MissingEffectValue_ThrowsFormatException" methodname="Parse_MissingEffectValue_ThrowsFormatException" classname="TimeKey.Tests.Infrastructure.CardJsonAdapterTests" runstate="Runnable" seed="980018360" result="Passed" start-time="2026-08-01 18:48:19Z" end-time="2026-08-01 18:48:19Z" duration="0.000179" asserts="0">
                <properties>
                  <property name="retryIteration" value="0" />
                  <property name="repeatIteration" value="0" />
                </properties>
              </test-case>
              <test-suite type="ParameterizedMethod" id="1159" name="Parse_RealFixture_PreservesContractFields" fullname="TimeKey.Tests.Infrastructure.CardJsonAdapterTests.Parse_RealFixture_PreservesContractFields" classname="TimeKey.Tests.Infrastructure.CardJsonAdapterTests" runstate="Runnable" testcasecount="7" result="Passed" start-time="2026-08-01 18:48:19Z" end-time="2026-08-01 18:48:19Z" duration="0.009899" total="7" passed="7" failed="0" inconclusive="0" skipped="0" asserts="0">
                <properties />
                <test-case id="1152" name="Parse_RealFixture_PreservesContractFields(lighting)" fullname="TimeKey.Tests.Infrastructure.CardJsonAdapterTests.Parse_RealFixture_PreservesContractFields(lighting)" methodname="Parse_RealFixture_PreservesContractFields" classname="TimeKey.Tests.Infrastructure.CardJsonAdapterTests" runstate="Runnable" seed="1019097526" result="Passed" start-time="2026-08-01 18:48:19Z" end-time="2026-08-01 18:48:19Z" duration="0.001652" asserts="0">
                  <properties>
                    <property name="retryIteration" value="0" />
                    <property name="repeatIteration" value="0" />
                  </properties>
                </test-case>
                <test-case id="1153" name="Parse_RealFixture_PreservesContractFields(earthquake)" fullname="TimeKey.Tests.Infrastructure.CardJsonAdapterTests.Parse_RealFixture_PreservesContractFields(earthquake)" methodname="Parse_RealFixture_PreservesContractFields" classname="TimeKey.Tests.Infrastructure.CardJsonAdapterTests" runstate="Runnable" seed="1377596670" result="Passed" start-time="2026-08-01 18:48:19Z" end-time="2026-08-01 18:48:19Z" duration="0.001261" asserts="0">
                  <properties>
                    <property name="retryIteration" value="0" />
                    <property name="repeatIteration" value="0" />
                  </properties>
                </test-case>
                <test-case id="1154" name="Parse_RealFixture_PreservesContractFields(wind)" fullname="TimeKey.Tests.Infrastructure.CardJsonAdapterTests.Parse_RealFixture_PreservesContractFields(wind)" methodname="Parse_RealFixture_PreservesContractFields" classname="TimeKey.Tests.Infrastructure.CardJsonAdapterTests" runstate="Runnable" seed="400158267" result="Passed" start-time="2026-08-01 18:48:19Z" end-time="2026-08-01 18:48:19Z" duration="0.001598" asserts="0">
                  <properties>
                    <property name="retryIteration" value="0" />
                    <property name="repeatIteration" value="0" />
                  </properties>
                </test-case>
                <test-case id="1155" name="Parse_RealFixture_PreservesContractFields(recover)" fullname="TimeKey.Tests.Infrastructure.CardJsonAdapterTests.Parse_RealFixture_PreservesContractFields(recover)" methodname="Parse_RealFixture_PreservesContractFields" classname="TimeKey.Tests.Infrastructure.CardJsonAdapterTests" runstate="Runnable" seed="165288243" result="Passed" start-time="2026-08-01 18:48:19Z" end-time="2026-08-01 18:48:19Z" duration="0.000509" asserts="0">
                  <properties>
                    <property name="retryIteration" value="0" />
                    <property name="repeatIteration" value="0" />
                  </properties>
                </test-case>
                <test-case id="1156" name="Parse_RealFixture_PreservesContractFields(tower)" fullname="TimeKey.Tests.Infrastructure.CardJsonAdapterTests.Parse_RealFixture_PreservesContractFields(tower)" methodname="Parse_RealFixture_PreservesContractFields" classname="TimeKey.Tests.Infrastructure.CardJsonAdapterTests" runstate="Runnable" seed="1665218511" result="Passed" start-time="2026-08-01 18:48:19Z" end-time="2026-08-01 18:48:19Z" duration="0.000887" asserts="0">
                  <properties>
                    <property name="retryIteration" value="0" />
                    <property name="repeatIteration" value="0" />
                  </properties>
                </test-case>
                <test-case id="1157" name="Parse_RealFixture_PreservesContractFields(poison)" fullname="TimeKey.Tests.Infrastructure.CardJsonAdapterTests.Parse_RealFixture_PreservesContractFields(poison)" methodname="Parse_RealFixture_PreservesContractFields" classname="TimeKey.Tests.Infrastructure.CardJsonAdapterTests" runstate="Runnable" seed="60879735" result="Passed" start-time="2026-08-01 18:48:19Z" end-time="2026-08-01 18:48:19Z" duration="0.000918" asserts="0">
                  <properties>
                    <property name="retryIteration" value="0" />
                    <property name="repeatIteration" value="0" />
                  </properties>
                </test-case>
                <test-case id="1158" name="Parse_RealFixture_PreservesContractFields(tornado)" fullname="TimeKey.Tests.Infrastructure.CardJsonAdapterTests.Parse_RealFixture_PreservesContractFields(tornado)" methodname="Parse_RealFixture_PreservesContractFields" classname="TimeKey.Tests.Infrastructure.CardJsonAdapterTests" runstate="Runnable" seed="1236313335" result="Passed" start-time="2026-08-01 18:48:19Z" end-time="2026-08-01 18:48:19Z" duration="0.001597" asserts="0">
                  <properties>
                    <property name="retryIteration" value="0" />
                    <property name="repeatIteration" value="0" />
                  </properties>
                </test-case>
              </test-suite>
              <test-case id="1192" name="Parse_ShapeRows_AcceptsWhitespaceSeparators" fullname="TimeKey.Tests.Infrastructure.CardJsonAdapterTests.Parse_ShapeRows_AcceptsWhitespaceSeparators" methodname="Parse_ShapeRows_AcceptsWhitespaceSeparators" classname="TimeKey.Tests.Infrastructure.CardJsonAdapterTests" runstate="Runnable" seed="933447760" result="Passed" start-time="2026-08-01 18:48:19Z" end-time="2026-08-01 18:48:19Z" duration="0.001108" asserts="0">
                <properties>
                  <property name="retryIteration" value="0" />
                  <property name="repeatIteration" value="0" />
                </properties>
              </test-case>
              <test-case id="1163" name="Parse_UnknownEffect_ThrowsFormatException" fullname="TimeKey.Tests.Infrastructure.CardJsonAdapterTests.Parse_UnknownEffect_ThrowsFormatException" methodname="Parse_UnknownEffect_ThrowsFormatException" classname="TimeKey.Tests.Infrastructure.CardJsonAdapterTests" runstate="Runnable" seed="843266477" result="Passed" start-time="2026-08-01 18:48:19Z" end-time="2026-08-01 18:48:19Z" duration="0.000386" asserts="0">
                <properties>
                  <property name="retryIteration" value="0" />
                  <property name="repeatIteration" value="0" />
                </properties>
              </test-case>
              <test-case id="1162" name="TryParse_MissingStableId_ReturnsExplicitFailure" fullname="TimeKey.Tests.Infrastructure.CardJsonAdapterTests.TryParse_MissingStableId_ReturnsExplicitFailure" methodname="TryParse_MissingStableId_ReturnsExplicitFailure" classname="TimeKey.Tests.Infrastructure.CardJsonAdapterTests" runstate="Runnable" seed="1137409783" result="Passed" start-time="2026-08-01 18:48:19Z" end-time="2026-08-01 18:48:19Z" duration="0.000434" asserts="0">
                <properties>
                  <property name="retryIteration" value="0" />
                  <property name="repeatIteration" value="0" />
                </properties>
              </test-case>
            </test-suite>
            <test-suite type="TestSuite" id="1206" name="Cards" fullname="TimeKey.Tests.Infrastructure.Cards" runstate="Runnable" testcasecount="4" result="Passed" start-time="2026-08-01 18:48:19Z" end-time="2026-08-01 18:48:19Z" duration="0.008858" total="4" passed="4" failed="0" inconclusive="0" skipped="0" asserts="0">
              <properties />
              <test-suite type="TestFixture" id="1196" name="CardContentCatalogTests" fullname="TimeKey.Tests.Infrastructure.Cards.CardContentCatalogTests" classname="TimeKey.Tests.Infrastructure.Cards.CardContentCatalogTests" runstate="Runnable" testcasecount="4" result="Passed" start-time="2026-08-01 18:48:19Z" end-time="2026-08-01 18:48:19Z" duration="0.008299" total="4" passed="4" failed="0" inconclusive="0" skipped="0" asserts="0">
                <properties />
                <test-case id="1200" name="Constructor_AdditionalOrdinaryCard_NeedsNoRoutingChange" fullname="TimeKey.Tests.Infrastructure.Cards.CardContentCatalogTests.Constructor_AdditionalOrdinaryCard_NeedsNoRoutingChange" methodname="Constructor_AdditionalOrdinaryCard_NeedsNoRoutingChange" classname="TimeKey.Tests.Infrastructure.Cards.CardContentCatalogTests" runstate="Runnable" seed="108569623" result="Passed" start-time="2026-08-01 18:48:19Z" end-time="2026-08-01 18:48:19Z" duration="0.003368" asserts="0">
                  <properties>
                    <property name="retryIteration" value="0" />
                    <property name="repeatIteration" value="0" />
                  </properties>
                </test-case>
                <test-case id="1198" name="Constructor_DuplicateStableId_FailsExplicitly" fullname="TimeKey.Tests.Infrastructure.Cards.CardContentCatalogTests.Constructor_DuplicateStableId_FailsExplicitly" methodname="Constructor_DuplicateStableId_FailsExplicitly" classname="TimeKey.Tests.Infrastructure.Cards.CardContentCatalogTests" runstate="Runnable" seed="588674958" result="Passed" start-time="2026-08-01 18:48:19Z" end-time="2026-08-01 18:48:19Z" duration="0.000523" asserts="0">
                  <properties>
                    <property name="retryIteration" value="0" />
                    <property name="repeatIteration" value="0" />
                  </properties>
                </test-case>
                <test-case id="1199" name="FromJson_InvalidDocument_PropagatesTypedSchemaFailure" fullname="TimeKey.Tests.Infrastructure.Cards.CardContentCatalogTests.FromJson_InvalidDocument_PropagatesTypedSchemaFailure" methodname="FromJson_InvalidDocument_PropagatesTypedSchemaFailure" classname="TimeKey.Tests.Infrastructure.Cards.CardContentCatalogTests" runstate="Runnable" seed="212915067" result="Passed" start-time="2026-08-01 18:48:19Z" end-time="2026-08-01 18:48:19Z" duration="0.000450" asserts="0">
                  <properties>
                    <property name="retryIteration" value="0" />
                    <property name="repeatIteration" value="0" />
                  </properties>
                </test-case>
                <test-case id="1197" name="FromJson_LoadsAllSevenRealCardsAndFrontImages" fullname="TimeKey.Tests.Infrastructure.Cards.CardContentCatalogTests.FromJson_LoadsAllSevenRealCardsAndFrontImages" methodname="FromJson_LoadsAllSevenRealCardsAndFrontImages" classname="TimeKey.Tests.Infrastructure.Cards.CardContentCatalogTests" runstate="Runnable" seed="495197094" result="Passed" start-time="2026-08-01 18:48:19Z" end-time="2026-08-01 18:48:19Z" duration="0.003005" asserts="0">
                  <properties>
                    <property name="retryIteration" value="0" />
                    <property name="repeatIteration" value="0" />
                  </properties>
                </test-case>
              </test-suite>
            </test-suite>
            <test-suite type="TestSuite" id="1205" name="Effects" fullname="TimeKey.Tests.Infrastructure.Effects" runstate="Runnable" testcasecount="2" result="Passed" start-time="2026-08-01 18:48:19Z" end-time="2026-08-01 18:48:19Z" duration="0.004638" total="2" passed="2" failed="0" inconclusive="0" skipped="0" asserts="0">
              <properties />
              <test-suite type="TestFixture" id="1193" name="CardEffectRegistrationCatalogTests" fullname="TimeKey.Tests.Infrastructure.Effects.CardEffectRegistrationCatalogTests" classname="TimeKey.Tests.Infrastructure.Effects.CardEffectRegistrationCatalogTests" runstate="Runnable" testcasecount="2" result="Passed" start-time="2026-08-01 18:48:19Z" end-time="2026-08-01 18:48:19Z" duration="0.004307" total="2" passed="2" failed="0" inconclusive="0" skipped="0" asserts="0">
                <properties />
                <test-case id="1195" name="Constructor_DuplicateKind_FailsExplicitly" fullname="TimeKey.Tests.Infrastructure.Effects.CardEffectRegistrationCatalogTests.Constructor_DuplicateKind_FailsExplicitly" methodname="Constructor_DuplicateKind_FailsExplicitly" classname="TimeKey.Tests.Infrastructure.Effects.CardEffectRegistrationCatalogTests" runstate="Runnable" seed="569219261" result="Passed" start-time="2026-08-01 18:48:19Z" end-time="2026-08-01 18:48:19Z" duration="0.001979" asserts="0">
                  <properties>
                    <property name="retryIteration" value="0" />
                    <property name="repeatIteration" value="0" />
                  </properties>
                </test-case>
                <test-case id="1194" name="VerticalSlice_RegistersImplementedOrdinaryAndClearEffectsByKind" fullname="TimeKey.Tests.Infrastructure.Effects.CardEffectRegistrationCatalogTests.VerticalSlice_RegistersImplementedOrdinaryAndClearEffectsByKind" methodname="VerticalSlice_RegistersImplementedOrdinaryAndClearEffectsByKind" classname="TimeKey.Tests.Infrastructure.Effects.CardEffectRegistrationCatalogTests" runstate="Runnable" seed="1809578452" result="Passed" start-time="2026-08-01 18:48:19Z" end-time="2026-08-01 18:48:19Z" duration="0.001706" asserts="0">
                  <properties>
                    <property name="retryIteration" value="0" />
                    <property name="repeatIteration" value="0" />
                  </properties>
                  <output><![CDATA[Saving results to: C:/Users/bulbel/AppData/LocalLow/TimeKey/Time Key Unity Slice\TestResults.xml
]]></output>
                </test-case>
              </test-suite>
            </test-suite>
          </test-suite>
        </test-suite>
      </test-suite>
    </test-suite>
  </test-suite>
</test-run>