<?xml version="1.0" encoding="utf-8"?>
<test-run id="2" testcasecount="38" result="Passed" total="38" passed="38" failed="0" inconclusive="0" skipped="0" asserts="0" engine-version="3.5.0.0" clr-version="4.0.30319.42000" start-time="2026-08-01 18:08:23Z" end-time="2026-08-01 18:08:34Z" duration="10.6003851">
  <test-suite type="TestSuite" id="1059" name="Time Key Unity Slice" fullname="Time Key Unity Slice" runstate="Runnable" testcasecount="38" result="Passed" start-time="2026-08-01 18:08:23Z" end-time="2026-08-01 18:08:34Z" duration="10.600385" total="38" passed="38" failed="0" inconclusive="0" skipped="0" asserts="0">
    <properties>
      <property name="platform" value="PlayMode" />
    </properties>
    <test-suite type="Assembly" id="1048" name="TimeKey.Tests.PlayMode.dll" fullname="D:/timekey-unity-731/Library/ScriptAssemblies/TimeKey.Tests.PlayMode.dll" runstate="Runnable" testcasecount="38" result="Passed" start-time="2026-08-01 18:08:23Z" end-time="2026-08-01 18:08:34Z" duration="10.594124" total="38" passed="38" failed="0" inconclusive="0" skipped="0" asserts="0">
      <properties>
        <property name="_PID" value="17228" />
        <property name="_APPDOMAIN" value="Unity Child Domain" />
        <property name="platform" value="PlayMode" />
        <property name="EditorOnly" value="False" />
      </properties>
      <test-suite type="TestSuite" id="1049" name="TimeKey" fullname="TimeKey" runstate="Runnable" testcasecount="38" result="Passed" start-time="2026-08-01 18:08:23Z" end-time="2026-08-01 18:08:34Z" duration="10.593580" total="38" passed="38" failed="0" inconclusive="0" skipped="0" asserts="0">
        <properties />
        <test-suite type="TestSuite" id="1050" name="Tests" fullname="TimeKey.Tests" runstate="Runnable" testcasecount="38" result="Passed" start-time="2026-08-01 18:08:23Z" end-time="2026-08-01 18:08:34Z" duration="10.592981" total="38" passed="38" failed="0" inconclusive="0" skipped="0" asserts="0">
          <properties />
          <test-suite type="TestSuite" id="1051" name="PlayMode" fullname="TimeKey.Tests.PlayMode" runstate="Runnable" testcasecount="38" result="Passed" start-time="2026-08-01 18:08:23Z" end-time="2026-08-01 18:08:34Z" duration="10.592741" total="38" passed="38" failed="0" inconclusive="0" skipped="0" asserts="0">
            <properties />
            <test-suite type="TestSuite" id="1056" name="Bindings" fullname="TimeKey.Tests.PlayMode.Bindings" runstate="Runnable" testcasecount="3" result="Passed" start-time="2026-08-01 18:08:23Z" end-time="2026-08-01 18:08:23Z" duration="0.054329" total="3" passed="3" failed="0" inconclusive="0" skipped="0" asserts="0">
              <properties />
              <test-suite type="TestFixture" id="1044" name="CombatPresentationBindingTests" fullname="TimeKey.Tests.PlayMode.Bindings.CombatPresentationBindingTests" classname="TimeKey.Tests.PlayMode.Bindings.CombatPresentationBindingTests" runstate="Runnable" testcasecount="3" result="Passed" start-time="2026-08-01 18:08:23Z" end-time="2026-08-01 18:08:23Z" duration="0.053456" total="3" passed="3" failed="0" inconclusive="0" skipped="0" asserts="0">
                <properties />
                <test-case id="1045" name="BindTwice_ForwardsOneResolveIntent_AndUnbindStopsForwarding" fullname="TimeKey.Tests.PlayMode.Bindings.CombatPresentationBindingTests.BindTwice_ForwardsOneResolveIntent_AndUnbindStopsForwarding" methodname="BindTwice_ForwardsOneResolveIntent_AndUnbindStopsForwarding" classname="TimeKey.Tests.PlayMode.Bindings.CombatPresentationBindingTests" runstate="Runnable" seed="568877024" result="Passed" start-time="2026-08-01 18:08:23Z" end-time="2026-08-01 18:08:23Z" duration="0.041551" asserts="0">
                  <properties>
                    <property name="retryIteration" value="0" />
                    <property name="repeatIteration" value="0" />
                  </properties>
                </test-case>
                <test-case id="1046" name="DisableEnable_RebindsOnceWithoutDuplicatingIntent" fullname="TimeKey.Tests.PlayMode.Bindings.CombatPresentationBindingTests.DisableEnable_RebindsOnceWithoutDuplicatingIntent" methodname="DisableEnable_RebindsOnceWithoutDuplicatingIntent" classname="TimeKey.Tests.PlayMode.Bindings.CombatPresentationBindingTests" runstate="Runnable" seed="415079328" result="Passed" start-time="2026-08-01 18:08:23Z" end-time="2026-08-01 18:08:23Z" duration="0.001362" asserts="0">
                  <properties>
                    <property name="retryIteration" value="0" />
                    <property name="repeatIteration" value="0" />
                  </properties>
                </test-case>
                <test-case id="1047" name="MissingSerializedPresenter_FailsBeforeBindingAndNamesTheField" fullname="TimeKey.Tests.PlayMode.Bindings.CombatPresentationBindingTests.MissingSerializedPresenter_FailsBeforeBindingAndNamesTheField" methodname="MissingSerializedPresenter_FailsBeforeBindingAndNamesTheField" classname="TimeKey.Tests.PlayMode.Bindings.CombatPresentationBindingTests" runstate="Runnable" seed="1418384805" result="Passed" start-time="2026-08-01 18:08:23Z" end-time="2026-08-01 18:08:23Z" duration="0.002133" asserts="0">
                  <properties>
                    <property name="retryIteration" value="0" />
                    <property name="repeatIteration" value="0" />
                  </properties>
                </test-case>
              </test-suite>
            </test-suite>
            <test-suite type="TestSuite" id="1055" name="Cards" fullname="TimeKey.Tests.PlayMode.Cards" runstate="Runnable" testcasecount="9" result="Passed" start-time="2026-08-01 18:08:23Z" end-time="2026-08-01 18:08:31Z" duration="7.307343" total="9" passed="9" failed="0" inconclusive="0" skipped="0" asserts="0">
              <properties />
              <test-suite type="TestFixture" id="1033" name="CardHandHostTests" fullname="TimeKey.Tests.PlayMode.Cards.CardHandHostTests" classname="TimeKey.Tests.PlayMode.Cards.CardHandHostTests" runstate="Runnable" testcasecount="5" result="Passed" start-time="2026-08-01 18:08:23Z" end-time="2026-08-01 18:08:24Z" duration="0.785225" total="5" passed="5" failed="0" inconclusive="0" skipped="0" asserts="0">
                <properties />
                <test-case id="1034" name="Build_MapsOrderedIdsAndIsIdempotent" fullname="TimeKey.Tests.PlayMode.Cards.CardHandHostTests.Build_MapsOrderedIdsAndIsIdempotent" methodname="Build_MapsOrderedIdsAndIsIdempotent" classname="TimeKey.Tests.PlayMode.Cards.CardHandHostTests" runstate="Runnable" seed="1154133972" result="Passed" start-time="2026-08-01 18:08:23Z" end-time="2026-08-01 18:08:24Z" duration="0.425796" asserts="0">
                  <properties>
                    <property name="_JOINTYPE" value="UnityCombinatorial" />
                    <property name="retryIteration" value="0" />
                    <property name="repeatIteration" value="0" />
                  </properties>
                </test-case>
                <test-case id="1037" name="DisabledHost_ConsumesPointersWithoutSelection" fullname="TimeKey.Tests.PlayMode.Cards.CardHandHostTests.DisabledHost_ConsumesPointersWithoutSelection" methodname="DisabledHost_ConsumesPointersWithoutSelection" classname="TimeKey.Tests.PlayMode.Cards.CardHandHostTests" runstate="Runnable" seed="575525281" result="Passed" start-time="2026-08-01 18:08:24Z" end-time="2026-08-01 18:08:24Z" duration="0.007152" asserts="0">
                  <properties>
                    <property name="_JOINTYPE" value="UnityCombinatorial" />
                    <property name="retryIteration" value="0" />
                    <property name="repeatIteration" value="0" />
                  </properties>
                </test-case>
                <test-case id="1036" name="DragEvents_BelongToOriginatingCardAndRestoreParent" fullname="TimeKey.Tests.PlayMode.Cards.CardHandHostTests.DragEvents_BelongToOriginatingCardAndRestoreParent" methodname="DragEvents_BelongToOriginatingCardAndRestoreParent" classname="TimeKey.Tests.PlayMode.Cards.CardHandHostTests" runstate="Runnable" seed="1232214983" result="Passed" start-time="2026-08-01 18:08:24Z" end-time="2026-08-01 18:08:24Z" duration="0.012499" asserts="0">
                  <properties>
                    <property name="_JOINTYPE" value="UnityCombinatorial" />
                    <property name="retryIteration" value="0" />
                    <property name="repeatIteration" value="0" />
                  </properties>
                </test-case>
                <test-case id="1038" name="RenderedTwoCardStates_FitThreeViewportsAndWriteEvidence" fullname="TimeKey.Tests.PlayMode.Cards.CardHandHostTests.RenderedTwoCardStates_FitThreeViewportsAndWriteEvidence" methodname="RenderedTwoCardStates_FitThreeViewportsAndWriteEvidence" classname="TimeKey.Tests.PlayMode.Cards.CardHandHostTests" runstate="Runnable" seed="1230918173" result="Passed" start-time="2026-08-01 18:08:24Z" end-time="2026-08-01 18:08:24Z" duration="0.325690" asserts="0">
                  <properties>
                    <property name="_JOINTYPE" value="UnityCombinatorial" />
                    <property name="retryIteration" value="0" />
                    <property name="repeatIteration" value="0" />
                  </properties>
                </test-case>
                <test-case id="1035" name="SelectingSecondCard_CancelsFirstAndRestoresBothPoses" fullname="TimeKey.Tests.PlayMode.Cards.CardHandHostTests.SelectingSecondCard_CancelsFirstAndRestoresBothPoses" methodname="SelectingSecondCard_CancelsFirstAndRestoresBothPoses" classname="TimeKey.Tests.PlayMode.Cards.CardHandHostTests" runstate="Runnable" seed="781337808" result="Passed" start-time="2026-08-01 18:08:24Z" end-time="2026-08-01 18:08:24Z" duration="0.012277" asserts="0">
                  <properties>
                    <property name="_JOINTYPE" value="UnityCombinatorial" />
                    <property name="retryIteration" value="0" />
                    <property name="repeatIteration" value="0" />
                  </properties>
                </test-case>
              </test-suite>
              <test-suite type="TestFixture" id="1039" name="CardHandViewTests" fullname="TimeKey.Tests.PlayMode.Cards.CardHandViewTests" classname="TimeKey.Tests.PlayMode.Cards.CardHandViewTests" runstate="Runnable" testcasecount="4" result="Passed" start-time="2026-08-01 18:08:24Z" end-time="2026-08-01 18:08:31Z" duration="6.519829" total="4" passed="4" failed="0" inconclusive="0" skipped="0" asserts="0">
                <properties />
                <test-case id="1041" name="Drag_EmitsPhasesConsumesInputAndRestoresPose" fullname="TimeKey.Tests.PlayMode.Cards.CardHandViewTests.Drag_EmitsPhasesConsumesInputAndRestoresPose" methodname="Drag_EmitsPhasesConsumesInputAndRestoresPose" classname="TimeKey.Tests.PlayMode.Cards.CardHandViewTests" runstate="Runnable" seed="1381538733" result="Passed" start-time="2026-08-01 18:08:24Z" end-time="2026-08-01 18:08:24Z" duration="0.360522" asserts="0">
                  <properties>
                    <property name="_JOINTYPE" value="UnityCombinatorial" />
                    <property name="retryIteration" value="0" />
                    <property name="repeatIteration" value="0" />
                  </properties>
                </test-case>
                <test-case id="1040" name="HoverSelectAndCancel_AreStableAndEmitOnce" fullname="TimeKey.Tests.PlayMode.Cards.CardHandViewTests.HoverSelectAndCancel_AreStableAndEmitOnce" methodname="HoverSelectAndCancel_AreStableAndEmitOnce" classname="TimeKey.Tests.PlayMode.Cards.CardHandViewTests" runstate="Runnable" seed="987668860" result="Passed" start-time="2026-08-01 18:08:24Z" end-time="2026-08-01 18:08:25Z" duration="0.857030" asserts="0">
                  <properties>
                    <property name="_JOINTYPE" value="UnityCombinatorial" />
                    <property name="retryIteration" value="0" />
                    <property name="repeatIteration" value="0" />
                  </properties>
                </test-case>
                <test-case id="1043" name="RenderedStates_FitThreeViewportsAndHaveDistinctCardPixels" fullname="TimeKey.Tests.PlayMode.Cards.CardHandViewTests.RenderedStates_FitThreeViewportsAndHaveDistinctCardPixels" methodname="RenderedStates_FitThreeViewportsAndHaveDistinctCardPixels" classname="TimeKey.Tests.PlayMode.Cards.CardHandViewTests" runstate="Runnable" seed="2090896780" result="Passed" start-time="2026-08-01 18:08:25Z" end-time="2026-08-01 18:08:31Z" duration="5.280203" asserts="0">
                  <properties>
                    <property name="_JOINTYPE" value="UnityCombinatorial" />
                    <property name="retryIteration" value="0" />
                    <property name="repeatIteration" value="0" />
                  </properties>
                </test-case>
                <test-case id="1042" name="RepeatedBuild_DoesNotDuplicateHierarchyOrEventsAndStillBlocksPointers" fullname="TimeKey.Tests.PlayMode.Cards.CardHandViewTests.RepeatedBuild_DoesNotDuplicateHierarchyOrEventsAndStillBlocksPointers" methodname="RepeatedBuild_DoesNotDuplicateHierarchyOrEventsAndStillBlocksPointers" classname="TimeKey.Tests.PlayMode.Cards.CardHandViewTests" runstate="Runnable" seed="704006742" result="Passed" start-time="2026-08-01 18:08:31Z" end-time="2026-08-01 18:08:31Z" duration="0.020354" asserts="0">
                  <properties>
                    <property name="_JOINTYPE" value="UnityCombinatorial" />
                    <property name="retryIteration" value="0" />
                    <property name="repeatIteration" value="0" />
                  </properties>
                </test-case>
              </test-suite>
            </test-suite>
            <test-suite type="TestFixture" id="1001" name="CombatVerticalSliceTests" fullname="TimeKey.Tests.PlayMode.CombatVerticalSliceTests" classname="TimeKey.Tests.PlayMode.CombatVerticalSliceTests" runstate="Runnable" testcasecount="15" result="Passed" start-time="2026-08-01 18:08:31Z" end-time="2026-08-01 18:08:34Z" duration="3.053043" total="15" passed="15" failed="0" inconclusive="0" skipped="0" asserts="0">
              <properties />
              <test-case id="1005" name="BoardSelection_IsStableAndInterfaceBlocksWorldInput" fullname="TimeKey.Tests.PlayMode.CombatVerticalSliceTests.BoardSelection_IsStableAndInterfaceBlocksWorldInput" methodname="BoardSelection_IsStableAndInterfaceBlocksWorldInput" classname="TimeKey.Tests.PlayMode.CombatVerticalSliceTests" runstate="Runnable" seed="246121958" result="Passed" start-time="2026-08-01 18:08:31Z" end-time="2026-08-01 18:08:31Z" duration="0.347195" asserts="0">
                <properties>
                  <property name="_JOINTYPE" value="UnityCombinatorial" />
                  <property name="retryIteration" value="0" />
                  <property name="repeatIteration" value="0" />
                </properties>
              </test-case>
              <test-case id="1008" name="Built_PublicScenePathCreatesTowerPrefabViewOnEmptyTile" fullname="TimeKey.Tests.PlayMode.CombatVerticalSliceTests.Built_PublicScenePathCreatesTowerPrefabViewOnEmptyTile" methodname="Built_PublicScenePathCreatesTowerPrefabViewOnEmptyTile" classname="TimeKey.Tests.PlayMode.CombatVerticalSliceTests" runstate="Runnable" seed="1523007472" result="Passed" start-time="2026-08-01 18:08:31Z" end-time="2026-08-01 18:08:31Z" duration="0.173891" asserts="0">
                <properties>
                  <property name="_JOINTYPE" value="UnityCombinatorial" />
                  <property name="retryIteration" value="0" />
                  <property name="repeatIteration" value="0" />
                </properties>
                <output><![CDATA[TIMEKEY_COMBAT_TRACE|command=dispose|phaseBefore=Idle|phaseAfter=Disposed
TIMEKEY_COMBAT_TRACE|command=select-card|phaseBefore=Idle|phaseAfter=CardSelected|card=tower
TIMEKEY_COMBAT_TRACE|command=select-target|phaseBefore=CardSelected|phaseAfter=TargetSelected|card=tower|coordinate=TimeKey.Domain.HexCoord
TIMEKEY_COMBAT_TRACE|command=preview-timeline|phaseBefore=TargetSelected|phaseAfter=TimelinePreview|card=tower|coordinate=TimeKey.Domain.HexCoord|origin=TimeKey.Domain.TimelineCell
TIMEKEY_COMBAT_TRACE|command=preview-timeline|phaseBefore=TimelinePreview|phaseAfter=TimelinePreview|card=tower|coordinate=TimeKey.Domain.HexCoord|origin=TimeKey.Domain.TimelineCell
TIMEKEY_COMBAT_TRACE|command=commit-timeline|phaseBefore=TimelinePreview|phaseAfter=Committed|card=tower|coordinate=TimeKey.Domain.HexCoord|origin=TimeKey.Domain.TimelineCell
TIMEKEY_COMBAT_TRACE|command=resolve-effect|phaseBefore=Resolved|phaseAfter=Resolved|card=tower|target=built:tower:0:0|coordinate=TimeKey.Domain.HexCoord|origin=TimeKey.Domain.TimelineCell|effect=Built|before=0|after=100
TIMEKEY_COMBAT_TRACE|command=resolve-timeline|phaseBefore=Committed|phaseAfter=Resolved|card=tower|coordinate=TimeKey.Domain.HexCoord|origin=TimeKey.Domain.TimelineCell
]]></output>
              </test-case>
              <test-case id="1016" name="CardArtwork_BlocksWorldInputAndKeepsOriginalAspect" fullname="TimeKey.Tests.PlayMode.CombatVerticalSliceTests.CardArtwork_BlocksWorldInputAndKeepsOriginalAspect" methodname="CardArtwork_BlocksWorldInputAndKeepsOriginalAspect" classname="TimeKey.Tests.PlayMode.CombatVerticalSliceTests" runstate="Runnable" seed="1927655049" result="Passed" start-time="2026-08-01 18:08:31Z" end-time="2026-08-01 18:08:31Z" duration="0.141765" asserts="0">
                <properties>
                  <property name="_JOINTYPE" value="UnityCombinatorial" />
                  <property name="retryIteration" value="0" />
                  <property name="repeatIteration" value="0" />
                </properties>
                <output><![CDATA[TIMEKEY_COMBAT_TRACE|command=dispose|phaseBefore=Resolved|phaseAfter=Disposed
]]></output>
              </test-case>
              <test-case id="1012" name="CardSelectionAndCancel_RestoreHandAndOrbitInput" fullname="TimeKey.Tests.PlayMode.CombatVerticalSliceTests.CardSelectionAndCancel_RestoreHandAndOrbitInput" methodname="CardSelectionAndCancel_RestoreHandAndOrbitInput" classname="TimeKey.Tests.PlayMode.CombatVerticalSliceTests" runstate="Runnable" seed="534718849" result="Passed" start-time="2026-08-01 18:08:31Z" end-time="2026-08-01 18:08:31Z" duration="0.134593" asserts="0">
                <properties>
                  <property name="_JOINTYPE" value="UnityCombinatorial" />
                  <property name="retryIteration" value="0" />
                  <property name="repeatIteration" value="0" />
                </properties>
                <output><![CDATA[TIMEKEY_COMBAT_TRACE|command=dispose|phaseBefore=Idle|phaseAfter=Disposed
TIMEKEY_COMBAT_TRACE|command=select-card|phaseBefore=Idle|phaseAfter=CardSelected|card=lighting
TIMEKEY_COMBAT_TRACE|command=cancel-card|phaseBefore=CardSelected|phaseAfter=Cancelled|card=lighting
]]></output>
              </test-case>
              <test-case id="1006" name="CompletePath_ResolvesLightingBeforeEnemyIntent" fullname="TimeKey.Tests.PlayMode.CombatVerticalSliceTests.CompletePath_ResolvesLightingBeforeEnemyIntent" methodname="CompletePath_ResolvesLightingBeforeEnemyIntent" classname="TimeKey.Tests.PlayMode.CombatVerticalSliceTests" runstate="Runnable" seed="392299935" result="Passed" start-time="2026-08-01 18:08:31Z" end-time="2026-08-01 18:08:32Z" duration="0.138164" asserts="0">
                <properties>
                  <property name="_JOINTYPE" value="UnityCombinatorial" />
                  <property name="retryIteration" value="0" />
                  <property name="repeatIteration" value="0" />
                </properties>
                <output><![CDATA[TIMEKEY_COMBAT_TRACE|command=dispose|phaseBefore=Cancelled|phaseAfter=Disposed
TIMEKEY_COMBAT_TRACE|command=select-card|phaseBefore=Idle|phaseAfter=CardSelected|card=lighting
TIMEKEY_COMBAT_TRACE|command=select-target|phaseBefore=CardSelected|phaseAfter=TargetSelected|card=lighting|target=target-01|coordinate=TimeKey.Domain.HexCoord
TIMEKEY_COMBAT_TRACE|command=preview-timeline|phaseBefore=TargetSelected|phaseAfter=TimelinePreview|card=lighting|target=target-01|coordinate=TimeKey.Domain.HexCoord|origin=TimeKey.Domain.TimelineCell
TIMEKEY_COMBAT_TRACE|command=commit-timeline|phaseBefore=TimelinePreview|phaseAfter=Committed|card=lighting|target=target-01|coordinate=TimeKey.Domain.HexCoord|origin=TimeKey.Domain.TimelineCell
TIMEKEY_COMBAT_TRACE|command=resolve-effect|phaseBefore=Resolved|phaseAfter=Resolved|card=lighting|target=target-01|coordinate=TimeKey.Domain.HexCoord|origin=TimeKey.Domain.TimelineCell|effect=Damage|before=10|after=0
TIMEKEY_COMBAT_TRACE|command=resolve-timeline|phaseBefore=Committed|phaseAfter=Resolved|card=lighting|target=target-01|coordinate=TimeKey.Domain.HexCoord|origin=TimeKey.Domain.TimelineCell
]]></output>
              </test-case>
              <test-case id="1014" name="Earthquake_RaisesSevenRealColumnsAndKeepsCardinalSelection" fullname="TimeKey.Tests.PlayMode.CombatVerticalSliceTests.Earthquake_RaisesSevenRealColumnsAndKeepsCardinalSelection" methodname="Earthquake_RaisesSevenRealColumnsAndKeepsCardinalSelection" classname="TimeKey.Tests.PlayMode.CombatVerticalSliceTests" runstate="Runnable" seed="493717729" result="Passed" start-time="2026-08-01 18:08:32Z" end-time="2026-08-01 18:08:32Z" duration="0.146536" asserts="0">
                <properties>
                  <property name="_JOINTYPE" value="UnityCombinatorial" />
                  <property name="retryIteration" value="0" />
                  <property name="repeatIteration" value="0" />
                </properties>
                <output><![CDATA[TIMEKEY_COMBAT_TRACE|command=dispose|phaseBefore=Resolved|phaseAfter=Disposed
TIMEKEY_COMBAT_TRACE|command=select-card|phaseBefore=Idle|phaseAfter=CardSelected|card=earthquake
TIMEKEY_COMBAT_TRACE|command=select-target|phaseBefore=CardSelected|phaseAfter=TargetSelected|card=earthquake|coordinate=TimeKey.Domain.HexCoord
TIMEKEY_COMBAT_TRACE|command=preview-timeline|phaseBefore=TargetSelected|phaseAfter=TimelinePreview|card=earthquake|coordinate=TimeKey.Domain.HexCoord|origin=TimeKey.Domain.TimelineCell|failure=InvalidTimelinePlacement
TIMEKEY_COMBAT_TRACE|command=preview-timeline|phaseBefore=TimelinePreview|phaseAfter=TimelinePreview|card=earthquake|coordinate=TimeKey.Domain.HexCoord|origin=TimeKey.Domain.TimelineCell
TIMEKEY_COMBAT_TRACE|command=preview-timeline|phaseBefore=TimelinePreview|phaseAfter=TimelinePreview|card=earthquake|coordinate=TimeKey.Domain.HexCoord|origin=TimeKey.Domain.TimelineCell
TIMEKEY_COMBAT_TRACE|command=commit-timeline|phaseBefore=TimelinePreview|phaseAfter=Committed|card=earthquake|coordinate=TimeKey.Domain.HexCoord|origin=TimeKey.Domain.TimelineCell
TIMEKEY_COMBAT_TRACE|command=resolve-effect|phaseBefore=Resolved|phaseAfter=Resolved|card=earthquake|coordinate=TimeKey.Domain.HexCoord|origin=TimeKey.Domain.TimelineCell|effect=Elevation|before=1|after=3
TIMEKEY_COMBAT_TRACE|command=resolve-effect|phaseBefore=Resolved|phaseAfter=Resolved|card=earthquake|coordinate=TimeKey.Domain.HexCoord|origin=TimeKey.Domain.TimelineCell|effect=Elevation|before=2|after=4
TIMEKEY_COMBAT_TRACE|command=resolve-effect|phaseBefore=Resolved|phaseAfter=Resolved|card=earthquake|coordinate=TimeKey.Domain.HexCoord|origin=TimeKey.Domain.TimelineCell|effect=Elevation|before=1|after=3
TIMEKEY_COMBAT_TRACE|command=resolve-effect|phaseBefore=Resolved|phaseAfter=Resolved|card=earthquake|coordinate=TimeKey.Domain.HexCoord|origin=TimeKey.Domain.TimelineCell|effect=Elevation|before=1|after=3
TIMEKEY_COMBAT_TRACE|command=resolve-effect|phaseBefore=Resolved|phaseAfter=Resolved|card=earthquake|coordinate=TimeKey.Domain.HexCoord|origin=TimeKey.Domain.TimelineCell|effect=Elevation|before=1|after=3
TIMEKEY_COMBAT_TRACE|command=resolve-effect|phaseBefore=Resolved|phaseAfter=Resolved|card=earthquake|coordinate=TimeKey.Domain.HexCoord|origin=TimeKey.Domain.TimelineCell|effect=Elevation|before=2|after=4
TIMEKEY_COMBAT_TRACE|command=resolve-effect|phaseBefore=Resolved|phaseAfter=Resolved|card=earthquake|coordinate=TimeKey.Domain.HexCoord|origin=TimeKey.Domain.TimelineCell|effect=Elevation|before=1|after=3
TIMEKEY_COMBAT_TRACE|command=resolve-timeline|phaseBefore=Committed|phaseAfter=Resolved|card=earthquake|coordinate=TimeKey.Domain.HexCoord|origin=TimeKey.Domain.TimelineCell
]]></output>
              </test-case>
              <test-case id="1004" name="OrbitCamera_ClampsBoundsAndKeepsTargetSelectableAtCardinalAngles" fullname="TimeKey.Tests.PlayMode.CombatVerticalSliceTests.OrbitCamera_ClampsBoundsAndKeepsTargetSelectableAtCardinalAngles" methodname="OrbitCamera_ClampsBoundsAndKeepsTargetSelectableAtCardinalAngles" classname="TimeKey.Tests.PlayMode.CombatVerticalSliceTests" runstate="Runnable" seed="216672978" result="Passed" start-time="2026-08-01 18:08:32Z" end-time="2026-08-01 18:08:32Z" duration="0.133660" asserts="0">
                <properties>
                  <property name="_JOINTYPE" value="UnityCombinatorial" />
                  <property name="retryIteration" value="0" />
                  <property name="repeatIteration" value="0" />
                </properties>
                <output><![CDATA[TIMEKEY_COMBAT_TRACE|command=dispose|phaseBefore=Resolved|phaseAfter=Disposed
TIMEKEY_COMBAT_TRACE|command=select-card|phaseBefore=Idle|phaseAfter=CardSelected|card=lighting
TIMEKEY_COMBAT_TRACE|command=select-target|phaseBefore=CardSelected|phaseAfter=TargetSelected|card=lighting|target=target-01|coordinate=TimeKey.Domain.HexCoord
TIMEKEY_COMBAT_TRACE|command=select-target|phaseBefore=TargetSelected|phaseAfter=TargetSelected|card=lighting|target=target-01|coordinate=TimeKey.Domain.HexCoord
TIMEKEY_COMBAT_TRACE|command=select-target|phaseBefore=TargetSelected|phaseAfter=TargetSelected|card=lighting|target=target-01|coordinate=TimeKey.Domain.HexCoord
TIMEKEY_COMBAT_TRACE|command=select-target|phaseBefore=TargetSelected|phaseAfter=TargetSelected|card=lighting|target=target-01|coordinate=TimeKey.Domain.HexCoord
]]></output>
              </test-case>
              <test-case id="1009" name="Poison_PublicScenePathShowsOriginalIconAndStackCount" fullname="TimeKey.Tests.PlayMode.CombatVerticalSliceTests.Poison_PublicScenePathShowsOriginalIconAndStackCount" methodname="Poison_PublicScenePathShowsOriginalIconAndStackCount" classname="TimeKey.Tests.PlayMode.CombatVerticalSliceTests" runstate="Runnable" seed="507811239" result="Passed" start-time="2026-08-01 18:08:32Z" end-time="2026-08-01 18:08:33Z" duration="0.832012" asserts="0">
                <properties>
                  <property name="_JOINTYPE" value="UnityCombinatorial" />
                  <property name="retryIteration" value="0" />
                  <property name="repeatIteration" value="0" />
                </properties>
                <output><![CDATA[TIMEKEY_COMBAT_TRACE|command=dispose|phaseBefore=TargetSelected|phaseAfter=Disposed
TIMEKEY_COMBAT_TRACE|command=select-card|phaseBefore=Idle|phaseAfter=CardSelected|card=poison
TIMEKEY_COMBAT_TRACE|command=select-target|phaseBefore=CardSelected|phaseAfter=TargetSelected|card=poison|target=target-01|coordinate=TimeKey.Domain.HexCoord
TIMEKEY_COMBAT_TRACE|command=preview-timeline|phaseBefore=TargetSelected|phaseAfter=TimelinePreview|card=poison|target=target-01|coordinate=TimeKey.Domain.HexCoord|origin=TimeKey.Domain.TimelineCell
TIMEKEY_COMBAT_TRACE|command=preview-timeline|phaseBefore=TimelinePreview|phaseAfter=TimelinePreview|card=poison|target=target-01|coordinate=TimeKey.Domain.HexCoord|origin=TimeKey.Domain.TimelineCell
TIMEKEY_COMBAT_TRACE|command=commit-timeline|phaseBefore=TimelinePreview|phaseAfter=Committed|card=poison|target=target-01|coordinate=TimeKey.Domain.HexCoord|origin=TimeKey.Domain.TimelineCell
TIMEKEY_COMBAT_TRACE|command=resolve-effect|phaseBefore=Resolved|phaseAfter=Resolved|card=poison|target=target-01|coordinate=TimeKey.Domain.HexCoord|origin=TimeKey.Domain.TimelineCell|effect=Poison|before=0|after=2
TIMEKEY_COMBAT_TRACE|command=resolve-timeline|phaseBefore=Committed|phaseAfter=Resolved|card=poison|target=target-01|coordinate=TimeKey.Domain.HexCoord|origin=TimeKey.Domain.TimelineCell
]]></output>
              </test-case>
              <test-case id="1007" name="Recover_PublicScenePathRestoresTargetAndReportsOccupantResult" fullname="TimeKey.Tests.PlayMode.CombatVerticalSliceTests.Recover_PublicScenePathRestoresTargetAndReportsOccupantResult" methodname="Recover_PublicScenePathRestoresTargetAndReportsOccupantResult" classname="TimeKey.Tests.PlayMode.CombatVerticalSliceTests" runstate="Runnable" seed="1135462286" result="Passed" start-time="2026-08-01 18:08:33Z" end-time="2026-08-01 18:08:33Z" duration="0.149556" asserts="0">
                <properties>
                  <property name="_JOINTYPE" value="UnityCombinatorial" />
                  <property name="retryIteration" value="0" />
                  <property name="repeatIteration" value="0" />
                </properties>
                <output><![CDATA[TIMEKEY_COMBAT_TRACE|command=dispose|phaseBefore=Resolved|phaseAfter=Disposed
TIMEKEY_COMBAT_TRACE|command=select-card|phaseBefore=Idle|phaseAfter=CardSelected|card=recover
TIMEKEY_COMBAT_TRACE|command=select-target|phaseBefore=CardSelected|phaseAfter=TargetSelected|card=recover|target=target-01|coordinate=TimeKey.Domain.HexCoord
TIMEKEY_COMBAT_TRACE|command=preview-timeline|phaseBefore=TargetSelected|phaseAfter=TimelinePreview|card=recover|target=target-01|coordinate=TimeKey.Domain.HexCoord|origin=TimeKey.Domain.TimelineCell
TIMEKEY_COMBAT_TRACE|command=commit-timeline|phaseBefore=TimelinePreview|phaseAfter=Committed|card=recover|target=target-01|coordinate=TimeKey.Domain.HexCoord|origin=TimeKey.Domain.TimelineCell
TIMEKEY_COMBAT_TRACE|command=resolve-effect|phaseBefore=Resolved|phaseAfter=Resolved|card=recover|target=target-01|coordinate=TimeKey.Domain.HexCoord|origin=TimeKey.Domain.TimelineCell|effect=Recover|before=10|after=100
TIMEKEY_COMBAT_TRACE|command=resolve-timeline|phaseBefore=Committed|phaseAfter=Resolved|card=recover|target=target-01|coordinate=TimeKey.Domain.HexCoord|origin=TimeKey.Domain.TimelineCell
]]></output>
              </test-case>
              <test-case id="1002" name="SceneBuild_IsCompleteAndIdempotent" fullname="TimeKey.Tests.PlayMode.CombatVerticalSliceTests.SceneBuild_IsCompleteAndIdempotent" methodname="SceneBuild_IsCompleteAndIdempotent" classname="TimeKey.Tests.PlayMode.CombatVerticalSliceTests" runstate="Runnable" seed="417536827" result="Passed" start-time="2026-08-01 18:08:33Z" end-time="2026-08-01 18:08:33Z" duration="0.135775" asserts="0">
                <properties>
                  <property name="_JOINTYPE" value="UnityCombinatorial" />
                  <property name="retryIteration" value="0" />
                  <property name="repeatIteration" value="0" />
                </properties>
                <output><![CDATA[TIMEKEY_COMBAT_TRACE|command=dispose|phaseBefore=Resolved|phaseAfter=Disposed
]]></output>
              </test-case>
              <test-case id="1003" name="SerializedScene_DisableEnableAndRepeatedBuildDoNotDuplicateRuntimeContent" fullname="TimeKey.Tests.PlayMode.CombatVerticalSliceTests.SerializedScene_DisableEnableAndRepeatedBuildDoNotDuplicateRuntimeContent" methodname="SerializedScene_DisableEnableAndRepeatedBuildDoNotDuplicateRuntimeContent" classname="TimeKey.Tests.PlayMode.CombatVerticalSliceTests" runstate="Runnable" seed="748558893" result="Passed" start-time="2026-08-01 18:08:33Z" end-time="2026-08-01 18:08:33Z" duration="0.145506" asserts="0">
                <properties>
                  <property name="_JOINTYPE" value="UnityCombinatorial" />
                  <property name="retryIteration" value="0" />
                  <property name="repeatIteration" value="0" />
                </properties>
                <output><![CDATA[TIMEKEY_COMBAT_TRACE|command=dispose|phaseBefore=Idle|phaseAfter=Disposed
]]></output>
              </test-case>
              <test-case id="1013" name="SevenCardHand_UsesFrontImagesAndRegisteredEffectsControlInteraction" fullname="TimeKey.Tests.PlayMode.CombatVerticalSliceTests.SevenCardHand_UsesFrontImagesAndRegisteredEffectsControlInteraction" methodname="SevenCardHand_UsesFrontImagesAndRegisteredEffectsControlInteraction" classname="TimeKey.Tests.PlayMode.CombatVerticalSliceTests" runstate="Runnable" seed="233755636" result="Passed" start-time="2026-08-01 18:08:33Z" end-time="2026-08-01 18:08:33Z" duration="0.140591" asserts="0">
                <properties>
                  <property name="_JOINTYPE" value="UnityCombinatorial" />
                  <property name="retryIteration" value="0" />
                  <property name="repeatIteration" value="0" />
                </properties>
                <output><![CDATA[TIMEKEY_COMBAT_TRACE|command=dispose|phaseBefore=Idle|phaseAfter=Disposed
TIMEKEY_COMBAT_TRACE|command=select-card|phaseBefore=Idle|phaseAfter=CardSelected|card=lighting
TIMEKEY_COMBAT_TRACE|command=cancel-card|phaseBefore=CardSelected|phaseAfter=Cancelled|card=lighting
TIMEKEY_COMBAT_TRACE|command=select-card|phaseBefore=Cancelled|phaseAfter=CardSelected|card=earthquake
TIMEKEY_COMBAT_TRACE|command=cancel-card|phaseBefore=CardSelected|phaseAfter=Cancelled|card=earthquake
TIMEKEY_COMBAT_TRACE|command=select-card|phaseBefore=Cancelled|phaseAfter=CardSelected|card=poison
]]></output>
              </test-case>
              <test-case id="1015" name="TargetAndTimelinePreview_DoNotMutateUntilCommitAndSurviveOrbitChanges" fullname="TimeKey.Tests.PlayMode.CombatVerticalSliceTests.TargetAndTimelinePreview_DoNotMutateUntilCommitAndSurviveOrbitChanges" methodname="TargetAndTimelinePreview_DoNotMutateUntilCommitAndSurviveOrbitChanges" classname="TimeKey.Tests.PlayMode.CombatVerticalSliceTests" runstate="Runnable" seed="744929904" result="Passed" start-time="2026-08-01 18:08:33Z" end-time="2026-08-01 18:08:33Z" duration="0.143291" asserts="0">
                <properties>
                  <property name="_JOINTYPE" value="UnityCombinatorial" />
                  <property name="retryIteration" value="0" />
                  <property name="repeatIteration" value="0" />
                </properties>
                <output><![CDATA[TIMEKEY_COMBAT_TRACE|command=dispose|phaseBefore=CardSelected|phaseAfter=Disposed
TIMEKEY_COMBAT_TRACE|command=select-card|phaseBefore=Idle|phaseAfter=CardSelected|card=lighting
TIMEKEY_COMBAT_TRACE|command=select-target|phaseBefore=CardSelected|phaseAfter=TargetSelected|card=lighting|target=target-01|coordinate=TimeKey.Domain.HexCoord
TIMEKEY_COMBAT_TRACE|command=preview-timeline|phaseBefore=TargetSelected|phaseAfter=TimelinePreview|card=lighting|target=target-01|coordinate=TimeKey.Domain.HexCoord|origin=TimeKey.Domain.TimelineCell|failure=InvalidTimelinePlacement
TIMEKEY_COMBAT_TRACE|command=preview-timeline|phaseBefore=TimelinePreview|phaseAfter=TimelinePreview|card=lighting|target=target-01|coordinate=TimeKey.Domain.HexCoord|origin=TimeKey.Domain.TimelineCell
TIMEKEY_COMBAT_TRACE|command=preview-timeline|phaseBefore=TimelinePreview|phaseAfter=TimelinePreview|card=lighting|target=target-01|coordinate=TimeKey.Domain.HexCoord|origin=TimeKey.Domain.TimelineCell
TIMEKEY_COMBAT_TRACE|command=commit-timeline|phaseBefore=TimelinePreview|phaseAfter=Committed|card=lighting|target=target-01|coordinate=TimeKey.Domain.HexCoord|origin=TimeKey.Domain.TimelineCell
TIMEKEY_COMBAT_TRACE|command=resolve-effect|phaseBefore=Resolved|phaseAfter=Resolved|card=lighting|target=target-01|coordinate=TimeKey.Domain.HexCoord|origin=TimeKey.Domain.TimelineCell|effect=Damage|before=10|after=0
TIMEKEY_COMBAT_TRACE|command=resolve-timeline|phaseBefore=Committed|phaseAfter=Resolved|card=lighting|target=target-01|coordinate=TimeKey.Domain.HexCoord|origin=TimeKey.Domain.TimelineCell
]]></output>
              </test-case>
              <test-case id="1011" name="Tornado_PublicScenePathShowsOutOfBoundsThenCompletesLegalEmptyClear" fullname="TimeKey.Tests.PlayMode.CombatVerticalSliceTests.Tornado_PublicScenePathShowsOutOfBoundsThenCompletesLegalEmptyClear" methodname="Tornado_PublicScenePathShowsOutOfBoundsThenCompletesLegalEmptyClear" classname="TimeKey.Tests.PlayMode.CombatVerticalSliceTests" runstate="Runnable" seed="35840830" result="Passed" start-time="2026-08-01 18:08:33Z" end-time="2026-08-01 18:08:33Z" duration="0.146634" asserts="0">
                <properties>
                  <property name="_JOINTYPE" value="UnityCombinatorial" />
                  <property name="retryIteration" value="0" />
                  <property name="repeatIteration" value="0" />
                </properties>
                <output><![CDATA[TIMEKEY_COMBAT_TRACE|command=dispose|phaseBefore=Resolved|phaseAfter=Disposed
TIMEKEY_COMBAT_TRACE|command=select-card|phaseBefore=Idle|phaseAfter=CardSelected|card=tornado
TIMEKEY_COMBAT_TRACE|command=preview-clear|phaseBefore=CardSelected|phaseAfter=TimelinePreview|card=tornado|origin=TimeKey.Domain.TimelineCell|failure=InvalidTimelinePlacement
TIMEKEY_COMBAT_TRACE|command=preview-clear|phaseBefore=TimelinePreview|phaseAfter=TimelinePreview|card=tornado|origin=TimeKey.Domain.TimelineCell
TIMEKEY_COMBAT_TRACE|command=preview-clear|phaseBefore=TimelinePreview|phaseAfter=TimelinePreview|card=tornado|origin=TimeKey.Domain.TimelineCell
TIMEKEY_COMBAT_TRACE|command=commit-clear|phaseBefore=TimelinePreview|phaseAfter=Resolved|card=tornado|origin=TimeKey.Domain.TimelineCell
]]></output>
              </test-case>
              <test-case id="1010" name="Wind_PublicScenePathClearsCompleteEnemyActionWithoutMapTarget" fullname="TimeKey.Tests.PlayMode.CombatVerticalSliceTests.Wind_PublicScenePathClearsCompleteEnemyActionWithoutMapTarget" methodname="Wind_PublicScenePathClearsCompleteEnemyActionWithoutMapTarget" classname="TimeKey.Tests.PlayMode.CombatVerticalSliceTests" runstate="Runnable" seed="254021575" result="Passed" start-time="2026-08-01 18:08:33Z" end-time="2026-08-01 18:08:34Z" duration="0.141191" asserts="0">
                <properties>
                  <property name="_JOINTYPE" value="UnityCombinatorial" />
                  <property name="retryIteration" value="0" />
                  <property name="repeatIteration" value="0" />
                </properties>
                <output><![CDATA[TIMEKEY_COMBAT_TRACE|command=dispose|phaseBefore=Resolved|phaseAfter=Disposed
TIMEKEY_COMBAT_TRACE|command=select-card|phaseBefore=Idle|phaseAfter=CardSelected|card=wind
TIMEKEY_COMBAT_TRACE|command=preview-clear|phaseBefore=CardSelected|phaseAfter=TimelinePreview|card=wind|origin=TimeKey.Domain.TimelineCell
TIMEKEY_COMBAT_TRACE|command=preview-clear|phaseBefore=TimelinePreview|phaseAfter=TimelinePreview|card=wind|origin=TimeKey.Domain.TimelineCell
TIMEKEY_COMBAT_TRACE|command=commit-clear|phaseBefore=TimelinePreview|phaseAfter=Resolved|card=wind|origin=TimeKey.Domain.TimelineCell
]]></output>
              </test-case>
            </test-suite>
            <test-suite type="TestSuite" id="1054" name="Presenters" fullname="TimeKey.Tests.PlayMode.Presenters" runstate="Runnable" testcasecount="2" result="Passed" start-time="2026-08-01 18:08:34Z" end-time="2026-08-01 18:08:34Z" duration="0.012975" total="2" passed="2" failed="0" inconclusive="0" skipped="0" asserts="0">
              <properties />
              <test-suite type="TestFixture" id="1030" name="CombatPresenterRefreshTests" fullname="TimeKey.Tests.PlayMode.Presenters.CombatPresenterRefreshTests" classname="TimeKey.Tests.PlayMode.Presenters.CombatPresenterRefreshTests" runstate="Runnable" testcasecount="2" result="Passed" start-time="2026-08-01 18:08:34Z" end-time="2026-08-01 18:08:34Z" duration="0.010682" total="2" passed="2" failed="0" inconclusive="0" skipped="0" asserts="0">
                <properties />
                <test-case id="1032" name="Refresh_AfterResolutionUpdatesHudAndDisablesResolve" fullname="TimeKey.Tests.PlayMode.Presenters.CombatPresenterRefreshTests.Refresh_AfterResolutionUpdatesHudAndDisablesResolve" methodname="Refresh_AfterResolutionUpdatesHudAndDisablesResolve" classname="TimeKey.Tests.PlayMode.Presenters.CombatPresenterRefreshTests" runstate="Runnable" seed="829403735" result="Passed" start-time="2026-08-01 18:08:34Z" end-time="2026-08-01 18:08:34Z" duration="0.007603" asserts="0">
                  <properties>
                    <property name="retryIteration" value="0" />
                    <property name="repeatIteration" value="0" />
                  </properties>
                </test-case>
                <test-case id="1031" name="Refresh_UsesTypedTargetAndShape_WhenStableIdsAreArbitrary" fullname="TimeKey.Tests.PlayMode.Presenters.CombatPresenterRefreshTests.Refresh_UsesTypedTargetAndShape_WhenStableIdsAreArbitrary" methodname="Refresh_UsesTypedTargetAndShape_WhenStableIdsAreArbitrary" classname="TimeKey.Tests.PlayMode.Presenters.CombatPresenterRefreshTests" runstate="Runnable" seed="1363502443" result="Passed" start-time="2026-08-01 18:08:34Z" end-time="2026-08-01 18:08:34Z" duration="0.002101" asserts="0">
                  <properties>
                    <property name="retryIteration" value="0" />
                    <property name="repeatIteration" value="0" />
                  </properties>
                </test-case>
              </test-suite>
            </test-suite>
            <test-suite type="TestSuite" id="1053" name="Targeting" fullname="TimeKey.Tests.PlayMode.Targeting" runstate="Runnable" testcasecount="6" result="Passed" start-time="2026-08-01 18:08:34Z" end-time="2026-08-01 18:08:34Z" duration="0.155299" total="6" passed="6" failed="0" inconclusive="0" skipped="0" asserts="0">
              <properties />
              <test-suite type="TestFixture" id="1021" name="ClearTimelinePresentationTests" fullname="TimeKey.Tests.PlayMode.Targeting.ClearTimelinePresentationTests" classname="TimeKey.Tests.PlayMode.Targeting.ClearTimelinePresentationTests" runstate="Runnable" testcasecount="2" result="Passed" start-time="2026-08-01 18:08:34Z" end-time="2026-08-01 18:08:34Z" duration="0.015129" total="2" passed="2" failed="0" inconclusive="0" skipped="0" asserts="0">
                <properties />
                <test-case id="1023" name="Commit_RemovesCompleteActionUiAndTornadoPreviewRestoresAllCells" fullname="TimeKey.Tests.PlayMode.Targeting.ClearTimelinePresentationTests.Commit_RemovesCompleteActionUiAndTornadoPreviewRestoresAllCells" methodname="Commit_RemovesCompleteActionUiAndTornadoPreviewRestoresAllCells" classname="TimeKey.Tests.PlayMode.Targeting.ClearTimelinePresentationTests" runstate="Runnable" seed="1819196268" result="Passed" start-time="2026-08-01 18:08:34Z" end-time="2026-08-01 18:08:34Z" duration="0.008054" asserts="0">
                  <properties>
                    <property name="_JOINTYPE" value="UnityCombinatorial" />
                    <property name="retryIteration" value="0" />
                    <property name="repeatIteration" value="0" />
                  </properties>
                </test-case>
                <test-case id="1022" name="Preview_ShowsEmptyHitAndOutOfBoundsMarkersThenRestoresAppearance" fullname="TimeKey.Tests.PlayMode.Targeting.ClearTimelinePresentationTests.Preview_ShowsEmptyHitAndOutOfBoundsMarkersThenRestoresAppearance" methodname="Preview_ShowsEmptyHitAndOutOfBoundsMarkersThenRestoresAppearance" classname="TimeKey.Tests.PlayMode.Targeting.ClearTimelinePresentationTests" runstate="Runnable" seed="2036476896" result="Passed" start-time="2026-08-01 18:08:34Z" end-time="2026-08-01 18:08:34Z" duration="0.006337" asserts="0">
                  <properties>
                    <property name="_JOINTYPE" value="UnityCombinatorial" />
                    <property name="retryIteration" value="0" />
                    <property name="repeatIteration" value="0" />
                  </properties>
                </test-case>
              </test-suite>
              <test-suite type="TestFixture" id="1024" name="TargetPreviewBehaviorTests" fullname="TimeKey.Tests.PlayMode.Targeting.TargetPreviewBehaviorTests" classname="TimeKey.Tests.PlayMode.Targeting.TargetPreviewBehaviorTests" runstate="Runnable" testcasecount="3" result="Passed" start-time="2026-08-01 18:08:34Z" end-time="2026-08-01 18:08:34Z" duration="0.009997" total="3" passed="3" failed="0" inconclusive="0" skipped="0" asserts="0">
                <properties />
                <test-case id="1026" name="BoardRange_ProjectsUniqueCoordinatesReportsMissingAndRestoresBlocks" fullname="TimeKey.Tests.PlayMode.Targeting.TargetPreviewBehaviorTests.BoardRange_ProjectsUniqueCoordinatesReportsMissingAndRestoresBlocks" methodname="BoardRange_ProjectsUniqueCoordinatesReportsMissingAndRestoresBlocks" classname="TimeKey.Tests.PlayMode.Targeting.TargetPreviewBehaviorTests" runstate="Runnable" seed="275244300" result="Passed" start-time="2026-08-01 18:08:34Z" end-time="2026-08-01 18:08:34Z" duration="0.004702" asserts="0">
                  <properties>
                    <property name="_JOINTYPE" value="UnityCombinatorial" />
                    <property name="retryIteration" value="0" />
                    <property name="repeatIteration" value="0" />
                  </properties>
                </test-case>
                <test-case id="1025" name="Palette_ProvidesSixDistinctStates" fullname="TimeKey.Tests.PlayMode.Targeting.TargetPreviewBehaviorTests.Palette_ProvidesSixDistinctStates" methodname="Palette_ProvidesSixDistinctStates" classname="TimeKey.Tests.PlayMode.Targeting.TargetPreviewBehaviorTests" runstate="Runnable" seed="989169191" result="Passed" start-time="2026-08-01 18:08:34Z" end-time="2026-08-01 18:08:34Z" duration="0.001503" asserts="0">
                  <properties>
                    <property name="retryIteration" value="0" />
                    <property name="repeatIteration" value="0" />
                  </properties>
                </test-case>
                <test-case id="1027" name="TimelinePreview_UsesDomainValidityAndRestoresPerCellColors" fullname="TimeKey.Tests.PlayMode.Targeting.TargetPreviewBehaviorTests.TimelinePreview_UsesDomainValidityAndRestoresPerCellColors" methodname="TimelinePreview_UsesDomainValidityAndRestoresPerCellColors" classname="TimeKey.Tests.PlayMode.Targeting.TargetPreviewBehaviorTests" runstate="Runnable" seed="1070656634" result="Passed" start-time="2026-08-01 18:08:34Z" end-time="2026-08-01 18:08:34Z" duration="0.002776" asserts="0">
                  <properties>
                    <property name="_JOINTYPE" value="UnityCombinatorial" />
                    <property name="retryIteration" value="0" />
                    <property name="repeatIteration" value="0" />
                  </properties>
                </test-case>
              </test-suite>
              <test-suite type="TestFixture" id="1028" name="TargetPreviewVisualTests" fullname="TimeKey.Tests.PlayMode.Targeting.TargetPreviewVisualTests" classname="TimeKey.Tests.PlayMode.Targeting.TargetPreviewVisualTests" runstate="Runnable" testcasecount="1" result="Passed" start-time="2026-08-01 18:08:34Z" end-time="2026-08-01 18:08:34Z" duration="0.129421" total="1" passed="1" failed="0" inconclusive="0" skipped="0" asserts="0">
                <properties />
                <test-case id="1029" name="CardinalYaw_KeepsRangeCoordinatesAndRendersStackedHighlightsAndInvalidTimeline" fullname="TimeKey.Tests.PlayMode.Targeting.TargetPreviewVisualTests.CardinalYaw_KeepsRangeCoordinatesAndRendersStackedHighlightsAndInvalidTimeline" methodname="CardinalYaw_KeepsRangeCoordinatesAndRendersStackedHighlightsAndInvalidTimeline" classname="TimeKey.Tests.PlayMode.Targeting.TargetPreviewVisualTests" runstate="Runnable" seed="265498349" result="Passed" start-time="2026-08-01 18:08:34Z" end-time="2026-08-01 18:08:34Z" duration="0.128757" asserts="0">
                  <properties>
                    <property name="_JOINTYPE" value="UnityCombinatorial" />
                    <property name="retryIteration" value="0" />
                    <property name="repeatIteration" value="0" />
                  </properties>
                </test-case>
              </test-suite>
            </test-suite>
            <test-suite type="TestSuite" id="1052" name="Terrain" fullname="TimeKey.Tests.PlayMode.Terrain" runstate="Runnable" testcasecount="3" result="Passed" start-time="2026-08-01 18:08:34Z" end-time="2026-08-01 18:08:34Z" duration="0.009321" total="3" passed="3" failed="0" inconclusive="0" skipped="0" asserts="0">
              <properties />
              <test-suite type="TestFixture" id="1017" name="HexTileColumnTests" fullname="TimeKey.Tests.PlayMode.Terrain.HexTileColumnTests" classname="TimeKey.Tests.PlayMode.Terrain.HexTileColumnTests" runstate="Runnable" testcasecount="3" result="Passed" start-time="2026-08-01 18:08:34Z" end-time="2026-08-01 18:08:34Z" duration="0.008439" total="3" passed="3" failed="0" inconclusive="0" skipped="0" asserts="0">
                <properties />
                <test-case id="1019" name="ApplyLogicalLayerCount_IsIdempotentAndShrinksWithoutGhosts" fullname="TimeKey.Tests.PlayMode.Terrain.HexTileColumnTests.ApplyLogicalLayerCount_IsIdempotentAndShrinksWithoutGhosts" methodname="ApplyLogicalLayerCount_IsIdempotentAndShrinksWithoutGhosts" classname="TimeKey.Tests.PlayMode.Terrain.HexTileColumnTests" runstate="Runnable" seed="1060706458" result="Passed" start-time="2026-08-01 18:08:34Z" end-time="2026-08-01 18:08:34Z" duration="0.003264" asserts="0">
                  <properties>
                    <property name="_JOINTYPE" value="UnityCombinatorial" />
                    <property name="retryIteration" value="0" />
                    <property name="repeatIteration" value="0" />
                  </properties>
                </test-case>
                <test-case id="1018" name="ApplyLogicalLayerCount_UsesIndependentBlocksAndBounds" fullname="TimeKey.Tests.PlayMode.Terrain.HexTileColumnTests.ApplyLogicalLayerCount_UsesIndependentBlocksAndBounds" methodname="ApplyLogicalLayerCount_UsesIndependentBlocksAndBounds" classname="TimeKey.Tests.PlayMode.Terrain.HexTileColumnTests" runstate="Runnable" seed="1193623662" result="Passed" start-time="2026-08-01 18:08:34Z" end-time="2026-08-01 18:08:34Z" duration="0.002654" asserts="0">
                  <properties>
                    <property name="_JOINTYPE" value="UnityCombinatorial" />
                    <property name="retryIteration" value="0" />
                    <property name="repeatIteration" value="0" />
                  </properties>
                </test-case>
                <test-case id="1020" name="Clear_RemovesAllBlocksAndResetsAnchor" fullname="TimeKey.Tests.PlayMode.Terrain.HexTileColumnTests.Clear_RemovesAllBlocksAndResetsAnchor" methodname="Clear_RemovesAllBlocksAndResetsAnchor" classname="TimeKey.Tests.PlayMode.Terrain.HexTileColumnTests" runstate="Runnable" seed="388303782" result="Passed" start-time="2026-08-01 18:08:34Z" end-time="2026-08-01 18:08:34Z" duration="0.001694" asserts="0">
                  <properties>
                    <property name="_JOINTYPE" value="UnityCombinatorial" />
                    <property name="retryIteration" value="0" />
                    <property name="repeatIteration" value="0" />
                  </properties>
                  <output><![CDATA[Saving results to: C:/Users/bulbel/AppData/LocalLow/TimeKey/Time Key Unity Slice\TestResults.xml
]]></output>
                </test-case>
              </test-suite>
            </test-suite>
          </test-suite>
        </test-suite>
      </test-suite>
    </test-suite>
  </test-suite>
</test-run>