<?xml version="1.0" encoding="utf-8"?>
<test-run id="2" testcasecount="67" result="Passed" total="67" passed="67" failed="0" inconclusive="0" skipped="0" asserts="0" engine-version="3.5.0.0" clr-version="4.0.30319.42000" start-time="2026-07-31 18:56:27Z" end-time="2026-07-31 18:56:27Z" duration="0.09084">
  <test-suite type="TestSuite" id="1000" name="Time Key Unity Slice" fullname="Time Key Unity Slice" runstate="Runnable" testcasecount="67" result="Passed" start-time="2026-07-31 18:56:27Z" end-time="2026-07-31 18:56:27Z" duration="0.090840" total="67" passed="67" failed="0" inconclusive="0" skipped="0" asserts="0">
    <properties>
      <property name="platform" value="EditMode" />
    </properties>
    <test-suite type="Assembly" id="1038" name="TimeKey.Tests.EditMode.dll" fullname="D:/timekey-unity-731/Library/ScriptAssemblies/TimeKey.Tests.EditMode.dll" runstate="Runnable" testcasecount="32" result="Passed" start-time="2026-07-31 18:56:27Z" end-time="2026-07-31 18:56:27Z" duration="0.048983" total="32" passed="32" failed="0" inconclusive="0" skipped="0" asserts="0">
      <properties>
        <property name="_PID" value="55812" />
        <property name="_APPDOMAIN" value="Unity Child Domain" />
        <property name="platform" value="EditMode" />
        <property name="EditorOnly" value="True" />
      </properties>
      <test-suite type="TestSuite" id="1039" name="TimeKey" fullname="TimeKey" runstate="Runnable" testcasecount="32" result="Passed" start-time="2026-07-31 18:56:27Z" end-time="2026-07-31 18:56:27Z" duration="0.048692" total="32" passed="32" failed="0" inconclusive="0" skipped="0" asserts="0">
        <properties />
        <test-suite type="TestSuite" id="1040" name="Tests" fullname="TimeKey.Tests" runstate="Runnable" testcasecount="32" result="Passed" start-time="2026-07-31 18:56:27Z" end-time="2026-07-31 18:56:27Z" duration="0.048517" total="32" passed="32" failed="0" inconclusive="0" skipped="0" asserts="0">
          <properties />
          <test-suite type="TestSuite" id="1041" name="EditMode" fullname="TimeKey.Tests.EditMode" runstate="Runnable" testcasecount="32" result="Passed" start-time="2026-07-31 18:56:27Z" end-time="2026-07-31 18:56:27Z" duration="0.048321" total="32" passed="32" failed="0" inconclusive="0" skipped="0" asserts="0">
            <properties />
            <test-suite type="TestFixture" id="1001" name="CardPlaySessionTests" fullname="TimeKey.Tests.EditMode.CardPlaySessionTests" classname="TimeKey.Tests.EditMode.CardPlaySessionTests" runstate="Runnable" testcasecount="12" result="Passed" start-time="2026-07-31 18:56:27Z" end-time="2026-07-31 18:56:27Z" duration="0.033768" total="12" passed="12" failed="0" inconclusive="0" skipped="0" asserts="0">
              <properties />
              <test-case id="1013" name="Cancel_AfterPreviewIsIdempotentAndPreventsCommit" fullname="TimeKey.Tests.EditMode.CardPlaySessionTests.Cancel_AfterPreviewIsIdempotentAndPreventsCommit" methodname="Cancel_AfterPreviewIsIdempotentAndPreventsCommit" classname="TimeKey.Tests.EditMode.CardPlaySessionTests" runstate="Runnable" seed="1655092067" result="Passed" start-time="2026-07-31 18:56:27Z" end-time="2026-07-31 18:56:27Z" duration="0.017324" asserts="0">
                <properties>
                  <property name="retryIteration" value="0" />
                  <property name="repeatIteration" value="0" />
                </properties>
              </test-case>
              <test-case id="1012" name="Commit_RepeatedCallDoesNotPlaceActionTwice" fullname="TimeKey.Tests.EditMode.CardPlaySessionTests.Commit_RepeatedCallDoesNotPlaceActionTwice" methodname="Commit_RepeatedCallDoesNotPlaceActionTwice" classname="TimeKey.Tests.EditMode.CardPlaySessionTests" runstate="Runnable" seed="350735547" result="Passed" start-time="2026-07-31 18:56:27Z" end-time="2026-07-31 18:56:27Z" duration="0.000949" asserts="0">
                <properties>
                  <property name="retryIteration" value="0" />
                  <property name="repeatIteration" value="0" />
                </properties>
              </test-case>
              <test-case id="1011" name="Commit_WhenTimelineChangesAfterPreviewFailsWithoutAdditionalMutation" fullname="TimeKey.Tests.EditMode.CardPlaySessionTests.Commit_WhenTimelineChangesAfterPreviewFailsWithoutAdditionalMutation" methodname="Commit_WhenTimelineChangesAfterPreviewFailsWithoutAdditionalMutation" classname="TimeKey.Tests.EditMode.CardPlaySessionTests" runstate="Runnable" seed="112436569" result="Passed" start-time="2026-07-31 18:56:27Z" end-time="2026-07-31 18:56:27Z" duration="0.000656" asserts="0">
                <properties>
                  <property name="retryIteration" value="0" />
                  <property name="repeatIteration" value="0" />
                </properties>
              </test-case>
              <test-case id="1002" name="LegalPath_CommitsLightingWithStableTargetAndDamage" fullname="TimeKey.Tests.EditMode.CardPlaySessionTests.LegalPath_CommitsLightingWithStableTargetAndDamage" methodname="LegalPath_CommitsLightingWithStableTargetAndDamage" classname="TimeKey.Tests.EditMode.CardPlaySessionTests" runstate="Runnable" seed="787866345" result="Passed" start-time="2026-07-31 18:56:27Z" end-time="2026-07-31 18:56:27Z" duration="0.003000" asserts="0">
                <properties>
                  <property name="retryIteration" value="0" />
                  <property name="repeatIteration" value="0" />
                </properties>
              </test-case>
              <test-case id="1009" name="PreviewTimeline_ConflictIsInvalidAndDoesNotMutateGrid" fullname="TimeKey.Tests.EditMode.CardPlaySessionTests.PreviewTimeline_ConflictIsInvalidAndDoesNotMutateGrid" methodname="PreviewTimeline_ConflictIsInvalidAndDoesNotMutateGrid" classname="TimeKey.Tests.EditMode.CardPlaySessionTests" runstate="Runnable" seed="1807283407" result="Passed" start-time="2026-07-31 18:56:27Z" end-time="2026-07-31 18:56:27Z" duration="0.000316" asserts="0">
                <properties>
                  <property name="retryIteration" value="0" />
                  <property name="repeatIteration" value="0" />
                </properties>
              </test-case>
              <test-suite type="ParameterizedMethod" id="1008" name="PreviewTimeline_OutOfBoundsIsInvalidAndDoesNotMutateGrid" fullname="TimeKey.Tests.EditMode.CardPlaySessionTests.PreviewTimeline_OutOfBoundsIsInvalidAndDoesNotMutateGrid" classname="TimeKey.Tests.EditMode.CardPlaySessionTests" runstate="Runnable" testcasecount="4" result="Passed" start-time="2026-07-31 18:56:27Z" end-time="2026-07-31 18:56:27Z" duration="0.002301" total="4" passed="4" failed="0" inconclusive="0" skipped="0" asserts="0">
                <properties />
                <test-case id="1004" name="PreviewTimeline_OutOfBoundsIsInvalidAndDoesNotMutateGrid(-1,0)" fullname="TimeKey.Tests.EditMode.CardPlaySessionTests.PreviewTimeline_OutOfBoundsIsInvalidAndDoesNotMutateGrid(-1,0)" methodname="PreviewTimeline_OutOfBoundsIsInvalidAndDoesNotMutateGrid" classname="TimeKey.Tests.EditMode.CardPlaySessionTests" runstate="Runnable" seed="1282601287" result="Passed" start-time="2026-07-31 18:56:27Z" end-time="2026-07-31 18:56:27Z" duration="0.000519" asserts="0">
                  <properties>
                    <property name="retryIteration" value="0" />
                    <property name="repeatIteration" value="0" />
                  </properties>
                </test-case>
                <test-case id="1005" name="PreviewTimeline_OutOfBoundsIsInvalidAndDoesNotMutateGrid(12,0)" fullname="TimeKey.Tests.EditMode.CardPlaySessionTests.PreviewTimeline_OutOfBoundsIsInvalidAndDoesNotMutateGrid(12,0)" methodname="PreviewTimeline_OutOfBoundsIsInvalidAndDoesNotMutateGrid" classname="TimeKey.Tests.EditMode.CardPlaySessionTests" runstate="Runnable" seed="1831639337" result="Passed" start-time="2026-07-31 18:56:27Z" end-time="2026-07-31 18:56:27Z" duration="0.000073" asserts="0">
                  <properties>
                    <property name="retryIteration" value="0" />
                    <property name="repeatIteration" value="0" />
                  </properties>
                </test-case>
                <test-case id="1006" name="PreviewTimeline_OutOfBoundsIsInvalidAndDoesNotMutateGrid(0,-1)" fullname="TimeKey.Tests.EditMode.CardPlaySessionTests.PreviewTimeline_OutOfBoundsIsInvalidAndDoesNotMutateGrid(0,-1)" methodname="PreviewTimeline_OutOfBoundsIsInvalidAndDoesNotMutateGrid" classname="TimeKey.Tests.EditMode.CardPlaySessionTests" runstate="Runnable" seed="976665309" result="Passed" start-time="2026-07-31 18:56:27Z" end-time="2026-07-31 18:56:27Z" duration="0.000035" asserts="0">
                  <properties>
                    <property name="retryIteration" value="0" />
                    <property name="repeatIteration" value="0" />
                  </properties>
                </test-case>
                <test-case id="1007" name="PreviewTimeline_OutOfBoundsIsInvalidAndDoesNotMutateGrid(0,3)" fullname="TimeKey.Tests.EditMode.CardPlaySessionTests.PreviewTimeline_OutOfBoundsIsInvalidAndDoesNotMutateGrid(0,3)" methodname="PreviewTimeline_OutOfBoundsIsInvalidAndDoesNotMutateGrid" classname="TimeKey.Tests.EditMode.CardPlaySessionTests" runstate="Runnable" seed="1823420564" result="Passed" start-time="2026-07-31 18:56:27Z" end-time="2026-07-31 18:56:27Z" duration="0.000031" asserts="0">
                  <properties>
                    <property name="retryIteration" value="0" />
                    <property name="repeatIteration" value="0" />
                  </properties>
                </test-case>
              </test-suite>
              <test-case id="1010" name="PreviewTimeline_RepeatedQueriesDoNotMutateGrid" fullname="TimeKey.Tests.EditMode.CardPlaySessionTests.PreviewTimeline_RepeatedQueriesDoNotMutateGrid" methodname="PreviewTimeline_RepeatedQueriesDoNotMutateGrid" classname="TimeKey.Tests.EditMode.CardPlaySessionTests" runstate="Runnable" seed="1928920978" result="Passed" start-time="2026-07-31 18:56:27Z" end-time="2026-07-31 18:56:27Z" duration="0.000376" asserts="0">
                <properties>
                  <property name="retryIteration" value="0" />
                  <property name="repeatIteration" value="0" />
                </properties>
              </test-case>
              <test-case id="1003" name="PreviewTimeline_WithoutTargetReturnsExplicitFailure" fullname="TimeKey.Tests.EditMode.CardPlaySessionTests.PreviewTimeline_WithoutTargetReturnsExplicitFailure" methodname="PreviewTimeline_WithoutTargetReturnsExplicitFailure" classname="TimeKey.Tests.EditMode.CardPlaySessionTests" runstate="Runnable" seed="642440992" result="Passed" start-time="2026-07-31 18:56:27Z" end-time="2026-07-31 18:56:27Z" duration="0.000201" asserts="0">
                <properties>
                  <property name="retryIteration" value="0" />
                  <property name="repeatIteration" value="0" />
                </properties>
              </test-case>
              <test-case id="1014" name="TimelineGrid_CanPlaceMatchesTryPlaceWithoutMutation" fullname="TimeKey.Tests.EditMode.CardPlaySessionTests.TimelineGrid_CanPlaceMatchesTryPlaceWithoutMutation" methodname="TimelineGrid_CanPlaceMatchesTryPlaceWithoutMutation" classname="TimeKey.Tests.EditMode.CardPlaySessionTests" runstate="Runnable" seed="1259791001" result="Passed" start-time="2026-07-31 18:56:27Z" end-time="2026-07-31 18:56:27Z" duration="0.000254" asserts="0">
                <properties>
                  <property name="retryIteration" value="0" />
                  <property name="repeatIteration" value="0" />
                </properties>
              </test-case>
            </test-suite>
            <test-suite type="TestSuite" id="1042" name="Terrain" fullname="TimeKey.Tests.EditMode.Terrain" runstate="Runnable" testcasecount="9" result="Passed" start-time="2026-07-31 18:56:27Z" end-time="2026-07-31 18:56:27Z" duration="0.008406" total="9" passed="9" failed="0" inconclusive="0" skipped="0" asserts="0">
              <properties />
              <test-suite type="TestFixture" id="1028" name="EarthquakeResolutionTests" fullname="TimeKey.Tests.EditMode.Terrain.EarthquakeResolutionTests" classname="TimeKey.Tests.EditMode.Terrain.EarthquakeResolutionTests" runstate="Runnable" testcasecount="9" result="Passed" start-time="2026-07-31 18:56:27Z" end-time="2026-07-31 18:56:27Z" duration="0.008127" total="9" passed="9" failed="0" inconclusive="0" skipped="0" asserts="0">
                <properties />
                <test-case id="1034" name="CardPlaySession_EarthquakeCommitPreservesTargetCoordinateForResolve" fullname="TimeKey.Tests.EditMode.Terrain.EarthquakeResolutionTests.CardPlaySession_EarthquakeCommitPreservesTargetCoordinateForResolve" methodname="CardPlaySession_EarthquakeCommitPreservesTargetCoordinateForResolve" classname="TimeKey.Tests.EditMode.Terrain.EarthquakeResolutionTests" runstate="Runnable" seed="686975356" result="Passed" start-time="2026-07-31 18:56:27Z" end-time="2026-07-31 18:56:27Z" duration="0.002542" asserts="0">
                  <properties>
                    <property name="retryIteration" value="0" />
                    <property name="repeatIteration" value="0" />
                  </properties>
                </test-case>
                <test-case id="1035" name="CardPlaySession_EarthquakeCrossingRightEdgeIsInvalidAndPure" fullname="TimeKey.Tests.EditMode.Terrain.EarthquakeResolutionTests.CardPlaySession_EarthquakeCrossingRightEdgeIsInvalidAndPure" methodname="CardPlaySession_EarthquakeCrossingRightEdgeIsInvalidAndPure" classname="TimeKey.Tests.EditMode.Terrain.EarthquakeResolutionTests" runstate="Runnable" seed="1756238333" result="Passed" start-time="2026-07-31 18:56:27Z" end-time="2026-07-31 18:56:27Z" duration="0.000390" asserts="0">
                  <properties>
                    <property name="retryIteration" value="0" />
                    <property name="repeatIteration" value="0" />
                  </properties>
                </test-case>
                <test-case id="1033" name="CardPlaySession_EarthquakeTwoCellShapePreviewsAndCommitsOnce" fullname="TimeKey.Tests.EditMode.Terrain.EarthquakeResolutionTests.CardPlaySession_EarthquakeTwoCellShapePreviewsAndCommitsOnce" methodname="CardPlaySession_EarthquakeTwoCellShapePreviewsAndCommitsOnce" classname="TimeKey.Tests.EditMode.Terrain.EarthquakeResolutionTests" runstate="Runnable" seed="1328375688" result="Passed" start-time="2026-07-31 18:56:27Z" end-time="2026-07-31 18:56:27Z" duration="0.000253" asserts="0">
                  <properties>
                    <property name="retryIteration" value="0" />
                    <property name="repeatIteration" value="0" />
                  </properties>
                </test-case>
                <test-case id="1032" name="CombatBoardState_ElevationAtGodotMinimumRemovesTileAtZero" fullname="TimeKey.Tests.EditMode.Terrain.EarthquakeResolutionTests.CombatBoardState_ElevationAtGodotMinimumRemovesTileAtZero" methodname="CombatBoardState_ElevationAtGodotMinimumRemovesTileAtZero" classname="TimeKey.Tests.EditMode.Terrain.EarthquakeResolutionTests" runstate="Runnable" seed="156282995" result="Passed" start-time="2026-07-31 18:56:27Z" end-time="2026-07-31 18:56:27Z" duration="0.000508" asserts="0">
                  <properties>
                    <property name="retryIteration" value="0" />
                    <property name="repeatIteration" value="0" />
                  </properties>
                </test-case>
                <test-case id="1037" name="Resolve_EarthquakeFixtureIsDeterministic" fullname="TimeKey.Tests.EditMode.Terrain.EarthquakeResolutionTests.Resolve_EarthquakeFixtureIsDeterministic" methodname="Resolve_EarthquakeFixtureIsDeterministic" classname="TimeKey.Tests.EditMode.Terrain.EarthquakeResolutionTests" runstate="Runnable" seed="75235698" result="Passed" start-time="2026-07-31 18:56:27Z" end-time="2026-07-31 18:56:27Z" duration="0.000784" asserts="0">
                  <properties>
                    <property name="retryIteration" value="0" />
                    <property name="repeatIteration" value="0" />
                  </properties>
                </test-case>
                <test-case id="1029" name="Resolve_EarthquakeRaisesSevenExistingTilesByTwo" fullname="TimeKey.Tests.EditMode.Terrain.EarthquakeResolutionTests.Resolve_EarthquakeRaisesSevenExistingTilesByTwo" methodname="Resolve_EarthquakeRaisesSevenExistingTilesByTwo" classname="TimeKey.Tests.EditMode.Terrain.EarthquakeResolutionTests" runstate="Runnable" seed="1716264354" result="Passed" start-time="2026-07-31 18:56:27Z" end-time="2026-07-31 18:56:27Z" duration="0.000548" asserts="0">
                  <properties>
                    <property name="retryIteration" value="0" />
                    <property name="repeatIteration" value="0" />
                  </properties>
                </test-case>
                <test-case id="1031" name="Resolve_EarthquakeRemovesTileAboveGodotMaximum" fullname="TimeKey.Tests.EditMode.Terrain.EarthquakeResolutionTests.Resolve_EarthquakeRemovesTileAboveGodotMaximum" methodname="Resolve_EarthquakeRemovesTileAboveGodotMaximum" classname="TimeKey.Tests.EditMode.Terrain.EarthquakeResolutionTests" runstate="Runnable" seed="1816898769" result="Passed" start-time="2026-07-31 18:56:27Z" end-time="2026-07-31 18:56:27Z" duration="0.000314" asserts="0">
                  <properties>
                    <property name="retryIteration" value="0" />
                    <property name="repeatIteration" value="0" />
                  </properties>
                </test-case>
                <test-case id="1030" name="Resolve_EarthquakeSkipsMissingRangeTileWithoutCreatingIt" fullname="TimeKey.Tests.EditMode.Terrain.EarthquakeResolutionTests.Resolve_EarthquakeSkipsMissingRangeTileWithoutCreatingIt" methodname="Resolve_EarthquakeSkipsMissingRangeTileWithoutCreatingIt" classname="TimeKey.Tests.EditMode.Terrain.EarthquakeResolutionTests" runstate="Runnable" seed="1287284109" result="Passed" start-time="2026-07-31 18:56:27Z" end-time="2026-07-31 18:56:27Z" duration="0.000582" asserts="0">
                  <properties>
                    <property name="retryIteration" value="0" />
                    <property name="repeatIteration" value="0" />
                  </properties>
                </test-case>
                <test-case id="1036" name="TimelineAction_CopiesTargetEffectsAndRange" fullname="TimeKey.Tests.EditMode.Terrain.EarthquakeResolutionTests.TimelineAction_CopiesTargetEffectsAndRange" methodname="TimelineAction_CopiesTargetEffectsAndRange" classname="TimeKey.Tests.EditMode.Terrain.EarthquakeResolutionTests" runstate="Runnable" seed="997258318" result="Passed" start-time="2026-07-31 18:56:27Z" end-time="2026-07-31 18:56:27Z" duration="0.001074" asserts="0">
                  <properties>
                    <property name="retryIteration" value="0" />
                    <property name="repeatIteration" value="0" />
                  </properties>
                </test-case>
              </test-suite>
            </test-suite>
            <test-suite type="TestFixture" id="1015" name="TimelineGridTests" fullname="TimeKey.Tests.EditMode.TimelineGridTests" classname="TimeKey.Tests.EditMode.TimelineGridTests" runstate="Runnable" testcasecount="11" result="Passed" start-time="2026-07-31 18:56:27Z" end-time="2026-07-31 18:56:27Z" duration="0.005499" total="11" passed="11" failed="0" inconclusive="0" skipped="0" asserts="0">
              <properties />
              <test-case id="1025" name="Resolve_ClampsDamageAtZero" fullname="TimeKey.Tests.EditMode.TimelineGridTests.Resolve_ClampsDamageAtZero" methodname="Resolve_ClampsDamageAtZero" classname="TimeKey.Tests.EditMode.TimelineGridTests" runstate="Runnable" seed="1153706329" result="Passed" start-time="2026-07-31 18:56:27Z" end-time="2026-07-31 18:56:27Z" duration="0.000604" asserts="0">
                <properties>
                  <property name="retryIteration" value="0" />
                  <property name="repeatIteration" value="0" />
                </properties>
              </test-case>
              <test-case id="1024" name="Resolve_ExecutesMultiCellActionOnlyOnce" fullname="TimeKey.Tests.EditMode.TimelineGridTests.Resolve_ExecutesMultiCellActionOnlyOnce" methodname="Resolve_ExecutesMultiCellActionOnlyOnce" classname="TimeKey.Tests.EditMode.TimelineGridTests" runstate="Runnable" seed="2058494847" result="Passed" start-time="2026-07-31 18:56:27Z" end-time="2026-07-31 18:56:27Z" duration="0.000322" asserts="0">
                <properties>
                  <property name="retryIteration" value="0" />
                  <property name="repeatIteration" value="0" />
                </properties>
              </test-case>
              <test-case id="1023" name="Resolve_OrdersActionsByColumnThenRow" fullname="TimeKey.Tests.EditMode.TimelineGridTests.Resolve_OrdersActionsByColumnThenRow" methodname="Resolve_OrdersActionsByColumnThenRow" classname="TimeKey.Tests.EditMode.TimelineGridTests" runstate="Runnable" seed="408343512" result="Passed" start-time="2026-07-31 18:56:27Z" end-time="2026-07-31 18:56:27Z" duration="0.000763" asserts="0">
                <properties>
                  <property name="retryIteration" value="0" />
                  <property name="repeatIteration" value="0" />
                </properties>
              </test-case>
              <test-case id="1026" name="Resolve_ProducesFrozenFixtureSnapshot" fullname="TimeKey.Tests.EditMode.TimelineGridTests.Resolve_ProducesFrozenFixtureSnapshot" methodname="Resolve_ProducesFrozenFixtureSnapshot" classname="TimeKey.Tests.EditMode.TimelineGridTests" runstate="Runnable" seed="440823387" result="Passed" start-time="2026-07-31 18:56:27Z" end-time="2026-07-31 18:56:27Z" duration="0.000843" asserts="0">
                <properties>
                  <property name="retryIteration" value="0" />
                  <property name="repeatIteration" value="0" />
                </properties>
              </test-case>
              <test-case id="1027" name="Resolve_RepeatedFixtureRunsAreDeterministic" fullname="TimeKey.Tests.EditMode.TimelineGridTests.Resolve_RepeatedFixtureRunsAreDeterministic" methodname="Resolve_RepeatedFixtureRunsAreDeterministic" classname="TimeKey.Tests.EditMode.TimelineGridTests" runstate="Runnable" seed="1294904760" result="Passed" start-time="2026-07-31 18:56:27Z" end-time="2026-07-31 18:56:27Z" duration="0.000317" asserts="0">
                <properties>
                  <property name="retryIteration" value="0" />
                  <property name="repeatIteration" value="0" />
                </properties>
              </test-case>
              <test-suite type="ParameterizedMethod" id="1020" name="TryPlace_RejectsOutOfBoundsOrigins" fullname="TimeKey.Tests.EditMode.TimelineGridTests.TryPlace_RejectsOutOfBoundsOrigins" classname="TimeKey.Tests.EditMode.TimelineGridTests" runstate="Runnable" testcasecount="4" result="Passed" start-time="2026-07-31 18:56:27Z" end-time="2026-07-31 18:56:27Z" duration="0.000938" total="4" passed="4" failed="0" inconclusive="0" skipped="0" asserts="0">
                <properties />
                <test-case id="1016" name="TryPlace_RejectsOutOfBoundsOrigins(-1,0)" fullname="TimeKey.Tests.EditMode.TimelineGridTests.TryPlace_RejectsOutOfBoundsOrigins(-1,0)" methodname="TryPlace_RejectsOutOfBoundsOrigins" classname="TimeKey.Tests.EditMode.TimelineGridTests" runstate="Runnable" seed="192190327" result="Passed" start-time="2026-07-31 18:56:27Z" end-time="2026-07-31 18:56:27Z" duration="0.000202" asserts="0">
                  <properties>
                    <property name="retryIteration" value="0" />
                    <property name="repeatIteration" value="0" />
                  </properties>
                </test-case>
                <test-case id="1017" name="TryPlace_RejectsOutOfBoundsOrigins(12,0)" fullname="TimeKey.Tests.EditMode.TimelineGridTests.TryPlace_RejectsOutOfBoundsOrigins(12,0)" methodname="TryPlace_RejectsOutOfBoundsOrigins" classname="TimeKey.Tests.EditMode.TimelineGridTests" runstate="Runnable" seed="149276305" result="Passed" start-time="2026-07-31 18:56:27Z" end-time="2026-07-31 18:56:27Z" duration="0.000045" asserts="0">
                  <properties>
                    <property name="retryIteration" value="0" />
                    <property name="repeatIteration" value="0" />
                  </properties>
                </test-case>
                <test-case id="1018" name="TryPlace_RejectsOutOfBoundsOrigins(0,-1)" fullname="TimeKey.Tests.EditMode.TimelineGridTests.TryPlace_RejectsOutOfBoundsOrigins(0,-1)" methodname="TryPlace_RejectsOutOfBoundsOrigins" classname="TimeKey.Tests.EditMode.TimelineGridTests" runstate="Runnable" seed="1383952220" result="Passed" start-time="2026-07-31 18:56:27Z" end-time="2026-07-31 18:56:27Z" duration="0.000085" asserts="0">
                  <properties>
                    <property name="retryIteration" value="0" />
                    <property name="repeatIteration" value="0" />
                  </properties>
                </test-case>
                <test-case id="1019" name="TryPlace_RejectsOutOfBoundsOrigins(0,3)" fullname="TimeKey.Tests.EditMode.TimelineGridTests.TryPlace_RejectsOutOfBoundsOrigins(0,3)" methodname="TryPlace_RejectsOutOfBoundsOrigins" classname="TimeKey.Tests.EditMode.TimelineGridTests" runstate="Runnable" seed="399224707" result="Passed" start-time="2026-07-31 18:56:27Z" end-time="2026-07-31 18:56:27Z" duration="0.000050" asserts="0">
                  <properties>
                    <property name="retryIteration" value="0" />
                    <property name="repeatIteration" value="0" />
                  </properties>
                </test-case>
              </test-suite>
              <test-case id="1022" name="TryPlace_RejectsOverlappingActions" fullname="TimeKey.Tests.EditMode.TimelineGridTests.TryPlace_RejectsOverlappingActions" methodname="TryPlace_RejectsOverlappingActions" classname="TimeKey.Tests.EditMode.TimelineGridTests" runstate="Runnable" seed="187556212" result="Passed" start-time="2026-07-31 18:56:27Z" end-time="2026-07-31 18:56:27Z" duration="0.000268" asserts="0">
                <properties>
                  <property name="retryIteration" value="0" />
                  <property name="repeatIteration" value="0" />
                </properties>
              </test-case>
              <test-case id="1021" name="TryPlace_RejectsShapeThatCrossesBoundary" fullname="TimeKey.Tests.EditMode.TimelineGridTests.TryPlace_RejectsShapeThatCrossesBoundary" methodname="TryPlace_RejectsShapeThatCrossesBoundary" classname="TimeKey.Tests.EditMode.TimelineGridTests" runstate="Runnable" seed="1706899886" result="Passed" start-time="2026-07-31 18:56:27Z" end-time="2026-07-31 18:56:27Z" duration="0.000119" asserts="0">
                <properties>
                  <property name="retryIteration" value="0" />
                  <property name="repeatIteration" value="0" />
                </properties>
              </test-case>
            </test-suite>
          </test-suite>
        </test-suite>
      </test-suite>
    </test-suite>
    <test-suite type="Assembly" id="1085" name="TimeKey.Tests.Infrastructure.dll" fullname="D:/timekey-unity-731/Library/ScriptAssemblies/TimeKey.Tests.Infrastructure.dll" runstate="Runnable" testcasecount="35" result="Passed" start-time="2026-07-31 18:56:27Z" end-time="2026-07-31 18:56:27Z" duration="0.036563" total="35" passed="35" failed="0" inconclusive="0" skipped="0" asserts="0">
      <properties>
        <property name="_PID" value="55812" />
        <property name="_APPDOMAIN" value="Unity Child Domain" />
        <property name="platform" value="EditMode" />
        <property name="EditorOnly" value="True" />
      </properties>
      <test-suite type="TestSuite" id="1086" name="TimeKey" fullname="TimeKey" runstate="Runnable" testcasecount="35" result="Passed" start-time="2026-07-31 18:56:27Z" end-time="2026-07-31 18:56:27Z" duration="0.036393" total="35" passed="35" failed="0" inconclusive="0" skipped="0" asserts="0">
        <properties />
        <test-suite type="TestSuite" id="1087" name="Tests" fullname="TimeKey.Tests" runstate="Runnable" testcasecount="35" result="Passed" start-time="2026-07-31 18:56:27Z" end-time="2026-07-31 18:56:27Z" duration="0.036323" total="35" passed="35" failed="0" inconclusive="0" skipped="0" asserts="0">
          <properties />
          <test-suite type="TestSuite" id="1088" name="Infrastructure" fullname="TimeKey.Tests.Infrastructure" runstate="Runnable" testcasecount="35" result="Passed" start-time="2026-07-31 18:56:27Z" end-time="2026-07-31 18:56:27Z" duration="0.036245" total="35" passed="35" failed="0" inconclusive="0" skipped="0" asserts="0">
            <properties />
            <test-suite type="TestFixture" id="1043" name="CardJsonAdapterTests" fullname="TimeKey.Tests.Infrastructure.CardJsonAdapterTests" classname="TimeKey.Tests.Infrastructure.CardJsonAdapterTests" runstate="Runnable" testcasecount="35" result="Passed" start-time="2026-07-31 18:56:27Z" end-time="2026-07-31 18:56:27Z" duration="0.036086" total="35" passed="35" failed="0" inconclusive="0" skipped="0" asserts="0">
              <properties />
              <test-suite type="ParameterizedMethod" id="1067" name="Parse_BuiltWithoutCreation_ThrowsFormatException" fullname="TimeKey.Tests.Infrastructure.CardJsonAdapterTests.Parse_BuiltWithoutCreation_ThrowsFormatException" classname="TimeKey.Tests.Infrastructure.CardJsonAdapterTests" runstate="Runnable" testcasecount="2" result="Passed" start-time="2026-07-31 18:56:27Z" end-time="2026-07-31 18:56:27Z" duration="0.019110" total="2" passed="2" failed="0" inconclusive="0" skipped="0" asserts="0">
                <properties />
                <test-case id="1065" name="Parse_BuiltWithoutCreation_ThrowsFormatException(&quot;\&quot;creation\&quot;:\&quot;\&quot;,\&quot;value\&quot;:1&quot;)" fullname="TimeKey.Tests.Infrastructure.CardJsonAdapterTests.Parse_BuiltWithoutCreation_ThrowsFormatException(&quot;\&quot;creation\&quot;:\&quot;\&quot;,\&quot;value\&quot;:1&quot;)" methodname="Parse_BuiltWithoutCreation_ThrowsFormatException" classname="TimeKey.Tests.Infrastructure.CardJsonAdapterTests" runstate="Runnable" seed="1186889798" result="Passed" start-time="2026-07-31 18:56:27Z" end-time="2026-07-31 18:56:27Z" duration="0.018699" asserts="0">
                  <properties>
                    <property name="retryIteration" value="0" />
                    <property name="repeatIteration" value="0" />
                  </properties>
                </test-case>
                <test-case id="1066" name="Parse_BuiltWithoutCreation_ThrowsFormatException(&quot;\&quot;value\&quot;:1&quot;)" fullname="TimeKey.Tests.Infrastructure.CardJsonAdapterTests.Parse_BuiltWithoutCreation_ThrowsFormatException(&quot;\&quot;value\&quot;:1&quot;)" methodname="Parse_BuiltWithoutCreation_ThrowsFormatException" classname="TimeKey.Tests.Infrastructure.CardJsonAdapterTests" runstate="Runnable" seed="275307451" result="Passed" start-time="2026-07-31 18:56:27Z" end-time="2026-07-31 18:56:27Z" duration="0.000158" asserts="0">
                  <properties>
                    <property name="retryIteration" value="0" />
                    <property name="repeatIteration" value="0" />
                  </properties>
                </test-case>
              </test-suite>
              <test-case id="1073" name="Parse_ClearMixedWithResolveEffect_ThrowsFormatException" fullname="TimeKey.Tests.Infrastructure.CardJsonAdapterTests.Parse_ClearMixedWithResolveEffect_ThrowsFormatException" methodname="Parse_ClearMixedWithResolveEffect_ThrowsFormatException" classname="TimeKey.Tests.Infrastructure.CardJsonAdapterTests" runstate="Runnable" seed="917146474" result="Passed" start-time="2026-07-31 18:56:27Z" end-time="2026-07-31 18:56:27Z" duration="0.000257" asserts="0">
                <properties>
                  <property name="retryIteration" value="0" />
                  <property name="repeatIteration" value="0" />
                </properties>
              </test-case>
              <test-case id="1083" name="Parse_EmptyOccupiedShape_FallsBackToSingleCellForResolveCard" fullname="TimeKey.Tests.Infrastructure.CardJsonAdapterTests.Parse_EmptyOccupiedShape_FallsBackToSingleCellForResolveCard" methodname="Parse_EmptyOccupiedShape_FallsBackToSingleCellForResolveCard" classname="TimeKey.Tests.Infrastructure.CardJsonAdapterTests" runstate="Runnable" seed="1585602892" result="Passed" start-time="2026-07-31 18:56:27Z" end-time="2026-07-31 18:56:27Z" duration="0.001147" asserts="0">
                <properties>
                  <property name="retryIteration" value="0" />
                  <property name="repeatIteration" value="0" />
                </properties>
              </test-case>
              <test-case id="1053" name="Parse_IgnoresUnmappedChineseDescriptionFields" fullname="TimeKey.Tests.Infrastructure.CardJsonAdapterTests.Parse_IgnoresUnmappedChineseDescriptionFields" methodname="Parse_IgnoresUnmappedChineseDescriptionFields" classname="TimeKey.Tests.Infrastructure.CardJsonAdapterTests" runstate="Runnable" seed="1568016467" result="Passed" start-time="2026-07-31 18:56:27Z" end-time="2026-07-31 18:56:27Z" duration="0.002268" asserts="0">
                <properties>
                  <property name="retryIteration" value="0" />
                  <property name="repeatIteration" value="0" />
                </properties>
              </test-case>
              <test-suite type="ParameterizedMethod" id="1072" name="Parse_InvalidClearMask_ThrowsFormatException" fullname="TimeKey.Tests.Infrastructure.CardJsonAdapterTests.Parse_InvalidClearMask_ThrowsFormatException" classname="TimeKey.Tests.Infrastructure.CardJsonAdapterTests" runstate="Runnable" testcasecount="4" result="Passed" start-time="2026-07-31 18:56:27Z" end-time="2026-07-31 18:56:27Z" duration="0.001019" total="4" passed="4" failed="0" inconclusive="0" skipped="0" asserts="0">
                <properties />
                <test-case id="1068" name="Parse_InvalidClearMask_ThrowsFormatException(&quot;\&quot;value\&quot;:\&quot;\&quot;&quot;)" fullname="TimeKey.Tests.Infrastructure.CardJsonAdapterTests.Parse_InvalidClearMask_ThrowsFormatException(&quot;\&quot;value\&quot;:\&quot;\&quot;&quot;)" methodname="Parse_InvalidClearMask_ThrowsFormatException" classname="TimeKey.Tests.Infrastructure.CardJsonAdapterTests" runstate="Runnable" seed="923654273" result="Passed" start-time="2026-07-31 18:56:27Z" end-time="2026-07-31 18:56:27Z" duration="0.000381" asserts="0">
                  <properties>
                    <property name="retryIteration" value="0" />
                    <property name="repeatIteration" value="0" />
                  </properties>
                </test-case>
                <test-case id="1069" name="Parse_InvalidClearMask_ThrowsFormatException(&quot;\&quot;value\&quot;:\&quot;0\&quot;&quot;)" fullname="TimeKey.Tests.Infrastructure.CardJsonAdapterTests.Parse_InvalidClearMask_ThrowsFormatException(&quot;\&quot;value\&quot;:\&quot;0\&quot;&quot;)" methodname="Parse_InvalidClearMask_ThrowsFormatException" classname="TimeKey.Tests.Infrastructure.CardJsonAdapterTests" runstate="Runnable" seed="1338833126" result="Passed" start-time="2026-07-31 18:56:27Z" end-time="2026-07-31 18:56:27Z" duration="0.000100" asserts="0">
                  <properties>
                    <property name="retryIteration" value="0" />
                    <property name="repeatIteration" value="0" />
                  </properties>
                </test-case>
                <test-case id="1070" name="Parse_InvalidClearMask_ThrowsFormatException(&quot;\&quot;value\&quot;:\&quot;10x\&quot;&quot;)" fullname="TimeKey.Tests.Infrastructure.CardJsonAdapterTests.Parse_InvalidClearMask_ThrowsFormatException(&quot;\&quot;value\&quot;:\&quot;10x\&quot;&quot;)" methodname="Parse_InvalidClearMask_ThrowsFormatException" classname="TimeKey.Tests.Infrastructure.CardJsonAdapterTests" runstate="Runnable" seed="1996850265" result="Passed" start-time="2026-07-31 18:56:27Z" end-time="2026-07-31 18:56:27Z" duration="0.000064" asserts="0">
                  <properties>
                    <property name="retryIteration" value="0" />
                    <property name="repeatIteration" value="0" />
                  </properties>
                </test-case>
                <test-case id="1071" name="Parse_InvalidClearMask_ThrowsFormatException(&quot;\&quot;value\&quot;:\&quot;1,11\&quot;&quot;)" fullname="TimeKey.Tests.Infrastructure.CardJsonAdapterTests.Parse_InvalidClearMask_ThrowsFormatException(&quot;\&quot;value\&quot;:\&quot;1,11\&quot;&quot;)" methodname="Parse_InvalidClearMask_ThrowsFormatException" classname="TimeKey.Tests.Infrastructure.CardJsonAdapterTests" runstate="Runnable" seed="1551146354" result="Passed" start-time="2026-07-31 18:56:27Z" end-time="2026-07-31 18:56:27Z" duration="0.000062" asserts="0">
                  <properties>
                    <property name="retryIteration" value="0" />
                    <property name="repeatIteration" value="0" />
                  </properties>
                </test-case>
              </test-suite>
              <test-suite type="ParameterizedMethod" id="1062" name="Parse_InvalidEffectValueTypeOrAmount_ThrowsFormatException" fullname="TimeKey.Tests.Infrastructure.CardJsonAdapterTests.Parse_InvalidEffectValueTypeOrAmount_ThrowsFormatException" classname="TimeKey.Tests.Infrastructure.CardJsonAdapterTests" runstate="Runnable" testcasecount="6" result="Passed" start-time="2026-07-31 18:56:27Z" end-time="2026-07-31 18:56:27Z" duration="0.002074" total="6" passed="6" failed="0" inconclusive="0" skipped="0" asserts="0">
                <properties />
                <test-case id="1056" name="Parse_InvalidEffectValueTypeOrAmount_ThrowsFormatException(&quot;damage&quot;,&quot;\&quot;100\&quot;&quot;)" fullname="TimeKey.Tests.Infrastructure.CardJsonAdapterTests.Parse_InvalidEffectValueTypeOrAmount_ThrowsFormatException(&quot;damage&quot;,&quot;\&quot;100\&quot;&quot;)" methodname="Parse_InvalidEffectValueTypeOrAmount_ThrowsFormatException" classname="TimeKey.Tests.Infrastructure.CardJsonAdapterTests" runstate="Runnable" seed="1592820756" result="Passed" start-time="2026-07-31 18:56:27Z" end-time="2026-07-31 18:56:27Z" duration="0.000268" asserts="0">
                  <properties>
                    <property name="retryIteration" value="0" />
                    <property name="repeatIteration" value="0" />
                  </properties>
                </test-case>
                <test-case id="1057" name="Parse_InvalidEffectValueTypeOrAmount_ThrowsFormatException(&quot;elevation&quot;,&quot;\&quot;2\&quot;&quot;)" fullname="TimeKey.Tests.Infrastructure.CardJsonAdapterTests.Parse_InvalidEffectValueTypeOrAmount_ThrowsFormatException(&quot;elevation&quot;,&quot;\&quot;2\&quot;&quot;)" methodname="Parse_InvalidEffectValueTypeOrAmount_ThrowsFormatException" classname="TimeKey.Tests.Infrastructure.CardJsonAdapterTests" runstate="Runnable" seed="129702671" result="Passed" start-time="2026-07-31 18:56:27Z" end-time="2026-07-31 18:56:27Z" duration="0.000069" asserts="0">
                  <properties>
                    <property name="retryIteration" value="0" />
                    <property name="repeatIteration" value="0" />
                  </properties>
                </test-case>
                <test-case id="1058" name="Parse_InvalidEffectValueTypeOrAmount_ThrowsFormatException(&quot;recover&quot;,&quot;null&quot;)" fullname="TimeKey.Tests.Infrastructure.CardJsonAdapterTests.Parse_InvalidEffectValueTypeOrAmount_ThrowsFormatException(&quot;recover&quot;,&quot;null&quot;)" methodname="Parse_InvalidEffectValueTypeOrAmount_ThrowsFormatException" classname="TimeKey.Tests.Infrastructure.CardJsonAdapterTests" runstate="Runnable" seed="1791156405" result="Passed" start-time="2026-07-31 18:56:27Z" end-time="2026-07-31 18:56:27Z" duration="0.000320" asserts="0">
                  <properties>
                    <property name="retryIteration" value="0" />
                    <property name="repeatIteration" value="0" />
                  </properties>
                </test-case>
                <test-case id="1059" name="Parse_InvalidEffectValueTypeOrAmount_ThrowsFormatException(&quot;recover&quot;,&quot;1.5&quot;)" fullname="TimeKey.Tests.Infrastructure.CardJsonAdapterTests.Parse_InvalidEffectValueTypeOrAmount_ThrowsFormatException(&quot;recover&quot;,&quot;1.5&quot;)" methodname="Parse_InvalidEffectValueTypeOrAmount_ThrowsFormatException" classname="TimeKey.Tests.Infrastructure.CardJsonAdapterTests" runstate="Runnable" seed="429752113" result="Passed" start-time="2026-07-31 18:56:27Z" end-time="2026-07-31 18:56:27Z" duration="0.000774" asserts="0">
                  <properties>
                    <property name="retryIteration" value="0" />
                    <property name="repeatIteration" value="0" />
                  </properties>
                </test-case>
                <test-case id="1060" name="Parse_InvalidEffectValueTypeOrAmount_ThrowsFormatException(&quot;poison&quot;,&quot;-1&quot;)" fullname="TimeKey.Tests.Infrastructure.CardJsonAdapterTests.Parse_InvalidEffectValueTypeOrAmount_ThrowsFormatException(&quot;poison&quot;,&quot;-1&quot;)" methodname="Parse_InvalidEffectValueTypeOrAmount_ThrowsFormatException" classname="TimeKey.Tests.Infrastructure.CardJsonAdapterTests" runstate="Runnable" seed="1306879699" result="Passed" start-time="2026-07-31 18:56:27Z" end-time="2026-07-31 18:56:27Z" duration="0.000089" asserts="0">
                  <properties>
                    <property name="retryIteration" value="0" />
                    <property name="repeatIteration" value="0" />
                  </properties>
                </test-case>
                <test-case id="1061" name="Parse_InvalidEffectValueTypeOrAmount_ThrowsFormatException(&quot;clear&quot;,&quot;1&quot;)" fullname="TimeKey.Tests.Infrastructure.CardJsonAdapterTests.Parse_InvalidEffectValueTypeOrAmount_ThrowsFormatException(&quot;clear&quot;,&quot;1&quot;)" methodname="Parse_InvalidEffectValueTypeOrAmount_ThrowsFormatException" classname="TimeKey.Tests.Infrastructure.CardJsonAdapterTests" runstate="Runnable" seed="1839085221" result="Passed" start-time="2026-07-31 18:56:27Z" end-time="2026-07-31 18:56:27Z" duration="0.000066" asserts="0">
                  <properties>
                    <property name="retryIteration" value="0" />
                    <property name="repeatIteration" value="0" />
                  </properties>
                </test-case>
              </test-suite>
              <test-suite type="ParameterizedMethod" id="1079" name="Parse_InvalidFrontImage_ThrowsFormatException" fullname="TimeKey.Tests.Infrastructure.CardJsonAdapterTests.Parse_InvalidFrontImage_ThrowsFormatException" classname="TimeKey.Tests.Infrastructure.CardJsonAdapterTests" runstate="Runnable" testcasecount="5" result="Passed" start-time="2026-07-31 18:56:27Z" end-time="2026-07-31 18:56:27Z" duration="0.000679" total="5" passed="5" failed="0" inconclusive="0" skipped="0" asserts="0">
                <properties />
                <test-case id="1074" name="Parse_InvalidFrontImage_ThrowsFormatException(&quot;&quot;)" fullname="TimeKey.Tests.Infrastructure.CardJsonAdapterTests.Parse_InvalidFrontImage_ThrowsFormatException(&quot;&quot;)" methodname="Parse_InvalidFrontImage_ThrowsFormatException" classname="TimeKey.Tests.Infrastructure.CardJsonAdapterTests" runstate="Runnable" seed="1642657382" result="Passed" start-time="2026-07-31 18:56:27Z" end-time="2026-07-31 18:56:27Z" duration="0.000176" asserts="0">
                  <properties>
                    <property name="retryIteration" value="0" />
                    <property name="repeatIteration" value="0" />
                  </properties>
                </test-case>
                <test-case id="1075" name="Parse_InvalidFrontImage_ThrowsFormatException(&quot;../lighting.png&quot;)" fullname="TimeKey.Tests.Infrastructure.CardJsonAdapterTests.Parse_InvalidFrontImage_ThrowsFormatException(&quot;../lighting.png&quot;)" methodname="Parse_InvalidFrontImage_ThrowsFormatException" classname="TimeKey.Tests.Infrastructure.CardJsonAdapterTests" runstate="Runnable" seed="1139471689" result="Passed" start-time="2026-07-31 18:56:27Z" end-time="2026-07-31 18:56:27Z" duration="0.000049" asserts="0">
                  <properties>
                    <property name="retryIteration" value="0" />
                    <property name="repeatIteration" value="0" />
                  </properties>
                </test-case>
                <test-case id="1076" name="Parse_InvalidFrontImage_ThrowsFormatException(&quot;cards/lighting.png&quot;)" fullname="TimeKey.Tests.Infrastructure.CardJsonAdapterTests.Parse_InvalidFrontImage_ThrowsFormatException(&quot;cards/lighting.png&quot;)" methodname="Parse_InvalidFrontImage_ThrowsFormatException" classname="TimeKey.Tests.Infrastructure.CardJsonAdapterTests" runstate="Runnable" seed="1021494010" result="Passed" start-time="2026-07-31 18:56:27Z" end-time="2026-07-31 18:56:27Z" duration="0.000047" asserts="0">
                  <properties>
                    <property name="retryIteration" value="0" />
                    <property name="repeatIteration" value="0" />
                  </properties>
                </test-case>
                <test-case id="1077" name="Parse_InvalidFrontImage_ThrowsFormatException(&quot;cards\\lighting.png&quot;)" fullname="TimeKey.Tests.Infrastructure.CardJsonAdapterTests.Parse_InvalidFrontImage_ThrowsFormatException(&quot;cards\\lighting.png&quot;)" methodname="Parse_InvalidFrontImage_ThrowsFormatException" classname="TimeKey.Tests.Infrastructure.CardJsonAdapterTests" runstate="Runnable" seed="1778615780" result="Passed" start-time="2026-07-31 18:56:27Z" end-time="2026-07-31 18:56:27Z" duration="0.000034" asserts="0">
                  <properties>
                    <property name="retryIteration" value="0" />
                    <property name="repeatIteration" value="0" />
                  </properties>
                </test-case>
                <test-case id="1078" name="Parse_InvalidFrontImage_ThrowsFormatException(&quot;/lighting.png&quot;)" fullname="TimeKey.Tests.Infrastructure.CardJsonAdapterTests.Parse_InvalidFrontImage_ThrowsFormatException(&quot;/lighting.png&quot;)" methodname="Parse_InvalidFrontImage_ThrowsFormatException" classname="TimeKey.Tests.Infrastructure.CardJsonAdapterTests" runstate="Runnable" seed="1635560477" result="Passed" start-time="2026-07-31 18:56:27Z" end-time="2026-07-31 18:56:27Z" duration="0.000039" asserts="0">
                  <properties>
                    <property name="retryIteration" value="0" />
                    <property name="repeatIteration" value="0" />
                  </properties>
                </test-case>
              </test-suite>
              <test-suite type="ParameterizedMethod" id="1082" name="Parse_InvalidShape_ThrowsFormatException" fullname="TimeKey.Tests.Infrastructure.CardJsonAdapterTests.Parse_InvalidShape_ThrowsFormatException" classname="TimeKey.Tests.Infrastructure.CardJsonAdapterTests" runstate="Runnable" testcasecount="2" result="Passed" start-time="2026-07-31 18:56:27Z" end-time="2026-07-31 18:56:27Z" duration="0.000697" total="2" passed="2" failed="0" inconclusive="0" skipped="0" asserts="0">
                <properties />
                <test-case id="1080" name="Parse_InvalidShape_ThrowsFormatException(&quot;1x&quot;)" fullname="TimeKey.Tests.Infrastructure.CardJsonAdapterTests.Parse_InvalidShape_ThrowsFormatException(&quot;1x&quot;)" methodname="Parse_InvalidShape_ThrowsFormatException" classname="TimeKey.Tests.Infrastructure.CardJsonAdapterTests" runstate="Runnable" seed="2080652053" result="Passed" start-time="2026-07-31 18:56:27Z" end-time="2026-07-31 18:56:27Z" duration="0.000284" asserts="0">
                  <properties>
                    <property name="retryIteration" value="0" />
                    <property name="repeatIteration" value="0" />
                  </properties>
                </test-case>
                <test-case id="1081" name="Parse_InvalidShape_ThrowsFormatException(&quot;x&quot;)" fullname="TimeKey.Tests.Infrastructure.CardJsonAdapterTests.Parse_InvalidShape_ThrowsFormatException(&quot;x&quot;)" methodname="Parse_InvalidShape_ThrowsFormatException" classname="TimeKey.Tests.Infrastructure.CardJsonAdapterTests" runstate="Runnable" seed="1648779782" result="Passed" start-time="2026-07-31 18:56:27Z" end-time="2026-07-31 18:56:27Z" duration="0.000095" asserts="0">
                  <properties>
                    <property name="retryIteration" value="0" />
                    <property name="repeatIteration" value="0" />
                  </properties>
                </test-case>
              </test-suite>
              <test-case id="1052" name="Parse_LightingFixture_PreservesLegacyValueProperty" fullname="TimeKey.Tests.Infrastructure.CardJsonAdapterTests.Parse_LightingFixture_PreservesLegacyValueProperty" methodname="Parse_LightingFixture_PreservesLegacyValueProperty" classname="TimeKey.Tests.Infrastructure.CardJsonAdapterTests" runstate="Runnable" seed="244695959" result="Passed" start-time="2026-07-31 18:56:27Z" end-time="2026-07-31 18:56:27Z" duration="0.001125" asserts="0">
                <properties>
                  <property name="retryIteration" value="0" />
                  <property name="repeatIteration" value="0" />
                </properties>
              </test-case>
              <test-case id="1064" name="Parse_MissingEffects_ThrowsFormatException" fullname="TimeKey.Tests.Infrastructure.CardJsonAdapterTests.Parse_MissingEffects_ThrowsFormatException" methodname="Parse_MissingEffects_ThrowsFormatException" classname="TimeKey.Tests.Infrastructure.CardJsonAdapterTests" runstate="Runnable" seed="898580847" result="Passed" start-time="2026-07-31 18:56:27Z" end-time="2026-07-31 18:56:27Z" duration="0.000196" asserts="0">
                <properties>
                  <property name="retryIteration" value="0" />
                  <property name="repeatIteration" value="0" />
                </properties>
              </test-case>
              <test-case id="1063" name="Parse_MissingEffectValue_ThrowsFormatException" fullname="TimeKey.Tests.Infrastructure.CardJsonAdapterTests.Parse_MissingEffectValue_ThrowsFormatException" methodname="Parse_MissingEffectValue_ThrowsFormatException" classname="TimeKey.Tests.Infrastructure.CardJsonAdapterTests" runstate="Runnable" seed="789889132" result="Passed" start-time="2026-07-31 18:56:27Z" end-time="2026-07-31 18:56:27Z" duration="0.000168" asserts="0">
                <properties>
                  <property name="retryIteration" value="0" />
                  <property name="repeatIteration" value="0" />
                </properties>
              </test-case>
              <test-suite type="ParameterizedMethod" id="1051" name="Parse_RealFixture_PreservesContractFields" fullname="TimeKey.Tests.Infrastructure.CardJsonAdapterTests.Parse_RealFixture_PreservesContractFields" classname="TimeKey.Tests.Infrastructure.CardJsonAdapterTests" runstate="Runnable" testcasecount="7" result="Passed" start-time="2026-07-31 18:56:27Z" end-time="2026-07-31 18:56:27Z" duration="0.004558" total="7" passed="7" failed="0" inconclusive="0" skipped="0" asserts="0">
                <properties />
                <test-case id="1044" name="Parse_RealFixture_PreservesContractFields(lighting)" fullname="TimeKey.Tests.Infrastructure.CardJsonAdapterTests.Parse_RealFixture_PreservesContractFields(lighting)" methodname="Parse_RealFixture_PreservesContractFields" classname="TimeKey.Tests.Infrastructure.CardJsonAdapterTests" runstate="Runnable" seed="1195676762" result="Passed" start-time="2026-07-31 18:56:27Z" end-time="2026-07-31 18:56:27Z" duration="0.001236" asserts="0">
                  <properties>
                    <property name="retryIteration" value="0" />
                    <property name="repeatIteration" value="0" />
                  </properties>
                </test-case>
                <test-case id="1045" name="Parse_RealFixture_PreservesContractFields(earthquake)" fullname="TimeKey.Tests.Infrastructure.CardJsonAdapterTests.Parse_RealFixture_PreservesContractFields(earthquake)" methodname="Parse_RealFixture_PreservesContractFields" classname="TimeKey.Tests.Infrastructure.CardJsonAdapterTests" runstate="Runnable" seed="1073688813" result="Passed" start-time="2026-07-31 18:56:27Z" end-time="2026-07-31 18:56:27Z" duration="0.000492" asserts="0">
                  <properties>
                    <property name="retryIteration" value="0" />
                    <property name="repeatIteration" value="0" />
                  </properties>
                </test-case>
                <test-case id="1046" name="Parse_RealFixture_PreservesContractFields(wind)" fullname="TimeKey.Tests.Infrastructure.CardJsonAdapterTests.Parse_RealFixture_PreservesContractFields(wind)" methodname="Parse_RealFixture_PreservesContractFields" classname="TimeKey.Tests.Infrastructure.CardJsonAdapterTests" runstate="Runnable" seed="1306954451" result="Passed" start-time="2026-07-31 18:56:27Z" end-time="2026-07-31 18:56:27Z" duration="0.000830" asserts="0">
                  <properties>
                    <property name="retryIteration" value="0" />
                    <property name="repeatIteration" value="0" />
                  </properties>
                </test-case>
                <test-case id="1047" name="Parse_RealFixture_PreservesContractFields(recover)" fullname="TimeKey.Tests.Infrastructure.CardJsonAdapterTests.Parse_RealFixture_PreservesContractFields(recover)" methodname="Parse_RealFixture_PreservesContractFields" classname="TimeKey.Tests.Infrastructure.CardJsonAdapterTests" runstate="Runnable" seed="623152357" result="Passed" start-time="2026-07-31 18:56:27Z" end-time="2026-07-31 18:56:27Z" duration="0.000364" asserts="0">
                  <properties>
                    <property name="retryIteration" value="0" />
                    <property name="repeatIteration" value="0" />
                  </properties>
                </test-case>
                <test-case id="1048" name="Parse_RealFixture_PreservesContractFields(tower)" fullname="TimeKey.Tests.Infrastructure.CardJsonAdapterTests.Parse_RealFixture_PreservesContractFields(tower)" methodname="Parse_RealFixture_PreservesContractFields" classname="TimeKey.Tests.Infrastructure.CardJsonAdapterTests" runstate="Runnable" seed="1199721755" result="Passed" start-time="2026-07-31 18:56:27Z" end-time="2026-07-31 18:56:27Z" duration="0.000335" asserts="0">
                  <properties>
                    <property name="retryIteration" value="0" />
                    <property name="repeatIteration" value="0" />
                  </properties>
                </test-case>
                <test-case id="1049" name="Parse_RealFixture_PreservesContractFields(poison)" fullname="TimeKey.Tests.Infrastructure.CardJsonAdapterTests.Parse_RealFixture_PreservesContractFields(poison)" methodname="Parse_RealFixture_PreservesContractFields" classname="TimeKey.Tests.Infrastructure.CardJsonAdapterTests" runstate="Runnable" seed="1584485057" result="Passed" start-time="2026-07-31 18:56:27Z" end-time="2026-07-31 18:56:27Z" duration="0.000311" asserts="0">
                  <properties>
                    <property name="retryIteration" value="0" />
                    <property name="repeatIteration" value="0" />
                  </properties>
                </test-case>
                <test-case id="1050" name="Parse_RealFixture_PreservesContractFields(tornado)" fullname="TimeKey.Tests.Infrastructure.CardJsonAdapterTests.Parse_RealFixture_PreservesContractFields(tornado)" methodname="Parse_RealFixture_PreservesContractFields" classname="TimeKey.Tests.Infrastructure.CardJsonAdapterTests" runstate="Runnable" seed="1455211978" result="Passed" start-time="2026-07-31 18:56:27Z" end-time="2026-07-31 18:56:27Z" duration="0.000320" asserts="0">
                  <properties>
                    <property name="retryIteration" value="0" />
                    <property name="repeatIteration" value="0" />
                  </properties>
                </test-case>
              </test-suite>
              <test-case id="1084" name="Parse_ShapeRows_AcceptsWhitespaceSeparators" fullname="TimeKey.Tests.Infrastructure.CardJsonAdapterTests.Parse_ShapeRows_AcceptsWhitespaceSeparators" methodname="Parse_ShapeRows_AcceptsWhitespaceSeparators" classname="TimeKey.Tests.Infrastructure.CardJsonAdapterTests" runstate="Runnable" seed="219375976" result="Passed" start-time="2026-07-31 18:56:27Z" end-time="2026-07-31 18:56:27Z" duration="0.000437" asserts="0">
                <properties>
                  <property name="retryIteration" value="0" />
                  <property name="repeatIteration" value="0" />
                </properties>
              </test-case>
              <test-case id="1055" name="Parse_UnknownEffect_ThrowsFormatException" fullname="TimeKey.Tests.Infrastructure.CardJsonAdapterTests.Parse_UnknownEffect_ThrowsFormatException" methodname="Parse_UnknownEffect_ThrowsFormatException" classname="TimeKey.Tests.Infrastructure.CardJsonAdapterTests" runstate="Runnable" seed="746297611" result="Passed" start-time="2026-07-31 18:56:27Z" end-time="2026-07-31 18:56:27Z" duration="0.000169" asserts="0">
                <properties>
                  <property name="retryIteration" value="0" />
                  <property name="repeatIteration" value="0" />
                </properties>
              </test-case>
              <test-case id="1054" name="TryParse_MissingStableId_ReturnsExplicitFailure" fullname="TimeKey.Tests.Infrastructure.CardJsonAdapterTests.TryParse_MissingStableId_ReturnsExplicitFailure" methodname="TryParse_MissingStableId_ReturnsExplicitFailure" classname="TimeKey.Tests.Infrastructure.CardJsonAdapterTests" runstate="Runnable" seed="309191571" result="Passed" start-time="2026-07-31 18:56:27Z" end-time="2026-07-31 18:56:27Z" duration="0.000692" asserts="0">
                <properties>
                  <property name="retryIteration" value="0" />
                  <property name="repeatIteration" value="0" />
                </properties>
                <output><![CDATA[Saving results to: C:/Users/bulbel/AppData/LocalLow/TimeKey/Time Key Unity Slice\TestResults.xml
]]></output>
              </test-case>
            </test-suite>
          </test-suite>
        </test-suite>
      </test-suite>
    </test-suite>
  </test-suite>
</test-run>