<?xml version="1.0" encoding="utf-8"?>
<test-run id="2" testcasecount="2" result="Passed" total="2" passed="2" failed="0" inconclusive="0" skipped="0" asserts="0" engine-version="3.5.0.0" clr-version="4.0.30319.42000" start-time="2026-07-31 06:49:13Z" end-time="2026-07-31 06:49:13Z" duration="0.4133037">
  <test-suite type="TestSuite" id="1010" name="Time Key Unity Slice" fullname="Time Key Unity Slice" runstate="Runnable" testcasecount="2" result="Passed" start-time="2026-07-31 06:49:13Z" end-time="2026-07-31 06:49:13Z" duration="0.413304" total="2" passed="2" failed="0" inconclusive="0" skipped="0" asserts="0">
    <properties>
      <property name="platform" value="PlayMode" />
    </properties>
    <test-suite type="Assembly" id="1004" name="TimeKey.Tests.PlayMode.dll" fullname="D:/timekey-unity-731/Library/ScriptAssemblies/TimeKey.Tests.PlayMode.dll" runstate="Runnable" testcasecount="2" result="Passed" start-time="2026-07-31 06:49:13Z" end-time="2026-07-31 06:49:13Z" duration="0.406842" total="2" passed="2" failed="0" inconclusive="0" skipped="0" asserts="0">
      <properties>
        <property name="_PID" value="46380" />
        <property name="_APPDOMAIN" value="Unity Child Domain" />
        <property name="platform" value="PlayMode" />
        <property name="EditorOnly" value="False" />
      </properties>
      <test-suite type="TestSuite" id="1005" name="TimeKey" fullname="TimeKey" runstate="Runnable" testcasecount="2" result="Passed" start-time="2026-07-31 06:49:13Z" end-time="2026-07-31 06:49:13Z" duration="0.406254" total="2" passed="2" failed="0" inconclusive="0" skipped="0" asserts="0">
        <properties />
        <test-suite type="TestSuite" id="1006" name="Tests" fullname="TimeKey.Tests" runstate="Runnable" testcasecount="2" result="Passed" start-time="2026-07-31 06:49:13Z" end-time="2026-07-31 06:49:13Z" duration="0.406053" total="2" passed="2" failed="0" inconclusive="0" skipped="0" asserts="0">
          <properties />
          <test-suite type="TestSuite" id="1007" name="PlayMode" fullname="TimeKey.Tests.PlayMode" runstate="Runnable" testcasecount="2" result="Passed" start-time="2026-07-31 06:49:13Z" end-time="2026-07-31 06:49:13Z" duration="0.405868" total="2" passed="2" failed="0" inconclusive="0" skipped="0" asserts="0">
            <properties />
            <test-suite type="TestFixture" id="1001" name="CombatVerticalSliceTests" fullname="TimeKey.Tests.PlayMode.CombatVerticalSliceTests" classname="TimeKey.Tests.PlayMode.CombatVerticalSliceTests" runstate="Runnable" testcasecount="2" result="Passed" start-time="2026-07-31 06:49:13Z" end-time="2026-07-31 06:49:13Z" duration="0.405136" total="2" passed="2" failed="0" inconclusive="0" skipped="0" asserts="0">
              <properties />
              <test-case id="1003" name="CompletePath_ResolvesLightingBeforeEnemyIntent" fullname="TimeKey.Tests.PlayMode.CombatVerticalSliceTests.CompletePath_ResolvesLightingBeforeEnemyIntent" methodname="CompletePath_ResolvesLightingBeforeEnemyIntent" classname="TimeKey.Tests.PlayMode.CombatVerticalSliceTests" runstate="Runnable" seed="1355778280" result="Passed" start-time="2026-07-31 06:49:13Z" end-time="2026-07-31 06:49:13Z" duration="0.188933" asserts="0">
                <properties>
                  <property name="_JOINTYPE" value="UnityCombinatorial" />
                  <property name="retryIteration" value="0" />
                  <property name="repeatIteration" value="0" />
                </properties>
              </test-case>
              <test-case id="1002" name="SceneBuild_IsCompleteAndIdempotent" fullname="TimeKey.Tests.PlayMode.CombatVerticalSliceTests.SceneBuild_IsCompleteAndIdempotent" methodname="SceneBuild_IsCompleteAndIdempotent" classname="TimeKey.Tests.PlayMode.CombatVerticalSliceTests" runstate="Runnable" seed="1044898313" result="Passed" start-time="2026-07-31 06:49:13Z" end-time="2026-07-31 06:49:13Z" duration="0.208708" asserts="0">
                <properties>
                  <property name="_JOINTYPE" value="UnityCombinatorial" />
                  <property name="retryIteration" value="0" />
                  <property name="repeatIteration" value="0" />
                </properties>
                <output><![CDATA[Saving results to: C:/Users/bulbel/AppData/LocalLow/TimeKey/Time Key Unity Slice\TestResults.xml
]]></output>
              </test-case>
            </test-suite>
          </test-suite>
        </test-suite>
      </test-suite>
    </test-suite>
  </test-suite>
</test-run>