<?xml version="1.0" encoding="utf-8"?>
<test-run id="2" testcasecount="86" result="Passed" total="86" passed="86" failed="0" inconclusive="0" skipped="0" asserts="0" engine-version="3.5.0.0" clr-version="4.0.30319.42000" start-time="2026-08-01 05:36:02Z" end-time="2026-08-01 05:36:03Z" duration="0.8910237">
  <test-suite type="TestSuite" id="1000" name="Time Key Unity Slice" fullname="Time Key Unity Slice" runstate="Runnable" testcasecount="86" result="Passed" start-time="2026-08-01 05:36:02Z" end-time="2026-08-01 05:36:03Z" duration="0.891024" total="86" passed="86" failed="0" inconclusive="0" skipped="0" asserts="0">
    <properties>
      <property name="platform" value="EditMode" />
    </properties>
    <test-suite type="Assembly" id="1060" name="TimeKey.Tests.EditMode.dll" fullname="D:/timekey-unity-731/Library/ScriptAssemblies/TimeKey.Tests.EditMode.dll" runstate="Runnable" testcasecount="51" result="Passed" start-time="2026-08-01 05:36:02Z" end-time="2026-08-01 05:36:03Z" duration="0.856429" total="51" passed="51" failed="0" inconclusive="0" skipped="0" asserts="0">
      <properties>
        <property name="_PID" value="22756" />
        <property name="_APPDOMAIN" value="Unity Child Domain" />
        <property name="platform" value="EditMode" />
        <property name="EditorOnly" value="True" />
      </properties>
      <test-suite type="TestSuite" id="1061" name="TimeKey" fullname="TimeKey" runstate="Runnable" testcasecount="51" result="Passed" start-time="2026-08-01 05:36:02Z" end-time="2026-08-01 05:36:03Z" duration="0.856158" total="51" passed="51" failed="0" inconclusive="0" skipped="0" asserts="0">
        <properties />
        <test-suite type="TestSuite" id="1062" name="Tests" fullname="TimeKey.Tests" runstate="Runnable" testcasecount="51" result="Passed" start-time="2026-08-01 05:36:02Z" end-time="2026-08-01 05:36:03Z" duration="0.856084" total="51" passed="51" failed="0" inconclusive="0" skipped="0" asserts="0">
          <properties />
          <test-suite type="TestSuite" id="1063" name="EditMode" fullname="TimeKey.Tests.EditMode" runstate="Runnable" testcasecount="51" result="Passed" start-time="2026-08-01 05:36:02Z" end-time="2026-08-01 05:36:03Z" duration="0.855992" total="51" passed="51" failed="0" inconclusive="0" skipped="0" asserts="0">
            <properties />
            <test-suite type="TestSuite" id="1067" name="Application" fullname="TimeKey.Tests.EditMode.Application" runstate="Runnable" testcasecount="12" result="Passed" start-time="2026-08-01 05:36:02Z" end-time="2026-08-01 05:36:02Z" duration="0.036959" total="12" passed="12" failed="0" inconclusive="0" skipped="0" asserts="0">
              <properties />
              <test-suite type="TestFixture" id="1047" name="CombatApplicationSessionTests" fullname="TimeKey.Tests.EditMode.Application.CombatApplicationSessionTests" classname="TimeKey.Tests.EditMode.Application.CombatApplicationSessionTests" runstate="Runnable" testcasecount="12" result="Passed" start-time="2026-08-01 05:36:02Z" end-time="2026-08-01 05:36:02Z" duration="0.036274" total="12" passed="12" failed="0" inconclusive="0" skipped="0" asserts="0">
                <properties />
                <test-case id="1055" name="CancelIsIdempotentUntilASelectionIsCommitted" fullname="TimeKey.Tests.EditMode.Application.CombatApplicationSessionTests.CancelIsIdempotentUntilASelectionIsCommitted" methodname="CancelIsIdempotentUntilASelectionIsCommitted" classname="TimeKey.Tests.EditMode.Application.CombatApplicationSessionTests" runstate="Runnable" seed="497762865" result="Passed" start-time="2026-08-01 05:36:02Z" end-time="2026-08-01 05:36:02Z" duration="0.019479" asserts="0">
                  <properties>
                    <property name="retryIteration" value="0" />
                    <property name="repeatIteration" value="0" />
                  </properties>
                </test-case>
                <test-case id="1054" name="CommitDetectsConcurrentTimelineMutationWithoutAdditionalPlacement" fullname="TimeKey.Tests.EditMode.Application.CombatApplicationSessionTests.CommitDetectsConcurrentTimelineMutationWithoutAdditionalPlacement" methodname="CommitDetectsConcurrentTimelineMutationWithoutAdditionalPlacement" classname="TimeKey.Tests.EditMode.Application.CombatApplicationSessionTests" runstate="Runnable" seed="925537576" result="Passed" start-time="2026-08-01 05:36:02Z" end-time="2026-08-01 05:36:02Z" duration="0.001110" asserts="0">
                  <properties>
                    <property name="retryIteration" value="0" />
                    <property name="repeatIteration" value="0" />
                  </properties>
                </test-case>
                <test-case id="1059" name="DisposeIsIdempotentAndFurtherCommandsFailWithoutMutation" fullname="TimeKey.Tests.EditMode.Application.CombatApplicationSessionTests.DisposeIsIdempotentAndFurtherCommandsFailWithoutMutation" methodname="DisposeIsIdempotentAndFurtherCommandsFailWithoutMutation" classname="TimeKey.Tests.EditMode.Application.CombatApplicationSessionTests" runstate="Runnable" seed="1770958327" result="Passed" start-time="2026-08-01 05:36:02Z" end-time="2026-08-01 05:36:02Z" duration="0.000308" asserts="0">
                  <properties>
                    <property name="retryIteration" value="0" />
                    <property name="repeatIteration" value="0" />
                  </properties>
                </test-case>
                <test-case id="1049" name="EarthquakePath_UsesTypedTileTargetAndRaisesSevenTilesByTwo" fullname="TimeKey.Tests.EditMode.Application.CombatApplicationSessionTests.EarthquakePath_UsesTypedTileTargetAndRaisesSevenTilesByTwo" methodname="EarthquakePath_UsesTypedTileTargetAndRaisesSevenTilesByTwo" classname="TimeKey.Tests.EditMode.Application.CombatApplicationSessionTests" runstate="Runnable" seed="465725766" result="Passed" start-time="2026-08-01 05:36:02Z" end-time="2026-08-01 05:36:02Z" duration="0.002292" asserts="0">
                  <properties>
                    <property name="retryIteration" value="0" />
                    <property name="repeatIteration" value="0" />
                  </properties>
                </test-case>
                <test-case id="1050" name="InvalidCommandOrderReturnsStructuredFailuresWithoutMutation" fullname="TimeKey.Tests.EditMode.Application.CombatApplicationSessionTests.InvalidCommandOrderReturnsStructuredFailuresWithoutMutation" methodname="InvalidCommandOrderReturnsStructuredFailuresWithoutMutation" classname="TimeKey.Tests.EditMode.Application.CombatApplicationSessionTests" runstate="Runnable" seed="497015064" result="Passed" start-time="2026-08-01 05:36:02Z" end-time="2026-08-01 05:36:02Z" duration="0.000482" asserts="0">
                  <properties>
                    <property name="retryIteration" value="0" />
                    <property name="repeatIteration" value="0" />
                  </properties>
                </test-case>
                <test-case id="1048" name="LightingPath_SelectsTargetsCommitsAndResolvesThroughApplication" fullname="TimeKey.Tests.EditMode.Application.CombatApplicationSessionTests.LightingPath_SelectsTargetsCommitsAndResolvesThroughApplication" methodname="LightingPath_SelectsTargetsCommitsAndResolvesThroughApplication" classname="TimeKey.Tests.EditMode.Application.CombatApplicationSessionTests" runstate="Runnable" seed="2095855945" result="Passed" start-time="2026-08-01 05:36:02Z" end-time="2026-08-01 05:36:02Z" duration="0.000863" asserts="0">
                  <properties>
                    <property name="retryIteration" value="0" />
                    <property name="repeatIteration" value="0" />
                  </properties>
                </test-case>
                <test-case id="1052" name="PreviewRequiresTargetAndInvalidOriginDoesNotOccupyTimeline" fullname="TimeKey.Tests.EditMode.Application.CombatApplicationSessionTests.PreviewRequiresTargetAndInvalidOriginDoesNotOccupyTimeline" methodname="PreviewRequiresTargetAndInvalidOriginDoesNotOccupyTimeline" classname="TimeKey.Tests.EditMode.Application.CombatApplicationSessionTests" runstate="Runnable" seed="318450416" result="Passed" start-time="2026-08-01 05:36:02Z" end-time="2026-08-01 05:36:02Z" duration="0.000315" asserts="0">
                  <properties>
                    <property name="retryIteration" value="0" />
                    <property name="repeatIteration" value="0" />
                  </properties>
                </test-case>
                <test-case id="1057" name="RepeatedPreviewCommitAndResolveDoNotDuplicateMutation" fullname="TimeKey.Tests.EditMode.Application.CombatApplicationSessionTests.RepeatedPreviewCommitAndResolveDoNotDuplicateMutation" methodname="RepeatedPreviewCommitAndResolveDoNotDuplicateMutation" classname="TimeKey.Tests.EditMode.Application.CombatApplicationSessionTests" runstate="Runnable" seed="1846399551" result="Passed" start-time="2026-08-01 05:36:02Z" end-time="2026-08-01 05:36:02Z" duration="0.000337" asserts="0">
                  <properties>
                    <property name="retryIteration" value="0" />
                    <property name="repeatIteration" value="0" />
                  </properties>
                </test-case>
                <test-case id="1053" name="SelectingSecondCardReplacesUncommittedSelectionWithoutPresentationEvents" fullname="TimeKey.Tests.EditMode.Application.CombatApplicationSessionTests.SelectingSecondCardReplacesUncommittedSelectionWithoutPresentationEvents" methodname="SelectingSecondCardReplacesUncommittedSelectionWithoutPresentationEvents" classname="TimeKey.Tests.EditMode.Application.CombatApplicationSessionTests" runstate="Runnable" seed="388032049" result="Passed" start-time="2026-08-01 05:36:02Z" end-time="2026-08-01 05:36:02Z" duration="0.000502" asserts="0">
                  <properties>
                    <property name="retryIteration" value="0" />
                    <property name="repeatIteration" value="0" />
                  </properties>
                </test-case>
                <test-case id="1051" name="SelectTargetRejectsWrongKindUnknownEntityAndMissingTile" fullname="TimeKey.Tests.EditMode.Application.CombatApplicationSessionTests.SelectTargetRejectsWrongKindUnknownEntityAndMissingTile" methodname="SelectTargetRejectsWrongKindUnknownEntityAndMissingTile" classname="TimeKey.Tests.EditMode.Application.CombatApplicationSessionTests" runstate="Runnable" seed="1355590283" result="Passed" start-time="2026-08-01 05:36:02Z" end-time="2026-08-01 05:36:02Z" duration="0.000328" asserts="0">
                  <properties>
                    <property name="retryIteration" value="0" />
                    <property name="repeatIteration" value="0" />
                  </properties>
                </test-case>
                <test-case id="1058" name="TraceSinkCannotChangeGameplayResult" fullname="TimeKey.Tests.EditMode.Application.CombatApplicationSessionTests.TraceSinkCannotChangeGameplayResult" methodname="TraceSinkCannotChangeGameplayResult" classname="TimeKey.Tests.EditMode.Application.CombatApplicationSessionTests" runstate="Runnable" seed="990778472" result="Passed" start-time="2026-08-01 05:36:02Z" end-time="2026-08-01 05:36:02Z" duration="0.001661" asserts="0">
                  <properties>
                    <property name="retryIteration" value="0" />
                    <property name="repeatIteration" value="0" />
                  </properties>
                </test-case>
                <test-case id="1056" name="UnsupportedEffectFailsExplicitlyBeforeOccupyingTimelineAndIsTraced" fullname="TimeKey.Tests.EditMode.Application.CombatApplicationSessionTests.UnsupportedEffectFailsExplicitlyBeforeOccupyingTimelineAndIsTraced" methodname="UnsupportedEffectFailsExplicitlyBeforeOccupyingTimelineAndIsTraced" classname="TimeKey.Tests.EditMode.Application.CombatApplicationSessionTests" runstate="Runnable" seed="633168626" result="Passed" start-time="2026-08-01 05:36:02Z" end-time="2026-08-01 05:36:02Z" duration="0.000621" asserts="0">
                  <properties>
                    <property name="retryIteration" value="0" />
                    <property name="repeatIteration" value="0" />
                  </properties>
                </test-case>
              </test-suite>
            </test-suite>
            <test-suite type="TestFixture" id="1001" name="CardPlaySessionTests" fullname="TimeKey.Tests.EditMode.CardPlaySessionTests" classname="TimeKey.Tests.EditMode.CardPlaySessionTests" runstate="Runnable" testcasecount="12" result="Passed" start-time="2026-08-01 05:36:02Z" end-time="2026-08-01 05:36:02Z" duration="0.004499" total="12" passed="12" failed="0" inconclusive="0" skipped="0" asserts="0">
              <properties />
              <test-case id="1013" name="Cancel_AfterPreviewIsIdempotentAndPreventsCommit" fullname="TimeKey.Tests.EditMode.CardPlaySessionTests.Cancel_AfterPreviewIsIdempotentAndPreventsCommit" methodname="Cancel_AfterPreviewIsIdempotentAndPreventsCommit" classname="TimeKey.Tests.EditMode.CardPlaySessionTests" runstate="Runnable" seed="1739161371" result="Passed" start-time="2026-08-01 05:36:02Z" end-time="2026-08-01 05:36:02Z" duration="0.000557" asserts="0">
                <properties>
                  <property name="retryIteration" value="0" />
                  <property name="repeatIteration" value="0" />
                </properties>
              </test-case>
              <test-case id="1012" name="Commit_RepeatedCallDoesNotPlaceActionTwice" fullname="TimeKey.Tests.EditMode.CardPlaySessionTests.Commit_RepeatedCallDoesNotPlaceActionTwice" methodname="Commit_RepeatedCallDoesNotPlaceActionTwice" classname="TimeKey.Tests.EditMode.CardPlaySessionTests" runstate="Runnable" seed="1761126299" result="Passed" start-time="2026-08-01 05:36:02Z" end-time="2026-08-01 05:36:02Z" duration="0.000218" asserts="0">
                <properties>
                  <property name="retryIteration" value="0" />
                  <property name="repeatIteration" value="0" />
                </properties>
              </test-case>
              <test-case id="1011" name="Commit_WhenTimelineChangesAfterPreviewFailsWithoutAdditionalMutation" fullname="TimeKey.Tests.EditMode.CardPlaySessionTests.Commit_WhenTimelineChangesAfterPreviewFailsWithoutAdditionalMutation" methodname="Commit_WhenTimelineChangesAfterPreviewFailsWithoutAdditionalMutation" classname="TimeKey.Tests.EditMode.CardPlaySessionTests" runstate="Runnable" seed="1270684675" result="Passed" start-time="2026-08-01 05:36:02Z" end-time="2026-08-01 05:36:02Z" duration="0.000244" asserts="0">
                <properties>
                  <property name="retryIteration" value="0" />
                  <property name="repeatIteration" value="0" />
                </properties>
              </test-case>
              <test-case id="1002" name="LegalPath_CommitsLightingWithStableTargetAndDamage" fullname="TimeKey.Tests.EditMode.CardPlaySessionTests.LegalPath_CommitsLightingWithStableTargetAndDamage" methodname="LegalPath_CommitsLightingWithStableTargetAndDamage" classname="TimeKey.Tests.EditMode.CardPlaySessionTests" runstate="Runnable" seed="1605652396" result="Passed" start-time="2026-08-01 05:36:02Z" end-time="2026-08-01 05:36:02Z" duration="0.000883" asserts="0">
                <properties>
                  <property name="retryIteration" value="0" />
                  <property name="repeatIteration" value="0" />
                </properties>
              </test-case>
              <test-case id="1009" name="PreviewTimeline_ConflictIsInvalidAndDoesNotMutateGrid" fullname="TimeKey.Tests.EditMode.CardPlaySessionTests.PreviewTimeline_ConflictIsInvalidAndDoesNotMutateGrid" methodname="PreviewTimeline_ConflictIsInvalidAndDoesNotMutateGrid" classname="TimeKey.Tests.EditMode.CardPlaySessionTests" runstate="Runnable" seed="1178086712" result="Passed" start-time="2026-08-01 05:36:02Z" end-time="2026-08-01 05:36:02Z" duration="0.000259" asserts="0">
                <properties>
                  <property name="retryIteration" value="0" />
                  <property name="repeatIteration" value="0" />
                </properties>
              </test-case>
              <test-suite type="ParameterizedMethod" id="1008" name="PreviewTimeline_OutOfBoundsIsInvalidAndDoesNotMutateGrid" fullname="TimeKey.Tests.EditMode.CardPlaySessionTests.PreviewTimeline_OutOfBoundsIsInvalidAndDoesNotMutateGrid" classname="TimeKey.Tests.EditMode.CardPlaySessionTests" runstate="Runnable" testcasecount="4" result="Passed" start-time="2026-08-01 05:36:02Z" end-time="2026-08-01 05:36:02Z" duration="0.000792" total="4" passed="4" failed="0" inconclusive="0" skipped="0" asserts="0">
                <properties />
                <test-case id="1004" name="PreviewTimeline_OutOfBoundsIsInvalidAndDoesNotMutateGrid(-1,0)" fullname="TimeKey.Tests.EditMode.CardPlaySessionTests.PreviewTimeline_OutOfBoundsIsInvalidAndDoesNotMutateGrid(-1,0)" methodname="PreviewTimeline_OutOfBoundsIsInvalidAndDoesNotMutateGrid" classname="TimeKey.Tests.EditMode.CardPlaySessionTests" runstate="Runnable" seed="1014314981" result="Passed" start-time="2026-08-01 05:36:02Z" end-time="2026-08-01 05:36:02Z" duration="0.000299" asserts="0">
                  <properties>
                    <property name="retryIteration" value="0" />
                    <property name="repeatIteration" value="0" />
                  </properties>
                </test-case>
                <test-case id="1005" name="PreviewTimeline_OutOfBoundsIsInvalidAndDoesNotMutateGrid(12,0)" fullname="TimeKey.Tests.EditMode.CardPlaySessionTests.PreviewTimeline_OutOfBoundsIsInvalidAndDoesNotMutateGrid(12,0)" methodname="PreviewTimeline_OutOfBoundsIsInvalidAndDoesNotMutateGrid" classname="TimeKey.Tests.EditMode.CardPlaySessionTests" runstate="Runnable" seed="1620612783" result="Passed" start-time="2026-08-01 05:36:02Z" end-time="2026-08-01 05:36:02Z" duration="0.000049" asserts="0">
                  <properties>
                    <property name="retryIteration" value="0" />
                    <property name="repeatIteration" value="0" />
                  </properties>
                </test-case>
                <test-case id="1006" name="PreviewTimeline_OutOfBoundsIsInvalidAndDoesNotMutateGrid(0,-1)" fullname="TimeKey.Tests.EditMode.CardPlaySessionTests.PreviewTimeline_OutOfBoundsIsInvalidAndDoesNotMutateGrid(0,-1)" methodname="PreviewTimeline_OutOfBoundsIsInvalidAndDoesNotMutateGrid" classname="TimeKey.Tests.EditMode.CardPlaySessionTests" runstate="Runnable" seed="1570300854" result="Passed" start-time="2026-08-01 05:36:02Z" end-time="2026-08-01 05:36:02Z" duration="0.000032" asserts="0">
                  <properties>
                    <property name="retryIteration" value="0" />
                    <property name="repeatIteration" value="0" />
                  </properties>
                </test-case>
                <test-case id="1007" name="PreviewTimeline_OutOfBoundsIsInvalidAndDoesNotMutateGrid(0,3)" fullname="TimeKey.Tests.EditMode.CardPlaySessionTests.PreviewTimeline_OutOfBoundsIsInvalidAndDoesNotMutateGrid(0,3)" methodname="PreviewTimeline_OutOfBoundsIsInvalidAndDoesNotMutateGrid" classname="TimeKey.Tests.EditMode.CardPlaySessionTests" runstate="Runnable" seed="815230387" result="Passed" start-time="2026-08-01 05:36:02Z" end-time="2026-08-01 05:36:02Z" duration="0.000031" asserts="0">
                  <properties>
                    <property name="retryIteration" value="0" />
                    <property name="repeatIteration" value="0" />
                  </properties>
                </test-case>
              </test-suite>
              <test-case id="1010" name="PreviewTimeline_RepeatedQueriesDoNotMutateGrid" fullname="TimeKey.Tests.EditMode.CardPlaySessionTests.PreviewTimeline_RepeatedQueriesDoNotMutateGrid" methodname="PreviewTimeline_RepeatedQueriesDoNotMutateGrid" classname="TimeKey.Tests.EditMode.CardPlaySessionTests" runstate="Runnable" seed="1150540052" result="Passed" start-time="2026-08-01 05:36:02Z" end-time="2026-08-01 05:36:02Z" duration="0.000254" asserts="0">
                <properties>
                  <property name="retryIteration" value="0" />
                  <property name="repeatIteration" value="0" />
                </properties>
              </test-case>
              <test-case id="1003" name="PreviewTimeline_WithoutTargetReturnsExplicitFailure" fullname="TimeKey.Tests.EditMode.CardPlaySessionTests.PreviewTimeline_WithoutTargetReturnsExplicitFailure" methodname="PreviewTimeline_WithoutTargetReturnsExplicitFailure" classname="TimeKey.Tests.EditMode.CardPlaySessionTests" runstate="Runnable" seed="1781599201" result="Passed" start-time="2026-08-01 05:36:02Z" end-time="2026-08-01 05:36:02Z" duration="0.000172" asserts="0">
                <properties>
                  <property name="retryIteration" value="0" />
                  <property name="repeatIteration" value="0" />
                </properties>
              </test-case>
              <test-case id="1014" name="TimelineGrid_CanPlaceMatchesTryPlaceWithoutMutation" fullname="TimeKey.Tests.EditMode.CardPlaySessionTests.TimelineGrid_CanPlaceMatchesTryPlaceWithoutMutation" methodname="TimelineGrid_CanPlaceMatchesTryPlaceWithoutMutation" classname="TimeKey.Tests.EditMode.CardPlaySessionTests" runstate="Runnable" seed="1336147026" result="Passed" start-time="2026-08-01 05:36:02Z" end-time="2026-08-01 05:36:02Z" duration="0.000211" asserts="0">
                <properties>
                  <property name="retryIteration" value="0" />
                  <property name="repeatIteration" value="0" />
                </properties>
              </test-case>
            </test-suite>
            <test-suite type="TestSuite" id="1066" name="Composition" fullname="TimeKey.Tests.EditMode.Composition" runstate="Runnable" testcasecount="3" result="Passed" start-time="2026-08-01 05:36:02Z" end-time="2026-08-01 05:36:02Z" duration="0.202120" total="3" passed="3" failed="0" inconclusive="0" skipped="0" asserts="0">
              <properties />
              <test-suite type="TestFixture" id="1043" name="CombatSceneAssetTests" fullname="TimeKey.Tests.EditMode.Composition.CombatSceneAssetTests" classname="TimeKey.Tests.EditMode.Composition.CombatSceneAssetTests" runstate="Runnable" testcasecount="3" result="Passed" start-time="2026-08-01 05:36:02Z" end-time="2026-08-01 05:36:02Z" duration="0.201965" total="3" passed="3" failed="0" inconclusive="0" skipped="0" asserts="0">
                <properties />
                <test-case id="1046" name="ControllerSource_DoesNotConstructStableSceneObjects" fullname="TimeKey.Tests.EditMode.Composition.CombatSceneAssetTests.ControllerSource_DoesNotConstructStableSceneObjects" methodname="ControllerSource_DoesNotConstructStableSceneObjects" classname="TimeKey.Tests.EditMode.Composition.CombatSceneAssetTests" runstate="Runnable" seed="560642968" result="Passed" start-time="2026-08-01 05:36:02Z" end-time="2026-08-01 05:36:02Z" duration="0.002161" asserts="0">
                  <properties>
                    <property name="retryIteration" value="0" />
                    <property name="repeatIteration" value="0" />
                  </properties>
                </test-case>
                <test-case id="1045" name="ProductionPrefabs_AreSavedAssetsWithExpectedComponents" fullname="TimeKey.Tests.EditMode.Composition.CombatSceneAssetTests.ProductionPrefabs_AreSavedAssetsWithExpectedComponents" methodname="ProductionPrefabs_AreSavedAssetsWithExpectedComponents" classname="TimeKey.Tests.EditMode.Composition.CombatSceneAssetTests" runstate="Runnable" seed="587177872" result="Passed" start-time="2026-08-01 05:36:02Z" end-time="2026-08-01 05:36:02Z" duration="0.021058" asserts="0">
                  <properties>
                    <property name="retryIteration" value="0" />
                    <property name="repeatIteration" value="0" />
                  </properties>
                </test-case>
                <test-case id="1044" name="SceneAsset_SerializesStableHierarchyAndAllControllerReferences" fullname="TimeKey.Tests.EditMode.Composition.CombatSceneAssetTests.SceneAsset_SerializesStableHierarchyAndAllControllerReferences" methodname="SceneAsset_SerializesStableHierarchyAndAllControllerReferences" classname="TimeKey.Tests.EditMode.Composition.CombatSceneAssetTests" runstate="Runnable" seed="330857663" result="Passed" start-time="2026-08-01 05:36:02Z" end-time="2026-08-01 05:36:02Z" duration="0.178223" asserts="0">
                  <properties>
                    <property name="retryIteration" value="0" />
                    <property name="repeatIteration" value="0" />
                  </properties>
                </test-case>
              </test-suite>
            </test-suite>
            <test-suite type="TestSuite" id="1065" name="Diagnostics" fullname="TimeKey.Tests.EditMode.Diagnostics" runstate="Runnable" testcasecount="2" result="Passed" start-time="2026-08-01 05:36:02Z" end-time="2026-08-01 05:36:03Z" duration="0.600007" total="2" passed="2" failed="0" inconclusive="0" skipped="0" asserts="0">
              <properties />
              <test-suite type="TestFixture" id="1040" name="CollectingCombatTraceSinkTests" fullname="TimeKey.Tests.EditMode.Diagnostics.CollectingCombatTraceSinkTests" classname="TimeKey.Tests.EditMode.Diagnostics.CollectingCombatTraceSinkTests" runstate="Runnable" testcasecount="2" result="Passed" start-time="2026-08-01 05:36:03Z" end-time="2026-08-01 05:36:03Z" duration="0.005500" total="2" passed="2" failed="0" inconclusive="0" skipped="0" asserts="0">
                <properties />
                <test-case id="1042" name="ClearIsRepeatableAndRecordRejectsNull" fullname="TimeKey.Tests.EditMode.Diagnostics.CollectingCombatTraceSinkTests.ClearIsRepeatableAndRecordRejectsNull" methodname="ClearIsRepeatableAndRecordRejectsNull" classname="TimeKey.Tests.EditMode.Diagnostics.CollectingCombatTraceSinkTests" runstate="Runnable" seed="1578236238" result="Passed" start-time="2026-08-01 05:36:03Z" end-time="2026-08-01 05:36:03Z" duration="0.004082" asserts="0">
                  <properties>
                    <property name="retryIteration" value="0" />
                    <property name="repeatIteration" value="0" />
                  </properties>
                </test-case>
                <test-case id="1041" name="RecordPreservesInsertionOrder" fullname="TimeKey.Tests.EditMode.Diagnostics.CollectingCombatTraceSinkTests.RecordPreservesInsertionOrder" methodname="RecordPreservesInsertionOrder" classname="TimeKey.Tests.EditMode.Diagnostics.CollectingCombatTraceSinkTests" runstate="Runnable" seed="388768100" result="Passed" start-time="2026-08-01 05:36:03Z" end-time="2026-08-01 05:36:03Z" duration="0.000301" asserts="0">
                  <properties>
                    <property name="retryIteration" value="0" />
                    <property name="repeatIteration" value="0" />
                  </properties>
                </test-case>
              </test-suite>
            </test-suite>
            <test-suite type="TestSuite" id="1064" name="Terrain" fullname="TimeKey.Tests.EditMode.Terrain" runstate="Runnable" testcasecount="9" result="Passed" start-time="2026-08-01 05:36:03Z" end-time="2026-08-01 05:36:03Z" duration="0.006974" total="9" passed="9" failed="0" inconclusive="0" skipped="0" asserts="0">
              <properties />
              <test-suite type="TestFixture" id="1030" name="EarthquakeResolutionTests" fullname="TimeKey.Tests.EditMode.Terrain.EarthquakeResolutionTests" classname="TimeKey.Tests.EditMode.Terrain.EarthquakeResolutionTests" runstate="Runnable" testcasecount="9" result="Passed" start-time="2026-08-01 05:36:03Z" end-time="2026-08-01 05:36:03Z" duration="0.006702" total="9" passed="9" failed="0" inconclusive="0" skipped="0" asserts="0">
                <properties />
                <test-case id="1036" name="CardPlaySession_EarthquakeCommitPreservesTargetCoordinateForResolve" fullname="TimeKey.Tests.EditMode.Terrain.EarthquakeResolutionTests.CardPlaySession_EarthquakeCommitPreservesTargetCoordinateForResolve" methodname="CardPlaySession_EarthquakeCommitPreservesTargetCoordinateForResolve" classname="TimeKey.Tests.EditMode.Terrain.EarthquakeResolutionTests" runstate="Runnable" seed="695074829" result="Passed" start-time="2026-08-01 05:36:03Z" end-time="2026-08-01 05:36:03Z" duration="0.001351" asserts="0">
                  <properties>
                    <property name="retryIteration" value="0" />
                    <property name="repeatIteration" value="0" />
                  </properties>
                </test-case>
                <test-case id="1037" name="CardPlaySession_EarthquakeCrossingRightEdgeIsInvalidAndPure" fullname="TimeKey.Tests.EditMode.Terrain.EarthquakeResolutionTests.CardPlaySession_EarthquakeCrossingRightEdgeIsInvalidAndPure" methodname="CardPlaySession_EarthquakeCrossingRightEdgeIsInvalidAndPure" classname="TimeKey.Tests.EditMode.Terrain.EarthquakeResolutionTests" runstate="Runnable" seed="913576208" result="Passed" start-time="2026-08-01 05:36:03Z" end-time="2026-08-01 05:36:03Z" duration="0.000396" asserts="0">
                  <properties>
                    <property name="retryIteration" value="0" />
                    <property name="repeatIteration" value="0" />
                  </properties>
                </test-case>
                <test-case id="1035" name="CardPlaySession_EarthquakeTwoCellShapePreviewsAndCommitsOnce" fullname="TimeKey.Tests.EditMode.Terrain.EarthquakeResolutionTests.CardPlaySession_EarthquakeTwoCellShapePreviewsAndCommitsOnce" methodname="CardPlaySession_EarthquakeTwoCellShapePreviewsAndCommitsOnce" classname="TimeKey.Tests.EditMode.Terrain.EarthquakeResolutionTests" runstate="Runnable" seed="1769948940" result="Passed" start-time="2026-08-01 05:36:03Z" end-time="2026-08-01 05:36:03Z" duration="0.000254" asserts="0">
                  <properties>
                    <property name="retryIteration" value="0" />
                    <property name="repeatIteration" value="0" />
                  </properties>
                </test-case>
                <test-case id="1034" name="CombatBoardState_ElevationAtGodotMinimumRemovesTileAtZero" fullname="TimeKey.Tests.EditMode.Terrain.EarthquakeResolutionTests.CombatBoardState_ElevationAtGodotMinimumRemovesTileAtZero" methodname="CombatBoardState_ElevationAtGodotMinimumRemovesTileAtZero" classname="TimeKey.Tests.EditMode.Terrain.EarthquakeResolutionTests" runstate="Runnable" seed="1002977744" result="Passed" start-time="2026-08-01 05:36:03Z" end-time="2026-08-01 05:36:03Z" duration="0.000687" asserts="0">
                  <properties>
                    <property name="retryIteration" value="0" />
                    <property name="repeatIteration" value="0" />
                  </properties>
                </test-case>
                <test-case id="1039" name="Resolve_EarthquakeFixtureIsDeterministic" fullname="TimeKey.Tests.EditMode.Terrain.EarthquakeResolutionTests.Resolve_EarthquakeFixtureIsDeterministic" methodname="Resolve_EarthquakeFixtureIsDeterministic" classname="TimeKey.Tests.EditMode.Terrain.EarthquakeResolutionTests" runstate="Runnable" seed="223796165" result="Passed" start-time="2026-08-01 05:36:03Z" end-time="2026-08-01 05:36:03Z" duration="0.000533" asserts="0">
                  <properties>
                    <property name="retryIteration" value="0" />
                    <property name="repeatIteration" value="0" />
                  </properties>
                </test-case>
                <test-case id="1031" name="Resolve_EarthquakeRaisesSevenExistingTilesByTwo" fullname="TimeKey.Tests.EditMode.Terrain.EarthquakeResolutionTests.Resolve_EarthquakeRaisesSevenExistingTilesByTwo" methodname="Resolve_EarthquakeRaisesSevenExistingTilesByTwo" classname="TimeKey.Tests.EditMode.Terrain.EarthquakeResolutionTests" runstate="Runnable" seed="1023271684" result="Passed" start-time="2026-08-01 05:36:03Z" end-time="2026-08-01 05:36:03Z" duration="0.000582" asserts="0">
                  <properties>
                    <property name="retryIteration" value="0" />
                    <property name="repeatIteration" value="0" />
                  </properties>
                </test-case>
                <test-case id="1033" name="Resolve_EarthquakeRemovesTileAboveGodotMaximum" fullname="TimeKey.Tests.EditMode.Terrain.EarthquakeResolutionTests.Resolve_EarthquakeRemovesTileAboveGodotMaximum" methodname="Resolve_EarthquakeRemovesTileAboveGodotMaximum" classname="TimeKey.Tests.EditMode.Terrain.EarthquakeResolutionTests" runstate="Runnable" seed="316291465" result="Passed" start-time="2026-08-01 05:36:03Z" end-time="2026-08-01 05:36:03Z" duration="0.000283" asserts="0">
                  <properties>
                    <property name="retryIteration" value="0" />
                    <property name="repeatIteration" value="0" />
                  </properties>
                </test-case>
                <test-case id="1032" name="Resolve_EarthquakeSkipsMissingRangeTileWithoutCreatingIt" fullname="TimeKey.Tests.EditMode.Terrain.EarthquakeResolutionTests.Resolve_EarthquakeSkipsMissingRangeTileWithoutCreatingIt" methodname="Resolve_EarthquakeSkipsMissingRangeTileWithoutCreatingIt" classname="TimeKey.Tests.EditMode.Terrain.EarthquakeResolutionTests" runstate="Runnable" seed="763710916" result="Passed" start-time="2026-08-01 05:36:03Z" end-time="2026-08-01 05:36:03Z" duration="0.000563" asserts="0">
                  <properties>
                    <property name="retryIteration" value="0" />
                    <property name="repeatIteration" value="0" />
                  </properties>
                </test-case>
                <test-case id="1038" name="TimelineAction_CopiesTargetEffectsAndRange" fullname="TimeKey.Tests.EditMode.Terrain.EarthquakeResolutionTests.TimelineAction_CopiesTargetEffectsAndRange" methodname="TimelineAction_CopiesTargetEffectsAndRange" classname="TimeKey.Tests.EditMode.Terrain.EarthquakeResolutionTests" runstate="Runnable" seed="567584482" result="Passed" start-time="2026-08-01 05:36:03Z" end-time="2026-08-01 05:36:03Z" duration="0.001008" asserts="0">
                  <properties>
                    <property name="retryIteration" value="0" />
                    <property name="repeatIteration" value="0" />
                  </properties>
                </test-case>
              </test-suite>
            </test-suite>
            <test-suite type="TestFixture" id="1015" name="TimelineGridTests" fullname="TimeKey.Tests.EditMode.TimelineGridTests" classname="TimeKey.Tests.EditMode.TimelineGridTests" runstate="Runnable" testcasecount="13" result="Passed" start-time="2026-08-01 05:36:03Z" end-time="2026-08-01 05:36:03Z" duration="0.005068" total="13" passed="13" failed="0" inconclusive="0" skipped="0" asserts="0">
              <properties />
              <test-case id="1027" name="Constructor_RejectsDuplicateEffectHandlers" fullname="TimeKey.Tests.EditMode.TimelineGridTests.Constructor_RejectsDuplicateEffectHandlers" methodname="Constructor_RejectsDuplicateEffectHandlers" classname="TimeKey.Tests.EditMode.TimelineGridTests" runstate="Runnable" seed="55664053" result="Passed" start-time="2026-08-01 05:36:03Z" end-time="2026-08-01 05:36:03Z" duration="0.000569" asserts="0">
                <properties>
                  <property name="retryIteration" value="0" />
                  <property name="repeatIteration" value="0" />
                </properties>
              </test-case>
              <test-case id="1025" name="Resolve_ClampsDamageAtZero" fullname="TimeKey.Tests.EditMode.TimelineGridTests.Resolve_ClampsDamageAtZero" methodname="Resolve_ClampsDamageAtZero" classname="TimeKey.Tests.EditMode.TimelineGridTests" runstate="Runnable" seed="2092730814" result="Passed" start-time="2026-08-01 05:36:03Z" end-time="2026-08-01 05:36:03Z" duration="0.000233" asserts="0">
                <properties>
                  <property name="retryIteration" value="0" />
                  <property name="repeatIteration" value="0" />
                </properties>
              </test-case>
              <test-case id="1024" name="Resolve_ExecutesMultiCellActionOnlyOnce" fullname="TimeKey.Tests.EditMode.TimelineGridTests.Resolve_ExecutesMultiCellActionOnlyOnce" methodname="Resolve_ExecutesMultiCellActionOnlyOnce" classname="TimeKey.Tests.EditMode.TimelineGridTests" runstate="Runnable" seed="538104261" result="Passed" start-time="2026-08-01 05:36:03Z" end-time="2026-08-01 05:36:03Z" duration="0.000258" asserts="0">
                <properties>
                  <property name="retryIteration" value="0" />
                  <property name="repeatIteration" value="0" />
                </properties>
              </test-case>
              <test-case id="1023" name="Resolve_OrdersActionsByColumnThenRow" fullname="TimeKey.Tests.EditMode.TimelineGridTests.Resolve_OrdersActionsByColumnThenRow" methodname="Resolve_OrdersActionsByColumnThenRow" classname="TimeKey.Tests.EditMode.TimelineGridTests" runstate="Runnable" seed="335164806" result="Passed" start-time="2026-08-01 05:36:03Z" end-time="2026-08-01 05:36:03Z" duration="0.000382" asserts="0">
                <properties>
                  <property name="retryIteration" value="0" />
                  <property name="repeatIteration" value="0" />
                </properties>
              </test-case>
              <test-case id="1028" name="Resolve_ProducesFrozenFixtureSnapshot" fullname="TimeKey.Tests.EditMode.TimelineGridTests.Resolve_ProducesFrozenFixtureSnapshot" methodname="Resolve_ProducesFrozenFixtureSnapshot" classname="TimeKey.Tests.EditMode.TimelineGridTests" runstate="Runnable" seed="1173912794" result="Passed" start-time="2026-08-01 05:36:03Z" end-time="2026-08-01 05:36:03Z" duration="0.000696" asserts="0">
                <properties>
                  <property name="retryIteration" value="0" />
                  <property name="repeatIteration" value="0" />
                </properties>
              </test-case>
              <test-case id="1029" name="Resolve_RepeatedFixtureRunsAreDeterministic" fullname="TimeKey.Tests.EditMode.TimelineGridTests.Resolve_RepeatedFixtureRunsAreDeterministic" methodname="Resolve_RepeatedFixtureRunsAreDeterministic" classname="TimeKey.Tests.EditMode.TimelineGridTests" runstate="Runnable" seed="206568302" result="Passed" start-time="2026-08-01 05:36:03Z" end-time="2026-08-01 05:36:03Z" duration="0.000279" asserts="0">
                <properties>
                  <property name="retryIteration" value="0" />
                  <property name="repeatIteration" value="0" />
                </properties>
              </test-case>
              <test-suite type="ParameterizedMethod" id="1020" name="TryPlace_RejectsOutOfBoundsOrigins" fullname="TimeKey.Tests.EditMode.TimelineGridTests.TryPlace_RejectsOutOfBoundsOrigins" classname="TimeKey.Tests.EditMode.TimelineGridTests" runstate="Runnable" testcasecount="4" result="Passed" start-time="2026-08-01 05:36:03Z" end-time="2026-08-01 05:36:03Z" duration="0.000714" total="4" passed="4" failed="0" inconclusive="0" skipped="0" asserts="0">
                <properties />
                <test-case id="1016" name="TryPlace_RejectsOutOfBoundsOrigins(-1,0)" fullname="TimeKey.Tests.EditMode.TimelineGridTests.TryPlace_RejectsOutOfBoundsOrigins(-1,0)" methodname="TryPlace_RejectsOutOfBoundsOrigins" classname="TimeKey.Tests.EditMode.TimelineGridTests" runstate="Runnable" seed="1212584095" result="Passed" start-time="2026-08-01 05:36:03Z" end-time="2026-08-01 05:36:03Z" duration="0.000178" asserts="0">
                  <properties>
                    <property name="retryIteration" value="0" />
                    <property name="repeatIteration" value="0" />
                  </properties>
                </test-case>
                <test-case id="1017" name="TryPlace_RejectsOutOfBoundsOrigins(12,0)" fullname="TimeKey.Tests.EditMode.TimelineGridTests.TryPlace_RejectsOutOfBoundsOrigins(12,0)" methodname="TryPlace_RejectsOutOfBoundsOrigins" classname="TimeKey.Tests.EditMode.TimelineGridTests" runstate="Runnable" seed="931740678" result="Passed" start-time="2026-08-01 05:36:03Z" end-time="2026-08-01 05:36:03Z" duration="0.000042" asserts="0">
                  <properties>
                    <property name="retryIteration" value="0" />
                    <property name="repeatIteration" value="0" />
                  </properties>
                </test-case>
                <test-case id="1018" name="TryPlace_RejectsOutOfBoundsOrigins(0,-1)" fullname="TimeKey.Tests.EditMode.TimelineGridTests.TryPlace_RejectsOutOfBoundsOrigins(0,-1)" methodname="TryPlace_RejectsOutOfBoundsOrigins" classname="TimeKey.Tests.EditMode.TimelineGridTests" runstate="Runnable" seed="1160097580" result="Passed" start-time="2026-08-01 05:36:03Z" end-time="2026-08-01 05:36:03Z" duration="0.000030" asserts="0">
                  <properties>
                    <property name="retryIteration" value="0" />
                    <property name="repeatIteration" value="0" />
                  </properties>
                </test-case>
                <test-case id="1019" name="TryPlace_RejectsOutOfBoundsOrigins(0,3)" fullname="TimeKey.Tests.EditMode.TimelineGridTests.TryPlace_RejectsOutOfBoundsOrigins(0,3)" methodname="TryPlace_RejectsOutOfBoundsOrigins" classname="TimeKey.Tests.EditMode.TimelineGridTests" runstate="Runnable" seed="2050912952" result="Passed" start-time="2026-08-01 05:36:03Z" end-time="2026-08-01 05:36:03Z" duration="0.000026" asserts="0">
                  <properties>
                    <property name="retryIteration" value="0" />
                    <property name="repeatIteration" value="0" />
                  </properties>
                </test-case>
              </test-suite>
              <test-case id="1022" name="TryPlace_RejectsOverlappingActions" fullname="TimeKey.Tests.EditMode.TimelineGridTests.TryPlace_RejectsOverlappingActions" methodname="TryPlace_RejectsOverlappingActions" classname="TimeKey.Tests.EditMode.TimelineGridTests" runstate="Runnable" seed="569825951" result="Passed" start-time="2026-08-01 05:36:03Z" end-time="2026-08-01 05:36:03Z" duration="0.000225" asserts="0">
                <properties>
                  <property name="retryIteration" value="0" />
                  <property name="repeatIteration" value="0" />
                </properties>
              </test-case>
              <test-case id="1021" name="TryPlace_RejectsShapeThatCrossesBoundary" fullname="TimeKey.Tests.EditMode.TimelineGridTests.TryPlace_RejectsShapeThatCrossesBoundary" methodname="TryPlace_RejectsShapeThatCrossesBoundary" classname="TimeKey.Tests.EditMode.TimelineGridTests" runstate="Runnable" seed="1747401220" result="Passed" start-time="2026-08-01 05:36:03Z" end-time="2026-08-01 05:36:03Z" duration="0.000115" asserts="0">
                <properties>
                  <property name="retryIteration" value="0" />
                  <property name="repeatIteration" value="0" />
                </properties>
              </test-case>
              <test-case id="1026" name="TryPlace_UnsupportedTypedEffectFailsBeforeOccupyingTimeline" fullname="TimeKey.Tests.EditMode.TimelineGridTests.TryPlace_UnsupportedTypedEffectFailsBeforeOccupyingTimeline" methodname="TryPlace_UnsupportedTypedEffectFailsBeforeOccupyingTimeline" classname="TimeKey.Tests.EditMode.TimelineGridTests" runstate="Runnable" seed="2088001768" result="Passed" start-time="2026-08-01 05:36:03Z" end-time="2026-08-01 05:36:03Z" duration="0.000480" asserts="0">
                <properties>
                  <property name="retryIteration" value="0" />
                  <property name="repeatIteration" value="0" />
                </properties>
              </test-case>
            </test-suite>
          </test-suite>
        </test-suite>
      </test-suite>
    </test-suite>
    <test-suite type="Assembly" id="1110" name="TimeKey.Tests.Infrastructure.dll" fullname="D:/timekey-unity-731/Library/ScriptAssemblies/TimeKey.Tests.Infrastructure.dll" runstate="Runnable" testcasecount="35" result="Passed" start-time="2026-08-01 05:36:03Z" end-time="2026-08-01 05:36:03Z" duration="0.029506" total="35" passed="35" failed="0" inconclusive="0" skipped="0" asserts="0">
      <properties>
        <property name="_PID" value="22756" />
        <property name="_APPDOMAIN" value="Unity Child Domain" />
        <property name="platform" value="EditMode" />
        <property name="EditorOnly" value="True" />
      </properties>
      <test-suite type="TestSuite" id="1111" name="TimeKey" fullname="TimeKey" runstate="Runnable" testcasecount="35" result="Passed" start-time="2026-08-01 05:36:03Z" end-time="2026-08-01 05:36:03Z" duration="0.029219" total="35" passed="35" failed="0" inconclusive="0" skipped="0" asserts="0">
        <properties />
        <test-suite type="TestSuite" id="1112" name="Tests" fullname="TimeKey.Tests" runstate="Runnable" testcasecount="35" result="Passed" start-time="2026-08-01 05:36:03Z" end-time="2026-08-01 05:36:03Z" duration="0.029122" total="35" passed="35" failed="0" inconclusive="0" skipped="0" asserts="0">
          <properties />
          <test-suite type="TestSuite" id="1113" name="Infrastructure" fullname="TimeKey.Tests.Infrastructure" runstate="Runnable" testcasecount="35" result="Passed" start-time="2026-08-01 05:36:03Z" end-time="2026-08-01 05:36:03Z" duration="0.029049" total="35" passed="35" failed="0" inconclusive="0" skipped="0" asserts="0">
            <properties />
            <test-suite type="TestFixture" id="1068" name="CardJsonAdapterTests" fullname="TimeKey.Tests.Infrastructure.CardJsonAdapterTests" classname="TimeKey.Tests.Infrastructure.CardJsonAdapterTests" runstate="Runnable" testcasecount="35" result="Passed" start-time="2026-08-01 05:36:03Z" end-time="2026-08-01 05:36:03Z" duration="0.028840" total="35" passed="35" failed="0" inconclusive="0" skipped="0" asserts="0">
              <properties />
              <test-suite type="ParameterizedMethod" id="1092" name="Parse_BuiltWithoutCreation_ThrowsFormatException" fullname="TimeKey.Tests.Infrastructure.CardJsonAdapterTests.Parse_BuiltWithoutCreation_ThrowsFormatException" classname="TimeKey.Tests.Infrastructure.CardJsonAdapterTests" runstate="Runnable" testcasecount="2" result="Passed" start-time="2026-08-01 05:36:03Z" end-time="2026-08-01 05:36:03Z" duration="0.012280" total="2" passed="2" failed="0" inconclusive="0" skipped="0" asserts="0">
                <properties />
                <test-case id="1090" name="Parse_BuiltWithoutCreation_ThrowsFormatException(&quot;\&quot;creation\&quot;:\&quot;\&quot;,\&quot;value\&quot;:1&quot;)" fullname="TimeKey.Tests.Infrastructure.CardJsonAdapterTests.Parse_BuiltWithoutCreation_ThrowsFormatException(&quot;\&quot;creation\&quot;:\&quot;\&quot;,\&quot;value\&quot;:1&quot;)" methodname="Parse_BuiltWithoutCreation_ThrowsFormatException" classname="TimeKey.Tests.Infrastructure.CardJsonAdapterTests" runstate="Runnable" seed="1113198235" result="Passed" start-time="2026-08-01 05:36:03Z" end-time="2026-08-01 05:36:03Z" duration="0.011700" asserts="0">
                  <properties>
                    <property name="retryIteration" value="0" />
                    <property name="repeatIteration" value="0" />
                  </properties>
                </test-case>
                <test-case id="1091" name="Parse_BuiltWithoutCreation_ThrowsFormatException(&quot;\&quot;value\&quot;:1&quot;)" fullname="TimeKey.Tests.Infrastructure.CardJsonAdapterTests.Parse_BuiltWithoutCreation_ThrowsFormatException(&quot;\&quot;value\&quot;:1&quot;)" methodname="Parse_BuiltWithoutCreation_ThrowsFormatException" classname="TimeKey.Tests.Infrastructure.CardJsonAdapterTests" runstate="Runnable" seed="365404011" result="Passed" start-time="2026-08-01 05:36:03Z" end-time="2026-08-01 05:36:03Z" duration="0.000182" asserts="0">
                  <properties>
                    <property name="retryIteration" value="0" />
                    <property name="repeatIteration" value="0" />
                  </properties>
                </test-case>
              </test-suite>
              <test-case id="1098" name="Parse_ClearMixedWithResolveEffect_ThrowsFormatException" fullname="TimeKey.Tests.Infrastructure.CardJsonAdapterTests.Parse_ClearMixedWithResolveEffect_ThrowsFormatException" methodname="Parse_ClearMixedWithResolveEffect_ThrowsFormatException" classname="TimeKey.Tests.Infrastructure.CardJsonAdapterTests" runstate="Runnable" seed="2062014775" result="Passed" start-time="2026-08-01 05:36:03Z" end-time="2026-08-01 05:36:03Z" duration="0.000293" asserts="0">
                <properties>
                  <property name="retryIteration" value="0" />
                  <property name="repeatIteration" value="0" />
                </properties>
              </test-case>
              <test-case id="1108" name="Parse_EmptyOccupiedShape_FallsBackToSingleCellForResolveCard" fullname="TimeKey.Tests.Infrastructure.CardJsonAdapterTests.Parse_EmptyOccupiedShape_FallsBackToSingleCellForResolveCard" methodname="Parse_EmptyOccupiedShape_FallsBackToSingleCellForResolveCard" classname="TimeKey.Tests.Infrastructure.CardJsonAdapterTests" runstate="Runnable" seed="1722510823" result="Passed" start-time="2026-08-01 05:36:03Z" end-time="2026-08-01 05:36:03Z" duration="0.001159" asserts="0">
                <properties>
                  <property name="retryIteration" value="0" />
                  <property name="repeatIteration" value="0" />
                </properties>
              </test-case>
              <test-case id="1078" name="Parse_IgnoresUnmappedChineseDescriptionFields" fullname="TimeKey.Tests.Infrastructure.CardJsonAdapterTests.Parse_IgnoresUnmappedChineseDescriptionFields" methodname="Parse_IgnoresUnmappedChineseDescriptionFields" classname="TimeKey.Tests.Infrastructure.CardJsonAdapterTests" runstate="Runnable" seed="968617052" result="Passed" start-time="2026-08-01 05:36:03Z" end-time="2026-08-01 05:36:03Z" duration="0.002381" asserts="0">
                <properties>
                  <property name="retryIteration" value="0" />
                  <property name="repeatIteration" value="0" />
                </properties>
              </test-case>
              <test-suite type="ParameterizedMethod" id="1097" name="Parse_InvalidClearMask_ThrowsFormatException" fullname="TimeKey.Tests.Infrastructure.CardJsonAdapterTests.Parse_InvalidClearMask_ThrowsFormatException" classname="TimeKey.Tests.Infrastructure.CardJsonAdapterTests" runstate="Runnable" testcasecount="4" result="Passed" start-time="2026-08-01 05:36:03Z" end-time="2026-08-01 05:36:03Z" duration="0.001125" total="4" passed="4" failed="0" inconclusive="0" skipped="0" asserts="0">
                <properties />
                <test-case id="1093" name="Parse_InvalidClearMask_ThrowsFormatException(&quot;\&quot;value\&quot;:\&quot;\&quot;&quot;)" fullname="TimeKey.Tests.Infrastructure.CardJsonAdapterTests.Parse_InvalidClearMask_ThrowsFormatException(&quot;\&quot;value\&quot;:\&quot;\&quot;&quot;)" methodname="Parse_InvalidClearMask_ThrowsFormatException" classname="TimeKey.Tests.Infrastructure.CardJsonAdapterTests" runstate="Runnable" seed="1606824127" result="Passed" start-time="2026-08-01 05:36:03Z" end-time="2026-08-01 05:36:03Z" duration="0.000435" asserts="0">
                  <properties>
                    <property name="retryIteration" value="0" />
                    <property name="repeatIteration" value="0" />
                  </properties>
                </test-case>
                <test-case id="1094" name="Parse_InvalidClearMask_ThrowsFormatException(&quot;\&quot;value\&quot;:\&quot;0\&quot;&quot;)" fullname="TimeKey.Tests.Infrastructure.CardJsonAdapterTests.Parse_InvalidClearMask_ThrowsFormatException(&quot;\&quot;value\&quot;:\&quot;0\&quot;&quot;)" methodname="Parse_InvalidClearMask_ThrowsFormatException" classname="TimeKey.Tests.Infrastructure.CardJsonAdapterTests" runstate="Runnable" seed="1754256294" result="Passed" start-time="2026-08-01 05:36:03Z" end-time="2026-08-01 05:36:03Z" duration="0.000096" asserts="0">
                  <properties>
                    <property name="retryIteration" value="0" />
                    <property name="repeatIteration" value="0" />
                  </properties>
                </test-case>
                <test-case id="1095" name="Parse_InvalidClearMask_ThrowsFormatException(&quot;\&quot;value\&quot;:\&quot;10x\&quot;&quot;)" fullname="TimeKey.Tests.Infrastructure.CardJsonAdapterTests.Parse_InvalidClearMask_ThrowsFormatException(&quot;\&quot;value\&quot;:\&quot;10x\&quot;&quot;)" methodname="Parse_InvalidClearMask_ThrowsFormatException" classname="TimeKey.Tests.Infrastructure.CardJsonAdapterTests" runstate="Runnable" seed="1746559413" result="Passed" start-time="2026-08-01 05:36:03Z" end-time="2026-08-01 05:36:03Z" duration="0.000067" asserts="0">
                  <properties>
                    <property name="retryIteration" value="0" />
                    <property name="repeatIteration" value="0" />
                  </properties>
                </test-case>
                <test-case id="1096" name="Parse_InvalidClearMask_ThrowsFormatException(&quot;\&quot;value\&quot;:\&quot;1,11\&quot;&quot;)" fullname="TimeKey.Tests.Infrastructure.CardJsonAdapterTests.Parse_InvalidClearMask_ThrowsFormatException(&quot;\&quot;value\&quot;:\&quot;1,11\&quot;&quot;)" methodname="Parse_InvalidClearMask_ThrowsFormatException" classname="TimeKey.Tests.Infrastructure.CardJsonAdapterTests" runstate="Runnable" seed="1627061741" result="Passed" start-time="2026-08-01 05:36:03Z" end-time="2026-08-01 05:36:03Z" duration="0.000065" asserts="0">
                  <properties>
                    <property name="retryIteration" value="0" />
                    <property name="repeatIteration" value="0" />
                  </properties>
                </test-case>
              </test-suite>
              <test-suite type="ParameterizedMethod" id="1087" name="Parse_InvalidEffectValueTypeOrAmount_ThrowsFormatException" fullname="TimeKey.Tests.Infrastructure.CardJsonAdapterTests.Parse_InvalidEffectValueTypeOrAmount_ThrowsFormatException" classname="TimeKey.Tests.Infrastructure.CardJsonAdapterTests" runstate="Runnable" testcasecount="6" result="Passed" start-time="2026-08-01 05:36:03Z" end-time="2026-08-01 05:36:03Z" duration="0.002114" total="6" passed="6" failed="0" inconclusive="0" skipped="0" asserts="0">
                <properties />
                <test-case id="1081" name="Parse_InvalidEffectValueTypeOrAmount_ThrowsFormatException(&quot;damage&quot;,&quot;\&quot;100\&quot;&quot;)" fullname="TimeKey.Tests.Infrastructure.CardJsonAdapterTests.Parse_InvalidEffectValueTypeOrAmount_ThrowsFormatException(&quot;damage&quot;,&quot;\&quot;100\&quot;&quot;)" methodname="Parse_InvalidEffectValueTypeOrAmount_ThrowsFormatException" classname="TimeKey.Tests.Infrastructure.CardJsonAdapterTests" runstate="Runnable" seed="1063345491" result="Passed" start-time="2026-08-01 05:36:03Z" end-time="2026-08-01 05:36:03Z" duration="0.000282" asserts="0">
                  <properties>
                    <property name="retryIteration" value="0" />
                    <property name="repeatIteration" value="0" />
                  </properties>
                </test-case>
                <test-case id="1082" name="Parse_InvalidEffectValueTypeOrAmount_ThrowsFormatException(&quot;elevation&quot;,&quot;\&quot;2\&quot;&quot;)" fullname="TimeKey.Tests.Infrastructure.CardJsonAdapterTests.Parse_InvalidEffectValueTypeOrAmount_ThrowsFormatException(&quot;elevation&quot;,&quot;\&quot;2\&quot;&quot;)" methodname="Parse_InvalidEffectValueTypeOrAmount_ThrowsFormatException" classname="TimeKey.Tests.Infrastructure.CardJsonAdapterTests" runstate="Runnable" seed="2135342032" result="Passed" start-time="2026-08-01 05:36:03Z" end-time="2026-08-01 05:36:03Z" duration="0.000071" asserts="0">
                  <properties>
                    <property name="retryIteration" value="0" />
                    <property name="repeatIteration" value="0" />
                  </properties>
                </test-case>
                <test-case id="1083" name="Parse_InvalidEffectValueTypeOrAmount_ThrowsFormatException(&quot;recover&quot;,&quot;null&quot;)" fullname="TimeKey.Tests.Infrastructure.CardJsonAdapterTests.Parse_InvalidEffectValueTypeOrAmount_ThrowsFormatException(&quot;recover&quot;,&quot;null&quot;)" methodname="Parse_InvalidEffectValueTypeOrAmount_ThrowsFormatException" classname="TimeKey.Tests.Infrastructure.CardJsonAdapterTests" runstate="Runnable" seed="303296081" result="Passed" start-time="2026-08-01 05:36:03Z" end-time="2026-08-01 05:36:03Z" duration="0.000339" asserts="0">
                  <properties>
                    <property name="retryIteration" value="0" />
                    <property name="repeatIteration" value="0" />
                  </properties>
                </test-case>
                <test-case id="1084" name="Parse_InvalidEffectValueTypeOrAmount_ThrowsFormatException(&quot;recover&quot;,&quot;1.5&quot;)" fullname="TimeKey.Tests.Infrastructure.CardJsonAdapterTests.Parse_InvalidEffectValueTypeOrAmount_ThrowsFormatException(&quot;recover&quot;,&quot;1.5&quot;)" methodname="Parse_InvalidEffectValueTypeOrAmount_ThrowsFormatException" classname="TimeKey.Tests.Infrastructure.CardJsonAdapterTests" runstate="Runnable" seed="517623149" result="Passed" start-time="2026-08-01 05:36:03Z" end-time="2026-08-01 05:36:03Z" duration="0.000764" asserts="0">
                  <properties>
                    <property name="retryIteration" value="0" />
                    <property name="repeatIteration" value="0" />
                  </properties>
                </test-case>
                <test-case id="1085" name="Parse_InvalidEffectValueTypeOrAmount_ThrowsFormatException(&quot;poison&quot;,&quot;-1&quot;)" fullname="TimeKey.Tests.Infrastructure.CardJsonAdapterTests.Parse_InvalidEffectValueTypeOrAmount_ThrowsFormatException(&quot;poison&quot;,&quot;-1&quot;)" methodname="Parse_InvalidEffectValueTypeOrAmount_ThrowsFormatException" classname="TimeKey.Tests.Infrastructure.CardJsonAdapterTests" runstate="Runnable" seed="2135202556" result="Passed" start-time="2026-08-01 05:36:03Z" end-time="2026-08-01 05:36:03Z" duration="0.000102" asserts="0">
                  <properties>
                    <property name="retryIteration" value="0" />
                    <property name="repeatIteration" value="0" />
                  </properties>
                </test-case>
                <test-case id="1086" name="Parse_InvalidEffectValueTypeOrAmount_ThrowsFormatException(&quot;clear&quot;,&quot;1&quot;)" fullname="TimeKey.Tests.Infrastructure.CardJsonAdapterTests.Parse_InvalidEffectValueTypeOrAmount_ThrowsFormatException(&quot;clear&quot;,&quot;1&quot;)" methodname="Parse_InvalidEffectValueTypeOrAmount_ThrowsFormatException" classname="TimeKey.Tests.Infrastructure.CardJsonAdapterTests" runstate="Runnable" seed="2057081151" result="Passed" start-time="2026-08-01 05:36:03Z" end-time="2026-08-01 05:36:03Z" duration="0.000056" asserts="0">
                  <properties>
                    <property name="retryIteration" value="0" />
                    <property name="repeatIteration" value="0" />
                  </properties>
                </test-case>
              </test-suite>
              <test-suite type="ParameterizedMethod" id="1104" name="Parse_InvalidFrontImage_ThrowsFormatException" fullname="TimeKey.Tests.Infrastructure.CardJsonAdapterTests.Parse_InvalidFrontImage_ThrowsFormatException" classname="TimeKey.Tests.Infrastructure.CardJsonAdapterTests" runstate="Runnable" testcasecount="5" result="Passed" start-time="2026-08-01 05:36:03Z" end-time="2026-08-01 05:36:03Z" duration="0.000720" total="5" passed="5" failed="0" inconclusive="0" skipped="0" asserts="0">
                <properties />
                <test-case id="1099" name="Parse_InvalidFrontImage_ThrowsFormatException(&quot;&quot;)" fullname="TimeKey.Tests.Infrastructure.CardJsonAdapterTests.Parse_InvalidFrontImage_ThrowsFormatException(&quot;&quot;)" methodname="Parse_InvalidFrontImage_ThrowsFormatException" classname="TimeKey.Tests.Infrastructure.CardJsonAdapterTests" runstate="Runnable" seed="1324712484" result="Passed" start-time="2026-08-01 05:36:03Z" end-time="2026-08-01 05:36:03Z" duration="0.000185" asserts="0">
                  <properties>
                    <property name="retryIteration" value="0" />
                    <property name="repeatIteration" value="0" />
                  </properties>
                </test-case>
                <test-case id="1100" name="Parse_InvalidFrontImage_ThrowsFormatException(&quot;../lighting.png&quot;)" fullname="TimeKey.Tests.Infrastructure.CardJsonAdapterTests.Parse_InvalidFrontImage_ThrowsFormatException(&quot;../lighting.png&quot;)" methodname="Parse_InvalidFrontImage_ThrowsFormatException" classname="TimeKey.Tests.Infrastructure.CardJsonAdapterTests" runstate="Runnable" seed="1903392621" result="Passed" start-time="2026-08-01 05:36:03Z" end-time="2026-08-01 05:36:03Z" duration="0.000055" asserts="0">
                  <properties>
                    <property name="retryIteration" value="0" />
                    <property name="repeatIteration" value="0" />
                  </properties>
                </test-case>
                <test-case id="1101" name="Parse_InvalidFrontImage_ThrowsFormatException(&quot;cards/lighting.png&quot;)" fullname="TimeKey.Tests.Infrastructure.CardJsonAdapterTests.Parse_InvalidFrontImage_ThrowsFormatException(&quot;cards/lighting.png&quot;)" methodname="Parse_InvalidFrontImage_ThrowsFormatException" classname="TimeKey.Tests.Infrastructure.CardJsonAdapterTests" runstate="Runnable" seed="1028737627" result="Passed" start-time="2026-08-01 05:36:03Z" end-time="2026-08-01 05:36:03Z" duration="0.000041" asserts="0">
                  <properties>
                    <property name="retryIteration" value="0" />
                    <property name="repeatIteration" value="0" />
                  </properties>
                </test-case>
                <test-case id="1102" name="Parse_InvalidFrontImage_ThrowsFormatException(&quot;cards\\lighting.png&quot;)" fullname="TimeKey.Tests.Infrastructure.CardJsonAdapterTests.Parse_InvalidFrontImage_ThrowsFormatException(&quot;cards\\lighting.png&quot;)" methodname="Parse_InvalidFrontImage_ThrowsFormatException" classname="TimeKey.Tests.Infrastructure.CardJsonAdapterTests" runstate="Runnable" seed="608004714" result="Passed" start-time="2026-08-01 05:36:03Z" end-time="2026-08-01 05:36:03Z" duration="0.000038" asserts="0">
                  <properties>
                    <property name="retryIteration" value="0" />
                    <property name="repeatIteration" value="0" />
                  </properties>
                </test-case>
                <test-case id="1103" name="Parse_InvalidFrontImage_ThrowsFormatException(&quot;/lighting.png&quot;)" fullname="TimeKey.Tests.Infrastructure.CardJsonAdapterTests.Parse_InvalidFrontImage_ThrowsFormatException(&quot;/lighting.png&quot;)" methodname="Parse_InvalidFrontImage_ThrowsFormatException" classname="TimeKey.Tests.Infrastructure.CardJsonAdapterTests" runstate="Runnable" seed="899225641" result="Passed" start-time="2026-08-01 05:36:03Z" end-time="2026-08-01 05:36:03Z" duration="0.000040" asserts="0">
                  <properties>
                    <property name="retryIteration" value="0" />
                    <property name="repeatIteration" value="0" />
                  </properties>
                </test-case>
              </test-suite>
              <test-suite type="ParameterizedMethod" id="1107" name="Parse_InvalidShape_ThrowsFormatException" fullname="TimeKey.Tests.Infrastructure.CardJsonAdapterTests.Parse_InvalidShape_ThrowsFormatException" classname="TimeKey.Tests.Infrastructure.CardJsonAdapterTests" runstate="Runnable" testcasecount="2" result="Passed" start-time="2026-08-01 05:36:03Z" end-time="2026-08-01 05:36:03Z" duration="0.000463" total="2" passed="2" failed="0" inconclusive="0" skipped="0" asserts="0">
                <properties />
                <test-case id="1105" name="Parse_InvalidShape_ThrowsFormatException(&quot;1x&quot;)" fullname="TimeKey.Tests.Infrastructure.CardJsonAdapterTests.Parse_InvalidShape_ThrowsFormatException(&quot;1x&quot;)" methodname="Parse_InvalidShape_ThrowsFormatException" classname="TimeKey.Tests.Infrastructure.CardJsonAdapterTests" runstate="Runnable" seed="1496407666" result="Passed" start-time="2026-08-01 05:36:03Z" end-time="2026-08-01 05:36:03Z" duration="0.000195" asserts="0">
                  <properties>
                    <property name="retryIteration" value="0" />
                    <property name="repeatIteration" value="0" />
                  </properties>
                </test-case>
                <test-case id="1106" name="Parse_InvalidShape_ThrowsFormatException(&quot;x&quot;)" fullname="TimeKey.Tests.Infrastructure.CardJsonAdapterTests.Parse_InvalidShape_ThrowsFormatException(&quot;x&quot;)" methodname="Parse_InvalidShape_ThrowsFormatException" classname="TimeKey.Tests.Infrastructure.CardJsonAdapterTests" runstate="Runnable" seed="1919949267" result="Passed" start-time="2026-08-01 05:36:03Z" end-time="2026-08-01 05:36:03Z" duration="0.000065" asserts="0">
                  <properties>
                    <property name="retryIteration" value="0" />
                    <property name="repeatIteration" value="0" />
                  </properties>
                </test-case>
              </test-suite>
              <test-case id="1077" name="Parse_LightingFixture_PreservesLegacyValueProperty" fullname="TimeKey.Tests.Infrastructure.CardJsonAdapterTests.Parse_LightingFixture_PreservesLegacyValueProperty" methodname="Parse_LightingFixture_PreservesLegacyValueProperty" classname="TimeKey.Tests.Infrastructure.CardJsonAdapterTests" runstate="Runnable" seed="1799170970" result="Passed" start-time="2026-08-01 05:36:03Z" end-time="2026-08-01 05:36:03Z" duration="0.000605" asserts="0">
                <properties>
                  <property name="retryIteration" value="0" />
                  <property name="repeatIteration" value="0" />
                </properties>
              </test-case>
              <test-case id="1089" name="Parse_MissingEffects_ThrowsFormatException" fullname="TimeKey.Tests.Infrastructure.CardJsonAdapterTests.Parse_MissingEffects_ThrowsFormatException" methodname="Parse_MissingEffects_ThrowsFormatException" classname="TimeKey.Tests.Infrastructure.CardJsonAdapterTests" runstate="Runnable" seed="363181546" result="Passed" start-time="2026-08-01 05:36:03Z" end-time="2026-08-01 05:36:03Z" duration="0.000172" asserts="0">
                <properties>
                  <property name="retryIteration" value="0" />
                  <property name="repeatIteration" value="0" />
                </properties>
              </test-case>
              <test-case id="1088" name="Parse_MissingEffectValue_ThrowsFormatException" fullname="TimeKey.Tests.Infrastructure.CardJsonAdapterTests.Parse_MissingEffectValue_ThrowsFormatException" methodname="Parse_MissingEffectValue_ThrowsFormatException" classname="TimeKey.Tests.Infrastructure.CardJsonAdapterTests" runstate="Runnable" seed="792521168" result="Passed" start-time="2026-08-01 05:36:03Z" end-time="2026-08-01 05:36:03Z" duration="0.000161" asserts="0">
                <properties>
                  <property name="retryIteration" value="0" />
                  <property name="repeatIteration" value="0" />
                </properties>
              </test-case>
              <test-suite type="ParameterizedMethod" id="1076" name="Parse_RealFixture_PreservesContractFields" fullname="TimeKey.Tests.Infrastructure.CardJsonAdapterTests.Parse_RealFixture_PreservesContractFields" classname="TimeKey.Tests.Infrastructure.CardJsonAdapterTests" runstate="Runnable" testcasecount="7" result="Passed" start-time="2026-08-01 05:36:03Z" end-time="2026-08-01 05:36:03Z" duration="0.004397" total="7" passed="7" failed="0" inconclusive="0" skipped="0" asserts="0">
                <properties />
                <test-case id="1069" name="Parse_RealFixture_PreservesContractFields(lighting)" fullname="TimeKey.Tests.Infrastructure.CardJsonAdapterTests.Parse_RealFixture_PreservesContractFields(lighting)" methodname="Parse_RealFixture_PreservesContractFields" classname="TimeKey.Tests.Infrastructure.CardJsonAdapterTests" runstate="Runnable" seed="1206500163" result="Passed" start-time="2026-08-01 05:36:03Z" end-time="2026-08-01 05:36:03Z" duration="0.001106" asserts="0">
                  <properties>
                    <property name="retryIteration" value="0" />
                    <property name="repeatIteration" value="0" />
                  </properties>
                </test-case>
                <test-case id="1070" name="Parse_RealFixture_PreservesContractFields(earthquake)" fullname="TimeKey.Tests.Infrastructure.CardJsonAdapterTests.Parse_RealFixture_PreservesContractFields(earthquake)" methodname="Parse_RealFixture_PreservesContractFields" classname="TimeKey.Tests.Infrastructure.CardJsonAdapterTests" runstate="Runnable" seed="1416075314" result="Passed" start-time="2026-08-01 05:36:03Z" end-time="2026-08-01 05:36:03Z" duration="0.000424" asserts="0">
                  <properties>
                    <property name="retryIteration" value="0" />
                    <property name="repeatIteration" value="0" />
                  </properties>
                </test-case>
                <test-case id="1071" name="Parse_RealFixture_PreservesContractFields(wind)" fullname="TimeKey.Tests.Infrastructure.CardJsonAdapterTests.Parse_RealFixture_PreservesContractFields(wind)" methodname="Parse_RealFixture_PreservesContractFields" classname="TimeKey.Tests.Infrastructure.CardJsonAdapterTests" runstate="Runnable" seed="824241145" result="Passed" start-time="2026-08-01 05:36:03Z" end-time="2026-08-01 05:36:03Z" duration="0.000724" asserts="0">
                  <properties>
                    <property name="retryIteration" value="0" />
                    <property name="repeatIteration" value="0" />
                  </properties>
                </test-case>
                <test-case id="1072" name="Parse_RealFixture_PreservesContractFields(recover)" fullname="TimeKey.Tests.Infrastructure.CardJsonAdapterTests.Parse_RealFixture_PreservesContractFields(recover)" methodname="Parse_RealFixture_PreservesContractFields" classname="TimeKey.Tests.Infrastructure.CardJsonAdapterTests" runstate="Runnable" seed="1450715564" result="Passed" start-time="2026-08-01 05:36:03Z" end-time="2026-08-01 05:36:03Z" duration="0.000384" asserts="0">
                  <properties>
                    <property name="retryIteration" value="0" />
                    <property name="repeatIteration" value="0" />
                  </properties>
                </test-case>
                <test-case id="1073" name="Parse_RealFixture_PreservesContractFields(tower)" fullname="TimeKey.Tests.Infrastructure.CardJsonAdapterTests.Parse_RealFixture_PreservesContractFields(tower)" methodname="Parse_RealFixture_PreservesContractFields" classname="TimeKey.Tests.Infrastructure.CardJsonAdapterTests" runstate="Runnable" seed="1314644056" result="Passed" start-time="2026-08-01 05:36:03Z" end-time="2026-08-01 05:36:03Z" duration="0.000446" asserts="0">
                  <properties>
                    <property name="retryIteration" value="0" />
                    <property name="repeatIteration" value="0" />
                  </properties>
                </test-case>
                <test-case id="1074" name="Parse_RealFixture_PreservesContractFields(poison)" fullname="TimeKey.Tests.Infrastructure.CardJsonAdapterTests.Parse_RealFixture_PreservesContractFields(poison)" methodname="Parse_RealFixture_PreservesContractFields" classname="TimeKey.Tests.Infrastructure.CardJsonAdapterTests" runstate="Runnable" seed="201416760" result="Passed" start-time="2026-08-01 05:36:03Z" end-time="2026-08-01 05:36:03Z" duration="0.000348" asserts="0">
                  <properties>
                    <property name="retryIteration" value="0" />
                    <property name="repeatIteration" value="0" />
                  </properties>
                </test-case>
                <test-case id="1075" name="Parse_RealFixture_PreservesContractFields(tornado)" fullname="TimeKey.Tests.Infrastructure.CardJsonAdapterTests.Parse_RealFixture_PreservesContractFields(tornado)" methodname="Parse_RealFixture_PreservesContractFields" classname="TimeKey.Tests.Infrastructure.CardJsonAdapterTests" runstate="Runnable" seed="1113425922" result="Passed" start-time="2026-08-01 05:36:03Z" end-time="2026-08-01 05:36:03Z" duration="0.000394" asserts="0">
                  <properties>
                    <property name="retryIteration" value="0" />
                    <property name="repeatIteration" value="0" />
                  </properties>
                </test-case>
              </test-suite>
              <test-case id="1109" name="Parse_ShapeRows_AcceptsWhitespaceSeparators" fullname="TimeKey.Tests.Infrastructure.CardJsonAdapterTests.Parse_ShapeRows_AcceptsWhitespaceSeparators" methodname="Parse_ShapeRows_AcceptsWhitespaceSeparators" classname="TimeKey.Tests.Infrastructure.CardJsonAdapterTests" runstate="Runnable" seed="1590821066" result="Passed" start-time="2026-08-01 05:36:03Z" end-time="2026-08-01 05:36:03Z" duration="0.000618" asserts="0">
                <properties>
                  <property name="retryIteration" value="0" />
                  <property name="repeatIteration" value="0" />
                </properties>
              </test-case>
              <test-case id="1080" name="Parse_UnknownEffect_ThrowsFormatException" fullname="TimeKey.Tests.Infrastructure.CardJsonAdapterTests.Parse_UnknownEffect_ThrowsFormatException" methodname="Parse_UnknownEffect_ThrowsFormatException" classname="TimeKey.Tests.Infrastructure.CardJsonAdapterTests" runstate="Runnable" seed="708330199" result="Passed" start-time="2026-08-01 05:36:03Z" end-time="2026-08-01 05:36:03Z" duration="0.000223" asserts="0">
                <properties>
                  <property name="retryIteration" value="0" />
                  <property name="repeatIteration" value="0" />
                </properties>
              </test-case>
              <test-case id="1079" name="TryParse_MissingStableId_ReturnsExplicitFailure" fullname="TimeKey.Tests.Infrastructure.CardJsonAdapterTests.TryParse_MissingStableId_ReturnsExplicitFailure" methodname="TryParse_MissingStableId_ReturnsExplicitFailure" classname="TimeKey.Tests.Infrastructure.CardJsonAdapterTests" runstate="Runnable" seed="2087279460" result="Passed" start-time="2026-08-01 05:36:03Z" end-time="2026-08-01 05:36:03Z" duration="0.000399" asserts="0">
                <properties>
                  <property name="retryIteration" value="0" />
                  <property name="repeatIteration" value="0" />
                </properties>
                <output><![CDATA[Saving results to: C:/Users/bulbel/AppData/LocalLow/TimeKey/Time Key Unity Slice\TestResults.xml
]]></output>
              </test-case>
            </test-suite>
          </test-suite>
        </test-suite>
      </test-suite>
    </test-suite>
  </test-suite>
</test-run>