<?xml version="1.0" encoding="utf-8"?>
<test-run id="2" testcasecount="26" result="Passed" total="26" passed="26" failed="0" inconclusive="0" skipped="0" asserts="0" engine-version="3.5.0.0" clr-version="4.0.30319.42000" start-time="2026-08-01 05:37:11Z" end-time="2026-08-01 05:37:20Z" duration="8.6805086">
  <test-suite type="TestSuite" id="1042" name="Time Key Unity Slice" fullname="Time Key Unity Slice" runstate="Runnable" testcasecount="26" result="Passed" start-time="2026-08-01 05:37:11Z" end-time="2026-08-01 05:37:20Z" duration="8.680509" total="26" passed="26" failed="0" inconclusive="0" skipped="0" asserts="0">
    <properties>
      <property name="platform" value="PlayMode" />
    </properties>
    <test-suite type="Assembly" id="1033" name="TimeKey.Tests.PlayMode.dll" fullname="D:/timekey-unity-731/Library/ScriptAssemblies/TimeKey.Tests.PlayMode.dll" runstate="Runnable" testcasecount="26" result="Passed" start-time="2026-08-01 05:37:11Z" end-time="2026-08-01 05:37:20Z" duration="8.673929" total="26" passed="26" failed="0" inconclusive="0" skipped="0" asserts="0">
      <properties>
        <property name="_PID" value="36500" />
        <property name="_APPDOMAIN" value="Unity Child Domain" />
        <property name="platform" value="PlayMode" />
        <property name="EditorOnly" value="False" />
      </properties>
      <test-suite type="TestSuite" id="1034" name="TimeKey" fullname="TimeKey" runstate="Runnable" testcasecount="26" result="Passed" start-time="2026-08-01 05:37:11Z" end-time="2026-08-01 05:37:20Z" duration="8.673295" total="26" passed="26" failed="0" inconclusive="0" skipped="0" asserts="0">
        <properties />
        <test-suite type="TestSuite" id="1035" name="Tests" fullname="TimeKey.Tests" runstate="Runnable" testcasecount="26" result="Passed" start-time="2026-08-01 05:37:11Z" end-time="2026-08-01 05:37:20Z" duration="8.673026" total="26" passed="26" failed="0" inconclusive="0" skipped="0" asserts="0">
          <properties />
          <test-suite type="TestSuite" id="1036" name="PlayMode" fullname="TimeKey.Tests.PlayMode" runstate="Runnable" testcasecount="26" result="Passed" start-time="2026-08-01 05:37:11Z" end-time="2026-08-01 05:37:20Z" duration="8.672758" total="26" passed="26" failed="0" inconclusive="0" skipped="0" asserts="0">
            <properties />
            <test-suite type="TestSuite" id="1039" name="Cards" fullname="TimeKey.Tests.PlayMode.Cards" runstate="Runnable" testcasecount="9" result="Passed" start-time="2026-08-01 05:37:11Z" end-time="2026-08-01 05:37:18Z" duration="7.001371" total="9" passed="9" failed="0" inconclusive="0" skipped="0" asserts="0">
              <properties />
              <test-suite type="TestFixture" id="1022" name="CardHandHostTests" fullname="TimeKey.Tests.PlayMode.Cards.CardHandHostTests" classname="TimeKey.Tests.PlayMode.Cards.CardHandHostTests" runstate="Runnable" testcasecount="5" result="Passed" start-time="2026-08-01 05:37:11Z" end-time="2026-08-01 05:37:12Z" duration="0.798924" total="5" passed="5" failed="0" inconclusive="0" skipped="0" asserts="0">
                <properties />
                <test-case id="1023" name="Build_MapsOrderedIdsAndIsIdempotent" fullname="TimeKey.Tests.PlayMode.Cards.CardHandHostTests.Build_MapsOrderedIdsAndIsIdempotent" methodname="Build_MapsOrderedIdsAndIsIdempotent" classname="TimeKey.Tests.PlayMode.Cards.CardHandHostTests" runstate="Runnable" seed="1535237069" result="Passed" start-time="2026-08-01 05:37:11Z" end-time="2026-08-01 05:37:12Z" duration="0.521203" asserts="0">
                  <properties>
                    <property name="_JOINTYPE" value="UnityCombinatorial" />
                    <property name="retryIteration" value="0" />
                    <property name="repeatIteration" value="0" />
                  </properties>
                </test-case>
                <test-case id="1026" name="DisabledHost_ConsumesPointersWithoutSelection" fullname="TimeKey.Tests.PlayMode.Cards.CardHandHostTests.DisabledHost_ConsumesPointersWithoutSelection" methodname="DisabledHost_ConsumesPointersWithoutSelection" classname="TimeKey.Tests.PlayMode.Cards.CardHandHostTests" runstate="Runnable" seed="1811372308" result="Passed" start-time="2026-08-01 05:37:12Z" end-time="2026-08-01 05:37:12Z" duration="0.008178" asserts="0">
                  <properties>
                    <property name="_JOINTYPE" value="UnityCombinatorial" />
                    <property name="retryIteration" value="0" />
                    <property name="repeatIteration" value="0" />
                  </properties>
                </test-case>
                <test-case id="1025" name="DragEvents_BelongToOriginatingCardAndRestoreParent" fullname="TimeKey.Tests.PlayMode.Cards.CardHandHostTests.DragEvents_BelongToOriginatingCardAndRestoreParent" methodname="DragEvents_BelongToOriginatingCardAndRestoreParent" classname="TimeKey.Tests.PlayMode.Cards.CardHandHostTests" runstate="Runnable" seed="2030777725" result="Passed" start-time="2026-08-01 05:37:12Z" end-time="2026-08-01 05:37:12Z" duration="0.012443" asserts="0">
                  <properties>
                    <property name="_JOINTYPE" value="UnityCombinatorial" />
                    <property name="retryIteration" value="0" />
                    <property name="repeatIteration" value="0" />
                  </properties>
                </test-case>
                <test-case id="1027" name="RenderedTwoCardStates_FitThreeViewportsAndWriteEvidence" fullname="TimeKey.Tests.PlayMode.Cards.CardHandHostTests.RenderedTwoCardStates_FitThreeViewportsAndWriteEvidence" methodname="RenderedTwoCardStates_FitThreeViewportsAndWriteEvidence" classname="TimeKey.Tests.PlayMode.Cards.CardHandHostTests" runstate="Runnable" seed="248910535" result="Passed" start-time="2026-08-01 05:37:12Z" end-time="2026-08-01 05:37:12Z" duration="0.238666" asserts="0">
                  <properties>
                    <property name="_JOINTYPE" value="UnityCombinatorial" />
                    <property name="retryIteration" value="0" />
                    <property name="repeatIteration" value="0" />
                  </properties>
                </test-case>
                <test-case id="1024" name="SelectingSecondCard_CancelsFirstAndRestoresBothPoses" fullname="TimeKey.Tests.PlayMode.Cards.CardHandHostTests.SelectingSecondCard_CancelsFirstAndRestoresBothPoses" methodname="SelectingSecondCard_CancelsFirstAndRestoresBothPoses" classname="TimeKey.Tests.PlayMode.Cards.CardHandHostTests" runstate="Runnable" seed="677050821" result="Passed" start-time="2026-08-01 05:37:12Z" end-time="2026-08-01 05:37:12Z" duration="0.008501" asserts="0">
                  <properties>
                    <property name="_JOINTYPE" value="UnityCombinatorial" />
                    <property name="retryIteration" value="0" />
                    <property name="repeatIteration" value="0" />
                  </properties>
                </test-case>
              </test-suite>
              <test-suite type="TestFixture" id="1028" name="CardHandViewTests" fullname="TimeKey.Tests.PlayMode.Cards.CardHandViewTests" classname="TimeKey.Tests.PlayMode.Cards.CardHandViewTests" runstate="Runnable" testcasecount="4" result="Passed" start-time="2026-08-01 05:37:12Z" end-time="2026-08-01 05:37:18Z" duration="6.201473" total="4" passed="4" failed="0" inconclusive="0" skipped="0" asserts="0">
                <properties />
                <test-case id="1030" name="Drag_EmitsPhasesConsumesInputAndRestoresPose" fullname="TimeKey.Tests.PlayMode.Cards.CardHandViewTests.Drag_EmitsPhasesConsumesInputAndRestoresPose" methodname="Drag_EmitsPhasesConsumesInputAndRestoresPose" classname="TimeKey.Tests.PlayMode.Cards.CardHandViewTests" runstate="Runnable" seed="482010768" result="Passed" start-time="2026-08-01 05:37:12Z" end-time="2026-08-01 05:37:13Z" duration="0.361792" asserts="0">
                  <properties>
                    <property name="_JOINTYPE" value="UnityCombinatorial" />
                    <property name="retryIteration" value="0" />
                    <property name="repeatIteration" value="0" />
                  </properties>
                </test-case>
                <test-case id="1029" name="HoverSelectAndCancel_AreStableAndEmitOnce" fullname="TimeKey.Tests.PlayMode.Cards.CardHandViewTests.HoverSelectAndCancel_AreStableAndEmitOnce" methodname="HoverSelectAndCancel_AreStableAndEmitOnce" classname="TimeKey.Tests.PlayMode.Cards.CardHandViewTests" runstate="Runnable" seed="1417229505" result="Passed" start-time="2026-08-01 05:37:13Z" end-time="2026-08-01 05:37:13Z" duration="0.856813" asserts="0">
                  <properties>
                    <property name="_JOINTYPE" value="UnityCombinatorial" />
                    <property name="retryIteration" value="0" />
                    <property name="repeatIteration" value="0" />
                  </properties>
                </test-case>
                <test-case id="1032" name="RenderedStates_FitThreeViewportsAndHaveDistinctCardPixels" fullname="TimeKey.Tests.PlayMode.Cards.CardHandViewTests.RenderedStates_FitThreeViewportsAndHaveDistinctCardPixels" methodname="RenderedStates_FitThreeViewportsAndHaveDistinctCardPixels" classname="TimeKey.Tests.PlayMode.Cards.CardHandViewTests" runstate="Runnable" seed="1574381897" result="Passed" start-time="2026-08-01 05:37:13Z" end-time="2026-08-01 05:37:18Z" duration="4.955320" asserts="0">
                  <properties>
                    <property name="_JOINTYPE" value="UnityCombinatorial" />
                    <property name="retryIteration" value="0" />
                    <property name="repeatIteration" value="0" />
                  </properties>
                </test-case>
                <test-case id="1031" name="RepeatedBuild_DoesNotDuplicateHierarchyOrEventsAndStillBlocksPointers" fullname="TimeKey.Tests.PlayMode.Cards.CardHandViewTests.RepeatedBuild_DoesNotDuplicateHierarchyOrEventsAndStillBlocksPointers" methodname="RepeatedBuild_DoesNotDuplicateHierarchyOrEventsAndStillBlocksPointers" classname="TimeKey.Tests.PlayMode.Cards.CardHandViewTests" runstate="Runnable" seed="619834835" result="Passed" start-time="2026-08-01 05:37:18Z" end-time="2026-08-01 05:37:18Z" duration="0.025386" asserts="0">
                  <properties>
                    <property name="_JOINTYPE" value="UnityCombinatorial" />
                    <property name="retryIteration" value="0" />
                    <property name="repeatIteration" value="0" />
                  </properties>
                </test-case>
              </test-suite>
            </test-suite>
            <test-suite type="TestFixture" id="1001" name="CombatVerticalSliceTests" fullname="TimeKey.Tests.PlayMode.CombatVerticalSliceTests" classname="TimeKey.Tests.PlayMode.CombatVerticalSliceTests" runstate="Runnable" testcasecount="10" result="Passed" start-time="2026-08-01 05:37:18Z" end-time="2026-08-01 05:37:20Z" duration="1.521703" total="10" passed="10" failed="0" inconclusive="0" skipped="0" asserts="0">
              <properties />
              <test-case id="1005" name="BoardSelection_IsStableAndInterfaceBlocksWorldInput" fullname="TimeKey.Tests.PlayMode.CombatVerticalSliceTests.BoardSelection_IsStableAndInterfaceBlocksWorldInput" methodname="BoardSelection_IsStableAndInterfaceBlocksWorldInput" classname="TimeKey.Tests.PlayMode.CombatVerticalSliceTests" runstate="Runnable" seed="1727647" result="Passed" start-time="2026-08-01 05:37:18Z" end-time="2026-08-01 05:37:19Z" duration="0.359365" asserts="0">
                <properties>
                  <property name="_JOINTYPE" value="UnityCombinatorial" />
                  <property name="retryIteration" value="0" />
                  <property name="repeatIteration" value="0" />
                </properties>
              </test-case>
              <test-case id="1011" name="CardArtwork_BlocksWorldInputAndKeepsOriginalAspect" fullname="TimeKey.Tests.PlayMode.CombatVerticalSliceTests.CardArtwork_BlocksWorldInputAndKeepsOriginalAspect" methodname="CardArtwork_BlocksWorldInputAndKeepsOriginalAspect" classname="TimeKey.Tests.PlayMode.CombatVerticalSliceTests" runstate="Runnable" seed="1888297847" result="Passed" start-time="2026-08-01 05:37:19Z" end-time="2026-08-01 05:37:19Z" duration="0.136662" asserts="0">
                <properties>
                  <property name="_JOINTYPE" value="UnityCombinatorial" />
                  <property name="retryIteration" value="0" />
                  <property name="repeatIteration" value="0" />
                </properties>
              </test-case>
              <test-case id="1007" name="CardSelectionAndCancel_RestoreHandAndOrbitInput" fullname="TimeKey.Tests.PlayMode.CombatVerticalSliceTests.CardSelectionAndCancel_RestoreHandAndOrbitInput" methodname="CardSelectionAndCancel_RestoreHandAndOrbitInput" classname="TimeKey.Tests.PlayMode.CombatVerticalSliceTests" runstate="Runnable" seed="322382919" result="Passed" start-time="2026-08-01 05:37:19Z" end-time="2026-08-01 05:37:19Z" duration="0.125227" asserts="0">
                <properties>
                  <property name="_JOINTYPE" value="UnityCombinatorial" />
                  <property name="retryIteration" value="0" />
                  <property name="repeatIteration" value="0" />
                </properties>
              </test-case>
              <test-case id="1006" name="CompletePath_ResolvesLightingBeforeEnemyIntent" fullname="TimeKey.Tests.PlayMode.CombatVerticalSliceTests.CompletePath_ResolvesLightingBeforeEnemyIntent" methodname="CompletePath_ResolvesLightingBeforeEnemyIntent" classname="TimeKey.Tests.PlayMode.CombatVerticalSliceTests" runstate="Runnable" seed="1188190539" result="Passed" start-time="2026-08-01 05:37:19Z" end-time="2026-08-01 05:37:19Z" duration="0.134288" asserts="0">
                <properties>
                  <property name="_JOINTYPE" value="UnityCombinatorial" />
                  <property name="retryIteration" value="0" />
                  <property name="repeatIteration" value="0" />
                </properties>
              </test-case>
              <test-case id="1009" name="Earthquake_RaisesSevenRealColumnsAndKeepsCardinalSelection" fullname="TimeKey.Tests.PlayMode.CombatVerticalSliceTests.Earthquake_RaisesSevenRealColumnsAndKeepsCardinalSelection" methodname="Earthquake_RaisesSevenRealColumnsAndKeepsCardinalSelection" classname="TimeKey.Tests.PlayMode.CombatVerticalSliceTests" runstate="Runnable" seed="491299026" result="Passed" start-time="2026-08-01 05:37:19Z" end-time="2026-08-01 05:37:19Z" duration="0.134974" asserts="0">
                <properties>
                  <property name="_JOINTYPE" value="UnityCombinatorial" />
                  <property name="retryIteration" value="0" />
                  <property name="repeatIteration" value="0" />
                </properties>
              </test-case>
              <test-case id="1004" name="OrbitCamera_ClampsBoundsAndKeepsTargetSelectableAtCardinalAngles" fullname="TimeKey.Tests.PlayMode.CombatVerticalSliceTests.OrbitCamera_ClampsBoundsAndKeepsTargetSelectableAtCardinalAngles" methodname="OrbitCamera_ClampsBoundsAndKeepsTargetSelectableAtCardinalAngles" classname="TimeKey.Tests.PlayMode.CombatVerticalSliceTests" runstate="Runnable" seed="1701628932" result="Passed" start-time="2026-08-01 05:37:19Z" end-time="2026-08-01 05:37:19Z" duration="0.126167" asserts="0">
                <properties>
                  <property name="_JOINTYPE" value="UnityCombinatorial" />
                  <property name="retryIteration" value="0" />
                  <property name="repeatIteration" value="0" />
                </properties>
              </test-case>
              <test-case id="1002" name="SceneBuild_IsCompleteAndIdempotent" fullname="TimeKey.Tests.PlayMode.CombatVerticalSliceTests.SceneBuild_IsCompleteAndIdempotent" methodname="SceneBuild_IsCompleteAndIdempotent" classname="TimeKey.Tests.PlayMode.CombatVerticalSliceTests" runstate="Runnable" seed="1411815668" result="Passed" start-time="2026-08-01 05:37:19Z" end-time="2026-08-01 05:37:20Z" duration="0.127983" asserts="0">
                <properties>
                  <property name="_JOINTYPE" value="UnityCombinatorial" />
                  <property name="retryIteration" value="0" />
                  <property name="repeatIteration" value="0" />
                </properties>
              </test-case>
              <test-case id="1003" name="SerializedScene_DisableEnableAndRepeatedBuildDoNotDuplicateRuntimeContent" fullname="TimeKey.Tests.PlayMode.CombatVerticalSliceTests.SerializedScene_DisableEnableAndRepeatedBuildDoNotDuplicateRuntimeContent" methodname="SerializedScene_DisableEnableAndRepeatedBuildDoNotDuplicateRuntimeContent" classname="TimeKey.Tests.PlayMode.CombatVerticalSliceTests" runstate="Runnable" seed="1648277301" result="Passed" start-time="2026-08-01 05:37:20Z" end-time="2026-08-01 05:37:20Z" duration="0.126320" asserts="0">
                <properties>
                  <property name="_JOINTYPE" value="UnityCombinatorial" />
                  <property name="retryIteration" value="0" />
                  <property name="repeatIteration" value="0" />
                </properties>
              </test-case>
              <test-case id="1010" name="TargetAndTimelinePreview_DoNotMutateUntilCommitAndSurviveOrbitChanges" fullname="TimeKey.Tests.PlayMode.CombatVerticalSliceTests.TargetAndTimelinePreview_DoNotMutateUntilCommitAndSurviveOrbitChanges" methodname="TargetAndTimelinePreview_DoNotMutateUntilCommitAndSurviveOrbitChanges" classname="TimeKey.Tests.PlayMode.CombatVerticalSliceTests" runstate="Runnable" seed="890709244" result="Passed" start-time="2026-08-01 05:37:20Z" end-time="2026-08-01 05:37:20Z" duration="0.123100" asserts="0">
                <properties>
                  <property name="_JOINTYPE" value="UnityCombinatorial" />
                  <property name="retryIteration" value="0" />
                  <property name="repeatIteration" value="0" />
                </properties>
              </test-case>
              <test-case id="1008" name="TwoCardHand_UsesFrontImagesAndSwitchesSelection" fullname="TimeKey.Tests.PlayMode.CombatVerticalSliceTests.TwoCardHand_UsesFrontImagesAndSwitchesSelection" methodname="TwoCardHand_UsesFrontImagesAndSwitchesSelection" classname="TimeKey.Tests.PlayMode.CombatVerticalSliceTests" runstate="Runnable" seed="453348523" result="Passed" start-time="2026-08-01 05:37:20Z" end-time="2026-08-01 05:37:20Z" duration="0.125721" asserts="0">
                <properties>
                  <property name="_JOINTYPE" value="UnityCombinatorial" />
                  <property name="retryIteration" value="0" />
                  <property name="repeatIteration" value="0" />
                </properties>
              </test-case>
            </test-suite>
            <test-suite type="TestSuite" id="1038" name="Targeting" fullname="TimeKey.Tests.PlayMode.Targeting" runstate="Runnable" testcasecount="4" result="Passed" start-time="2026-08-01 05:37:20Z" end-time="2026-08-01 05:37:20Z" duration="0.141319" total="4" passed="4" failed="0" inconclusive="0" skipped="0" asserts="0">
              <properties />
              <test-suite type="TestFixture" id="1016" name="TargetPreviewBehaviorTests" fullname="TimeKey.Tests.PlayMode.Targeting.TargetPreviewBehaviorTests" classname="TimeKey.Tests.PlayMode.Targeting.TargetPreviewBehaviorTests" runstate="Runnable" testcasecount="3" result="Passed" start-time="2026-08-01 05:37:20Z" end-time="2026-08-01 05:37:20Z" duration="0.017602" total="3" passed="3" failed="0" inconclusive="0" skipped="0" asserts="0">
                <properties />
                <test-case id="1018" name="BoardRange_ProjectsUniqueCoordinatesReportsMissingAndRestoresBlocks" fullname="TimeKey.Tests.PlayMode.Targeting.TargetPreviewBehaviorTests.BoardRange_ProjectsUniqueCoordinatesReportsMissingAndRestoresBlocks" methodname="BoardRange_ProjectsUniqueCoordinatesReportsMissingAndRestoresBlocks" classname="TimeKey.Tests.PlayMode.Targeting.TargetPreviewBehaviorTests" runstate="Runnable" seed="695215757" result="Passed" start-time="2026-08-01 05:37:20Z" end-time="2026-08-01 05:37:20Z" duration="0.011510" asserts="0">
                  <properties>
                    <property name="_JOINTYPE" value="UnityCombinatorial" />
                    <property name="retryIteration" value="0" />
                    <property name="repeatIteration" value="0" />
                  </properties>
                </test-case>
                <test-case id="1017" name="Palette_ProvidesSixDistinctStates" fullname="TimeKey.Tests.PlayMode.Targeting.TargetPreviewBehaviorTests.Palette_ProvidesSixDistinctStates" methodname="Palette_ProvidesSixDistinctStates" classname="TimeKey.Tests.PlayMode.Targeting.TargetPreviewBehaviorTests" runstate="Runnable" seed="352742928" result="Passed" start-time="2026-08-01 05:37:20Z" end-time="2026-08-01 05:37:20Z" duration="0.002294" asserts="0">
                  <properties>
                    <property name="retryIteration" value="0" />
                    <property name="repeatIteration" value="0" />
                  </properties>
                </test-case>
                <test-case id="1019" name="TimelinePreview_UsesDomainValidityAndRestoresPerCellColors" fullname="TimeKey.Tests.PlayMode.Targeting.TargetPreviewBehaviorTests.TimelinePreview_UsesDomainValidityAndRestoresPerCellColors" methodname="TimelinePreview_UsesDomainValidityAndRestoresPerCellColors" classname="TimeKey.Tests.PlayMode.Targeting.TargetPreviewBehaviorTests" runstate="Runnable" seed="1915637855" result="Passed" start-time="2026-08-01 05:37:20Z" end-time="2026-08-01 05:37:20Z" duration="0.002514" asserts="0">
                  <properties>
                    <property name="_JOINTYPE" value="UnityCombinatorial" />
                    <property name="retryIteration" value="0" />
                    <property name="repeatIteration" value="0" />
                  </properties>
                </test-case>
              </test-suite>
              <test-suite type="TestFixture" id="1020" name="TargetPreviewVisualTests" fullname="TimeKey.Tests.PlayMode.Targeting.TargetPreviewVisualTests" classname="TimeKey.Tests.PlayMode.Targeting.TargetPreviewVisualTests" runstate="Runnable" testcasecount="1" result="Passed" start-time="2026-08-01 05:37:20Z" end-time="2026-08-01 05:37:20Z" duration="0.121435" total="1" passed="1" failed="0" inconclusive="0" skipped="0" asserts="0">
                <properties />
                <test-case id="1021" name="CardinalYaw_KeepsRangeCoordinatesAndRendersStackedHighlightsAndInvalidTimeline" fullname="TimeKey.Tests.PlayMode.Targeting.TargetPreviewVisualTests.CardinalYaw_KeepsRangeCoordinatesAndRendersStackedHighlightsAndInvalidTimeline" methodname="CardinalYaw_KeepsRangeCoordinatesAndRendersStackedHighlightsAndInvalidTimeline" classname="TimeKey.Tests.PlayMode.Targeting.TargetPreviewVisualTests" runstate="Runnable" seed="110263199" result="Passed" start-time="2026-08-01 05:37:20Z" end-time="2026-08-01 05:37:20Z" duration="0.120829" asserts="0">
                  <properties>
                    <property name="_JOINTYPE" value="UnityCombinatorial" />
                    <property name="retryIteration" value="0" />
                    <property name="repeatIteration" value="0" />
                  </properties>
                </test-case>
              </test-suite>
            </test-suite>
            <test-suite type="TestSuite" id="1037" name="Terrain" fullname="TimeKey.Tests.PlayMode.Terrain" runstate="Runnable" testcasecount="3" result="Passed" start-time="2026-08-01 05:37:20Z" end-time="2026-08-01 05:37:20Z" duration="0.007980" total="3" passed="3" failed="0" inconclusive="0" skipped="0" asserts="0">
              <properties />
              <test-suite type="TestFixture" id="1012" name="HexTileColumnTests" fullname="TimeKey.Tests.PlayMode.Terrain.HexTileColumnTests" classname="TimeKey.Tests.PlayMode.Terrain.HexTileColumnTests" runstate="Runnable" testcasecount="3" result="Passed" start-time="2026-08-01 05:37:20Z" end-time="2026-08-01 05:37:20Z" duration="0.007344" total="3" passed="3" failed="0" inconclusive="0" skipped="0" asserts="0">
                <properties />
                <test-case id="1014" name="ApplyLogicalLayerCount_IsIdempotentAndShrinksWithoutGhosts" fullname="TimeKey.Tests.PlayMode.Terrain.HexTileColumnTests.ApplyLogicalLayerCount_IsIdempotentAndShrinksWithoutGhosts" methodname="ApplyLogicalLayerCount_IsIdempotentAndShrinksWithoutGhosts" classname="TimeKey.Tests.PlayMode.Terrain.HexTileColumnTests" runstate="Runnable" seed="1825106282" result="Passed" start-time="2026-08-01 05:37:20Z" end-time="2026-08-01 05:37:20Z" duration="0.002991" asserts="0">
                  <properties>
                    <property name="_JOINTYPE" value="UnityCombinatorial" />
                    <property name="retryIteration" value="0" />
                    <property name="repeatIteration" value="0" />
                  </properties>
                </test-case>
                <test-case id="1013" name="ApplyLogicalLayerCount_UsesIndependentBlocksAndBounds" fullname="TimeKey.Tests.PlayMode.Terrain.HexTileColumnTests.ApplyLogicalLayerCount_UsesIndependentBlocksAndBounds" methodname="ApplyLogicalLayerCount_UsesIndependentBlocksAndBounds" classname="TimeKey.Tests.PlayMode.Terrain.HexTileColumnTests" runstate="Runnable" seed="1006824110" result="Passed" start-time="2026-08-01 05:37:20Z" end-time="2026-08-01 05:37:20Z" duration="0.002083" asserts="0">
                  <properties>
                    <property name="_JOINTYPE" value="UnityCombinatorial" />
                    <property name="retryIteration" value="0" />
                    <property name="repeatIteration" value="0" />
                  </properties>
                </test-case>
                <test-case id="1015" name="Clear_RemovesAllBlocksAndResetsAnchor" fullname="TimeKey.Tests.PlayMode.Terrain.HexTileColumnTests.Clear_RemovesAllBlocksAndResetsAnchor" methodname="Clear_RemovesAllBlocksAndResetsAnchor" classname="TimeKey.Tests.PlayMode.Terrain.HexTileColumnTests" runstate="Runnable" seed="1756691229" result="Passed" start-time="2026-08-01 05:37:20Z" end-time="2026-08-01 05:37:20Z" duration="0.001480" asserts="0">
                  <properties>
                    <property name="_JOINTYPE" value="UnityCombinatorial" />
                    <property name="retryIteration" value="0" />
                    <property name="repeatIteration" value="0" />
                  </properties>
                  <output><![CDATA[Saving results to: C:/Users/bulbel/AppData/LocalLow/TimeKey/Time Key Unity Slice\TestResults.xml
]]></output>
                </test-case>
              </test-suite>
            </test-suite>
          </test-suite>
        </test-suite>
      </test-suite>
    </test-suite>
  </test-suite>
</test-run>